[2024-11-16T00:16:10.037+0000] {processor.py:161} INFO - Started process (PID=66) to work on /home/airflow/.local/lib/python3.12/site-packages/airflow/example_dags/example_display_name.py
[2024-11-16T00:16:10.038+0000] {processor.py:830} INFO - Processing file /home/airflow/.local/lib/python3.12/site-packages/airflow/example_dags/example_display_name.py for tasks to queue
[2024-11-16T00:16:10.040+0000] {logging_mixin.py:188} INFO - [2024-11-16T00:16:10.040+0000] {dagbag.py:540} INFO - Filling up the DagBag from /home/airflow/.local/lib/python3.12/site-packages/airflow/example_dags/example_display_name.py
[2024-11-16T00:16:10.048+0000] {processor.py:840} INFO - DAG(s) 'example_display_name' retrieved from /home/airflow/.local/lib/python3.12/site-packages/airflow/example_dags/example_display_name.py
[2024-11-16T00:16:10.088+0000] {logging_mixin.py:188} INFO - [2024-11-16T00:16:10.088+0000] {dag.py:3096} INFO - Sync 1 DAGs
[2024-11-16T00:16:10.099+0000] {logging_mixin.py:188} INFO - [2024-11-16T00:16:10.099+0000] {dag.py:3954} INFO - Setting next_dagrun for example_display_name to None, run_after=None
[2024-11-16T00:16:10.117+0000] {processor.py:183} INFO - Processing /home/airflow/.local/lib/python3.12/site-packages/airflow/example_dags/example_display_name.py took 0.095 seconds
[2024-11-16T00:16:40.447+0000] {processor.py:161} INFO - Started process (PID=123) to work on /home/airflow/.local/lib/python3.12/site-packages/airflow/example_dags/example_display_name.py
[2024-11-16T00:16:40.448+0000] {processor.py:830} INFO - Processing file /home/airflow/.local/lib/python3.12/site-packages/airflow/example_dags/example_display_name.py for tasks to queue
[2024-11-16T00:16:40.450+0000] {logging_mixin.py:188} INFO - [2024-11-16T00:16:40.449+0000] {dagbag.py:540} INFO - Filling up the DagBag from /home/airflow/.local/lib/python3.12/site-packages/airflow/example_dags/example_display_name.py
[2024-11-16T00:16:40.454+0000] {processor.py:840} INFO - DAG(s) 'example_display_name' retrieved from /home/airflow/.local/lib/python3.12/site-packages/airflow/example_dags/example_display_name.py
[2024-11-16T00:16:40.469+0000] {logging_mixin.py:188} INFO - [2024-11-16T00:16:40.469+0000] {dag.py:3096} INFO - Sync 1 DAGs
[2024-11-16T00:16:40.481+0000] {logging_mixin.py:188} INFO - [2024-11-16T00:16:40.480+0000] {dag.py:3954} INFO - Setting next_dagrun for example_display_name to None, run_after=None
[2024-11-16T00:16:40.496+0000] {processor.py:183} INFO - Processing /home/airflow/.local/lib/python3.12/site-packages/airflow/example_dags/example_display_name.py took 0.053 seconds
[2024-11-16T00:17:11.133+0000] {processor.py:161} INFO - Started process (PID=177) to work on /home/airflow/.local/lib/python3.12/site-packages/airflow/example_dags/example_display_name.py
[2024-11-16T00:17:11.134+0000] {processor.py:830} INFO - Processing file /home/airflow/.local/lib/python3.12/site-packages/airflow/example_dags/example_display_name.py for tasks to queue
[2024-11-16T00:17:11.136+0000] {logging_mixin.py:188} INFO - [2024-11-16T00:17:11.135+0000] {dagbag.py:540} INFO - Filling up the DagBag from /home/airflow/.local/lib/python3.12/site-packages/airflow/example_dags/example_display_name.py
[2024-11-16T00:17:11.140+0000] {processor.py:840} INFO - DAG(s) 'example_display_name' retrieved from /home/airflow/.local/lib/python3.12/site-packages/airflow/example_dags/example_display_name.py
[2024-11-16T00:17:11.156+0000] {logging_mixin.py:188} INFO - [2024-11-16T00:17:11.155+0000] {dag.py:3096} INFO - Sync 1 DAGs
[2024-11-16T00:17:11.165+0000] {logging_mixin.py:188} INFO - [2024-11-16T00:17:11.165+0000] {dag.py:3954} INFO - Setting next_dagrun for example_display_name to None, run_after=None
[2024-11-16T00:17:11.180+0000] {processor.py:183} INFO - Processing /home/airflow/.local/lib/python3.12/site-packages/airflow/example_dags/example_display_name.py took 0.051 seconds
