[2024-11-16T00:16:08.269+0000] {processor.py:161} INFO - Started process (PID=45) to work on /home/airflow/.local/lib/python3.12/site-packages/airflow/example_dags/example_latest_only.py
[2024-11-16T00:16:08.270+0000] {processor.py:830} INFO - Processing file /home/airflow/.local/lib/python3.12/site-packages/airflow/example_dags/example_latest_only.py for tasks to queue
[2024-11-16T00:16:08.271+0000] {logging_mixin.py:188} INFO - [2024-11-16T00:16:08.271+0000] {dagbag.py:540} INFO - Filling up the DagBag from /home/airflow/.local/lib/python3.12/site-packages/airflow/example_dags/example_latest_only.py
[2024-11-16T00:16:08.277+0000] {processor.py:840} INFO - DAG(s) 'latest_only' retrieved from /home/airflow/.local/lib/python3.12/site-packages/airflow/example_dags/example_latest_only.py
[2024-11-16T00:16:08.299+0000] {logging_mixin.py:188} INFO - [2024-11-16T00:16:08.299+0000] {dag.py:3096} INFO - Sync 1 DAGs
[2024-11-16T00:16:08.328+0000] {logging_mixin.py:188} INFO - [2024-11-16T00:16:08.327+0000] {dag.py:3954} INFO - Setting next_dagrun for latest_only to 2024-11-15 20:00:00+00:00, run_after=2024-11-16 00:00:00+00:00
[2024-11-16T00:16:08.354+0000] {processor.py:183} INFO - Processing /home/airflow/.local/lib/python3.12/site-packages/airflow/example_dags/example_latest_only.py took 0.089 seconds
[2024-11-16T00:16:39.297+0000] {processor.py:161} INFO - Started process (PID=102) to work on /home/airflow/.local/lib/python3.12/site-packages/airflow/example_dags/example_latest_only.py
[2024-11-16T00:16:39.299+0000] {processor.py:830} INFO - Processing file /home/airflow/.local/lib/python3.12/site-packages/airflow/example_dags/example_latest_only.py for tasks to queue
[2024-11-16T00:16:39.300+0000] {logging_mixin.py:188} INFO - [2024-11-16T00:16:39.300+0000] {dagbag.py:540} INFO - Filling up the DagBag from /home/airflow/.local/lib/python3.12/site-packages/airflow/example_dags/example_latest_only.py
[2024-11-16T00:16:39.303+0000] {processor.py:840} INFO - DAG(s) 'latest_only' retrieved from /home/airflow/.local/lib/python3.12/site-packages/airflow/example_dags/example_latest_only.py
[2024-11-16T00:16:39.318+0000] {logging_mixin.py:188} INFO - [2024-11-16T00:16:39.318+0000] {dag.py:3096} INFO - Sync 1 DAGs
[2024-11-16T00:16:39.336+0000] {logging_mixin.py:188} INFO - [2024-11-16T00:16:39.335+0000] {dag.py:3954} INFO - Setting next_dagrun for latest_only to 2024-11-15 20:00:00+00:00, run_after=2024-11-16 00:00:00+00:00
[2024-11-16T00:16:39.352+0000] {processor.py:183} INFO - Processing /home/airflow/.local/lib/python3.12/site-packages/airflow/example_dags/example_latest_only.py took 0.060 seconds
[2024-11-16T00:17:10.135+0000] {processor.py:161} INFO - Started process (PID=156) to work on /home/airflow/.local/lib/python3.12/site-packages/airflow/example_dags/example_latest_only.py
[2024-11-16T00:17:10.136+0000] {processor.py:830} INFO - Processing file /home/airflow/.local/lib/python3.12/site-packages/airflow/example_dags/example_latest_only.py for tasks to queue
[2024-11-16T00:17:10.137+0000] {logging_mixin.py:188} INFO - [2024-11-16T00:17:10.137+0000] {dagbag.py:540} INFO - Filling up the DagBag from /home/airflow/.local/lib/python3.12/site-packages/airflow/example_dags/example_latest_only.py
[2024-11-16T00:17:10.141+0000] {processor.py:840} INFO - DAG(s) 'latest_only' retrieved from /home/airflow/.local/lib/python3.12/site-packages/airflow/example_dags/example_latest_only.py
[2024-11-16T00:17:10.155+0000] {logging_mixin.py:188} INFO - [2024-11-16T00:17:10.155+0000] {dag.py:3096} INFO - Sync 1 DAGs
[2024-11-16T00:17:10.171+0000] {logging_mixin.py:188} INFO - [2024-11-16T00:17:10.170+0000] {dag.py:3954} INFO - Setting next_dagrun for latest_only to 2024-11-15 20:00:00+00:00, run_after=2024-11-16 00:00:00+00:00
[2024-11-16T00:17:10.183+0000] {processor.py:183} INFO - Processing /home/airflow/.local/lib/python3.12/site-packages/airflow/example_dags/example_latest_only.py took 0.052 seconds
[2024-11-16T00:17:40.649+0000] {processor.py:161} INFO - Started process (PID=210) to work on /home/airflow/.local/lib/python3.12/site-packages/airflow/example_dags/example_latest_only.py
[2024-11-16T00:17:40.664+0000] {processor.py:830} INFO - Processing file /home/airflow/.local/lib/python3.12/site-packages/airflow/example_dags/example_latest_only.py for tasks to queue
[2024-11-16T00:17:40.671+0000] {logging_mixin.py:188} INFO - [2024-11-16T00:17:40.670+0000] {dagbag.py:540} INFO - Filling up the DagBag from /home/airflow/.local/lib/python3.12/site-packages/airflow/example_dags/example_latest_only.py
[2024-11-16T00:17:40.679+0000] {processor.py:840} INFO - DAG(s) 'latest_only' retrieved from /home/airflow/.local/lib/python3.12/site-packages/airflow/example_dags/example_latest_only.py
[2024-11-16T00:17:40.700+0000] {logging_mixin.py:188} INFO - [2024-11-16T00:17:40.700+0000] {dag.py:3096} INFO - Sync 1 DAGs
[2024-11-16T00:17:40.727+0000] {logging_mixin.py:188} INFO - [2024-11-16T00:17:40.727+0000] {dag.py:3954} INFO - Setting next_dagrun for latest_only to 2024-11-15 20:00:00+00:00, run_after=2024-11-16 00:00:00+00:00
[2024-11-16T00:17:40.759+0000] {processor.py:183} INFO - Processing /home/airflow/.local/lib/python3.12/site-packages/airflow/example_dags/example_latest_only.py took 0.118 seconds
