[2024-11-16T00:16:09.926+0000] {processor.py:161} INFO - Started process (PID=64) to work on /home/airflow/.local/lib/python3.12/site-packages/airflow/example_dags/example_bash_operator.py
[2024-11-16T00:16:09.927+0000] {processor.py:830} INFO - Processing file /home/airflow/.local/lib/python3.12/site-packages/airflow/example_dags/example_bash_operator.py for tasks to queue
[2024-11-16T00:16:09.929+0000] {logging_mixin.py:188} INFO - [2024-11-16T00:16:09.929+0000] {dagbag.py:540} INFO - Filling up the DagBag from /home/airflow/.local/lib/python3.12/site-packages/airflow/example_dags/example_bash_operator.py
[2024-11-16T00:16:09.940+0000] {processor.py:840} INFO - DAG(s) 'example_bash_operator' retrieved from /home/airflow/.local/lib/python3.12/site-packages/airflow/example_dags/example_bash_operator.py
[2024-11-16T00:16:09.962+0000] {logging_mixin.py:188} INFO - [2024-11-16T00:16:09.962+0000] {dag.py:3096} INFO - Sync 1 DAGs
[2024-11-16T00:16:09.985+0000] {logging_mixin.py:188} INFO - [2024-11-16T00:16:09.984+0000] {dag.py:3954} INFO - Setting next_dagrun for example_bash_operator to 2024-11-15 00:00:00+00:00, run_after=2024-11-16 00:00:00+00:00
[2024-11-16T00:16:10.000+0000] {processor.py:183} INFO - Processing /home/airflow/.local/lib/python3.12/site-packages/airflow/example_dags/example_bash_operator.py took 0.082 seconds
[2024-11-16T00:16:40.340+0000] {processor.py:161} INFO - Started process (PID=121) to work on /home/airflow/.local/lib/python3.12/site-packages/airflow/example_dags/example_bash_operator.py
[2024-11-16T00:16:40.341+0000] {processor.py:830} INFO - Processing file /home/airflow/.local/lib/python3.12/site-packages/airflow/example_dags/example_bash_operator.py for tasks to queue
[2024-11-16T00:16:40.343+0000] {logging_mixin.py:188} INFO - [2024-11-16T00:16:40.342+0000] {dagbag.py:540} INFO - Filling up the DagBag from /home/airflow/.local/lib/python3.12/site-packages/airflow/example_dags/example_bash_operator.py
[2024-11-16T00:16:40.354+0000] {processor.py:840} INFO - DAG(s) 'example_bash_operator' retrieved from /home/airflow/.local/lib/python3.12/site-packages/airflow/example_dags/example_bash_operator.py
[2024-11-16T00:16:40.381+0000] {logging_mixin.py:188} INFO - [2024-11-16T00:16:40.381+0000] {dag.py:3096} INFO - Sync 1 DAGs
[2024-11-16T00:16:40.401+0000] {logging_mixin.py:188} INFO - [2024-11-16T00:16:40.401+0000] {dag.py:3954} INFO - Setting next_dagrun for example_bash_operator to 2024-11-15 00:00:00+00:00, run_after=2024-11-16 00:00:00+00:00
[2024-11-16T00:16:40.418+0000] {processor.py:183} INFO - Processing /home/airflow/.local/lib/python3.12/site-packages/airflow/example_dags/example_bash_operator.py took 0.084 seconds
[2024-11-16T00:17:11.046+0000] {processor.py:161} INFO - Started process (PID=175) to work on /home/airflow/.local/lib/python3.12/site-packages/airflow/example_dags/example_bash_operator.py
[2024-11-16T00:17:11.047+0000] {processor.py:830} INFO - Processing file /home/airflow/.local/lib/python3.12/site-packages/airflow/example_dags/example_bash_operator.py for tasks to queue
[2024-11-16T00:17:11.048+0000] {logging_mixin.py:188} INFO - [2024-11-16T00:17:11.048+0000] {dagbag.py:540} INFO - Filling up the DagBag from /home/airflow/.local/lib/python3.12/site-packages/airflow/example_dags/example_bash_operator.py
[2024-11-16T00:17:11.057+0000] {processor.py:840} INFO - DAG(s) 'example_bash_operator' retrieved from /home/airflow/.local/lib/python3.12/site-packages/airflow/example_dags/example_bash_operator.py
[2024-11-16T00:17:11.078+0000] {logging_mixin.py:188} INFO - [2024-11-16T00:17:11.078+0000] {dag.py:3096} INFO - Sync 1 DAGs
[2024-11-16T00:17:11.096+0000] {logging_mixin.py:188} INFO - [2024-11-16T00:17:11.095+0000] {dag.py:3954} INFO - Setting next_dagrun for example_bash_operator to 2024-11-15 00:00:00+00:00, run_after=2024-11-16 00:00:00+00:00
[2024-11-16T00:17:11.110+0000] {processor.py:183} INFO - Processing /home/airflow/.local/lib/python3.12/site-packages/airflow/example_dags/example_bash_operator.py took 0.069 seconds
