[2024-11-16T00:16:11.213+0000] {processor.py:161} INFO - Started process (PID=80) to work on /home/airflow/.local/lib/python3.12/site-packages/airflow/example_dags/example_skip_dag.py
[2024-11-16T00:16:11.214+0000] {processor.py:830} INFO - Processing file /home/airflow/.local/lib/python3.12/site-packages/airflow/example_dags/example_skip_dag.py for tasks to queue
[2024-11-16T00:16:11.215+0000] {logging_mixin.py:188} INFO - [2024-11-16T00:16:11.215+0000] {dagbag.py:540} INFO - Filling up the DagBag from /home/airflow/.local/lib/python3.12/site-packages/airflow/example_dags/example_skip_dag.py
[2024-11-16T00:16:11.220+0000] {processor.py:840} INFO - DAG(s) 'example_skip_dag' retrieved from /home/airflow/.local/lib/python3.12/site-packages/airflow/example_dags/example_skip_dag.py
[2024-11-16T00:16:11.235+0000] {logging_mixin.py:188} INFO - [2024-11-16T00:16:11.235+0000] {dag.py:3096} INFO - Sync 1 DAGs
[2024-11-16T00:16:11.252+0000] {logging_mixin.py:188} INFO - [2024-11-16T00:16:11.251+0000] {dag.py:3954} INFO - Setting next_dagrun for example_skip_dag to 2024-11-15 00:00:00+00:00, run_after=2024-11-16 00:00:00+00:00
[2024-11-16T00:16:11.283+0000] {processor.py:183} INFO - Processing /home/airflow/.local/lib/python3.12/site-packages/airflow/example_dags/example_skip_dag.py took 0.074 seconds
[2024-11-16T00:16:41.934+0000] {processor.py:161} INFO - Started process (PID=134) to work on /home/airflow/.local/lib/python3.12/site-packages/airflow/example_dags/example_skip_dag.py
[2024-11-16T00:16:41.935+0000] {processor.py:830} INFO - Processing file /home/airflow/.local/lib/python3.12/site-packages/airflow/example_dags/example_skip_dag.py for tasks to queue
[2024-11-16T00:16:41.936+0000] {logging_mixin.py:188} INFO - [2024-11-16T00:16:41.936+0000] {dagbag.py:540} INFO - Filling up the DagBag from /home/airflow/.local/lib/python3.12/site-packages/airflow/example_dags/example_skip_dag.py
[2024-11-16T00:16:41.941+0000] {processor.py:840} INFO - DAG(s) 'example_skip_dag' retrieved from /home/airflow/.local/lib/python3.12/site-packages/airflow/example_dags/example_skip_dag.py
[2024-11-16T00:16:41.955+0000] {logging_mixin.py:188} INFO - [2024-11-16T00:16:41.955+0000] {dag.py:3096} INFO - Sync 1 DAGs
[2024-11-16T00:16:41.970+0000] {logging_mixin.py:188} INFO - [2024-11-16T00:16:41.970+0000] {dag.py:3954} INFO - Setting next_dagrun for example_skip_dag to 2024-11-15 00:00:00+00:00, run_after=2024-11-16 00:00:00+00:00
[2024-11-16T00:16:41.985+0000] {processor.py:183} INFO - Processing /home/airflow/.local/lib/python3.12/site-packages/airflow/example_dags/example_skip_dag.py took 0.055 seconds
[2024-11-16T00:17:12.596+0000] {processor.py:161} INFO - Started process (PID=188) to work on /home/airflow/.local/lib/python3.12/site-packages/airflow/example_dags/example_skip_dag.py
[2024-11-16T00:17:12.597+0000] {processor.py:830} INFO - Processing file /home/airflow/.local/lib/python3.12/site-packages/airflow/example_dags/example_skip_dag.py for tasks to queue
[2024-11-16T00:17:12.598+0000] {logging_mixin.py:188} INFO - [2024-11-16T00:17:12.598+0000] {dagbag.py:540} INFO - Filling up the DagBag from /home/airflow/.local/lib/python3.12/site-packages/airflow/example_dags/example_skip_dag.py
[2024-11-16T00:17:12.603+0000] {processor.py:840} INFO - DAG(s) 'example_skip_dag' retrieved from /home/airflow/.local/lib/python3.12/site-packages/airflow/example_dags/example_skip_dag.py
[2024-11-16T00:17:12.620+0000] {logging_mixin.py:188} INFO - [2024-11-16T00:17:12.620+0000] {dag.py:3096} INFO - Sync 1 DAGs
[2024-11-16T00:17:12.637+0000] {logging_mixin.py:188} INFO - [2024-11-16T00:17:12.636+0000] {dag.py:3954} INFO - Setting next_dagrun for example_skip_dag to 2024-11-15 00:00:00+00:00, run_after=2024-11-16 00:00:00+00:00
[2024-11-16T00:17:12.652+0000] {processor.py:183} INFO - Processing /home/airflow/.local/lib/python3.12/site-packages/airflow/example_dags/example_skip_dag.py took 0.060 seconds
