[2024-11-16T00:16:10.489+0000] {processor.py:161} INFO - Started process (PID=71) to work on /home/airflow/.local/lib/python3.12/site-packages/airflow/example_dags/example_datasets.py
[2024-11-16T00:16:10.490+0000] {processor.py:830} INFO - Processing file /home/airflow/.local/lib/python3.12/site-packages/airflow/example_dags/example_datasets.py for tasks to queue
[2024-11-16T00:16:10.492+0000] {logging_mixin.py:188} INFO - [2024-11-16T00:16:10.492+0000] {dagbag.py:540} INFO - Filling up the DagBag from /home/airflow/.local/lib/python3.12/site-packages/airflow/example_dags/example_datasets.py
[2024-11-16T00:16:10.522+0000] {processor.py:840} INFO - DAG(s) 'dataset_produces_2', 'dataset_consumes_1', 'dataset_produces_1', 'consume_1_or_2_with_dataset_expressions', 'consume_1_or_both_2_and_3_with_dataset_expressions', 'dataset_consumes_1_and_2', 'consume_1_and_2_with_dataset_expressions', 'conditional_dataset_and_time_based_timetable', 'dataset_consumes_1_never_scheduled', 'dataset_consumes_unknown_never_scheduled' retrieved from /home/airflow/.local/lib/python3.12/site-packages/airflow/example_dags/example_datasets.py
[2024-11-16T00:16:10.585+0000] {logging_mixin.py:188} INFO - [2024-11-16T00:16:10.585+0000] {dag.py:3096} INFO - Sync 10 DAGs
[2024-11-16T00:15:46.300+0000] {logging_mixin.py:188} INFO - [2024-11-16T00:15:46.300+0000] {dag.py:3954} INFO - Setting next_dagrun for conditional_dataset_and_time_based_timetable to 2024-11-13 01:00:00+00:00, run_after=2024-11-13 01:00:00+00:00
[2024-11-16T00:15:46.307+0000] {logging_mixin.py:188} INFO - [2024-11-16T00:15:46.306+0000] {dag.py:3954} INFO - Setting next_dagrun for consume_1_and_2_with_dataset_expressions to None, run_after=None
[2024-11-16T00:15:46.308+0000] {logging_mixin.py:188} INFO - [2024-11-16T00:15:46.308+0000] {dag.py:3954} INFO - Setting next_dagrun for consume_1_or_2_with_dataset_expressions to None, run_after=None
[2024-11-16T00:15:46.309+0000] {logging_mixin.py:188} INFO - [2024-11-16T00:15:46.309+0000] {dag.py:3954} INFO - Setting next_dagrun for consume_1_or_both_2_and_3_with_dataset_expressions to None, run_after=None
[2024-11-16T00:15:46.310+0000] {logging_mixin.py:188} INFO - [2024-11-16T00:15:46.310+0000] {dag.py:3954} INFO - Setting next_dagrun for dataset_consumes_1 to None, run_after=None
[2024-11-16T00:15:46.311+0000] {logging_mixin.py:188} INFO - [2024-11-16T00:15:46.311+0000] {dag.py:3954} INFO - Setting next_dagrun for dataset_consumes_1_and_2 to None, run_after=None
[2024-11-16T00:15:46.313+0000] {logging_mixin.py:188} INFO - [2024-11-16T00:15:46.313+0000] {dag.py:3954} INFO - Setting next_dagrun for dataset_consumes_1_never_scheduled to None, run_after=None
[2024-11-16T00:15:46.314+0000] {logging_mixin.py:188} INFO - [2024-11-16T00:15:46.314+0000] {dag.py:3954} INFO - Setting next_dagrun for dataset_consumes_unknown_never_scheduled to None, run_after=None
[2024-11-16T00:15:46.316+0000] {logging_mixin.py:188} INFO - [2024-11-16T00:15:46.316+0000] {dag.py:3954} INFO - Setting next_dagrun for dataset_produces_1 to 2024-11-15 00:00:00+00:00, run_after=2024-11-16 00:00:00+00:00
[2024-11-16T00:15:46.317+0000] {logging_mixin.py:188} INFO - [2024-11-16T00:15:46.317+0000] {dag.py:3954} INFO - Setting next_dagrun for dataset_produces_2 to None, run_after=None
[2024-11-16T00:15:46.346+0000] {processor.py:183} INFO - Processing /home/airflow/.local/lib/python3.12/site-packages/airflow/example_dags/example_datasets.py took 0.183 seconds
[2024-11-16T00:16:16.818+0000] {processor.py:161} INFO - Started process (PID=92) to work on /home/airflow/.local/lib/python3.12/site-packages/airflow/example_dags/example_datasets.py
[2024-11-16T00:16:16.819+0000] {processor.py:830} INFO - Processing file /home/airflow/.local/lib/python3.12/site-packages/airflow/example_dags/example_datasets.py for tasks to queue
[2024-11-16T00:16:16.820+0000] {logging_mixin.py:188} INFO - [2024-11-16T00:16:16.820+0000] {dagbag.py:540} INFO - Filling up the DagBag from /home/airflow/.local/lib/python3.12/site-packages/airflow/example_dags/example_datasets.py
[2024-11-16T00:16:16.830+0000] {processor.py:840} INFO - DAG(s) 'consume_1_and_2_with_dataset_expressions', 'dataset_consumes_1_never_scheduled', 'conditional_dataset_and_time_based_timetable', 'dataset_consumes_unknown_never_scheduled', 'consume_1_or_both_2_and_3_with_dataset_expressions', 'dataset_consumes_1', 'dataset_produces_2', 'dataset_produces_1', 'consume_1_or_2_with_dataset_expressions', 'dataset_consumes_1_and_2' retrieved from /home/airflow/.local/lib/python3.12/site-packages/airflow/example_dags/example_datasets.py
[2024-11-16T00:16:16.862+0000] {logging_mixin.py:188} INFO - [2024-11-16T00:16:16.862+0000] {dag.py:3096} INFO - Sync 10 DAGs
[2024-11-16T00:16:16.879+0000] {logging_mixin.py:188} INFO - [2024-11-16T00:16:16.879+0000] {dag.py:3954} INFO - Setting next_dagrun for conditional_dataset_and_time_based_timetable to 2024-11-13 01:00:00+00:00, run_after=2024-11-13 01:00:00+00:00
[2024-11-16T00:16:16.882+0000] {logging_mixin.py:188} INFO - [2024-11-16T00:16:16.882+0000] {dag.py:3954} INFO - Setting next_dagrun for consume_1_and_2_with_dataset_expressions to None, run_after=None
[2024-11-16T00:16:16.883+0000] {logging_mixin.py:188} INFO - [2024-11-16T00:16:16.883+0000] {dag.py:3954} INFO - Setting next_dagrun for consume_1_or_2_with_dataset_expressions to None, run_after=None
[2024-11-16T00:16:16.884+0000] {logging_mixin.py:188} INFO - [2024-11-16T00:16:16.884+0000] {dag.py:3954} INFO - Setting next_dagrun for consume_1_or_both_2_and_3_with_dataset_expressions to None, run_after=None
[2024-11-16T00:16:16.885+0000] {logging_mixin.py:188} INFO - [2024-11-16T00:16:16.885+0000] {dag.py:3954} INFO - Setting next_dagrun for dataset_consumes_1 to None, run_after=None
[2024-11-16T00:16:16.886+0000] {logging_mixin.py:188} INFO - [2024-11-16T00:16:16.886+0000] {dag.py:3954} INFO - Setting next_dagrun for dataset_consumes_1_and_2 to None, run_after=None
[2024-11-16T00:16:16.887+0000] {logging_mixin.py:188} INFO - [2024-11-16T00:16:16.887+0000] {dag.py:3954} INFO - Setting next_dagrun for dataset_consumes_1_never_scheduled to None, run_after=None
[2024-11-16T00:16:16.888+0000] {logging_mixin.py:188} INFO - [2024-11-16T00:16:16.888+0000] {dag.py:3954} INFO - Setting next_dagrun for dataset_consumes_unknown_never_scheduled to None, run_after=None
[2024-11-16T00:16:16.890+0000] {logging_mixin.py:188} INFO - [2024-11-16T00:16:16.890+0000] {dag.py:3954} INFO - Setting next_dagrun for dataset_produces_1 to 2024-11-15 00:00:00+00:00, run_after=2024-11-16 00:00:00+00:00
[2024-11-16T00:16:16.891+0000] {logging_mixin.py:188} INFO - [2024-11-16T00:16:16.891+0000] {dag.py:3954} INFO - Setting next_dagrun for dataset_produces_2 to None, run_after=None
[2024-11-16T00:16:16.915+0000] {processor.py:183} INFO - Processing /home/airflow/.local/lib/python3.12/site-packages/airflow/example_dags/example_datasets.py took 0.101 seconds
[2024-11-16T00:16:47.628+0000] {processor.py:161} INFO - Started process (PID=146) to work on /home/airflow/.local/lib/python3.12/site-packages/airflow/example_dags/example_datasets.py
[2024-11-16T00:16:47.629+0000] {processor.py:830} INFO - Processing file /home/airflow/.local/lib/python3.12/site-packages/airflow/example_dags/example_datasets.py for tasks to queue
[2024-11-16T00:16:47.630+0000] {logging_mixin.py:188} INFO - [2024-11-16T00:16:47.630+0000] {dagbag.py:540} INFO - Filling up the DagBag from /home/airflow/.local/lib/python3.12/site-packages/airflow/example_dags/example_datasets.py
[2024-11-16T00:16:47.641+0000] {processor.py:840} INFO - DAG(s) 'dataset_consumes_1', 'consume_1_or_2_with_dataset_expressions', 'conditional_dataset_and_time_based_timetable', 'dataset_consumes_unknown_never_scheduled', 'dataset_consumes_1_never_scheduled', 'dataset_consumes_1_and_2', 'dataset_produces_2', 'consume_1_and_2_with_dataset_expressions', 'dataset_produces_1', 'consume_1_or_both_2_and_3_with_dataset_expressions' retrieved from /home/airflow/.local/lib/python3.12/site-packages/airflow/example_dags/example_datasets.py
[2024-11-16T00:16:47.678+0000] {logging_mixin.py:188} INFO - [2024-11-16T00:16:47.677+0000] {dag.py:3096} INFO - Sync 10 DAGs
[2024-11-16T00:16:47.698+0000] {logging_mixin.py:188} INFO - [2024-11-16T00:16:47.697+0000] {dag.py:3954} INFO - Setting next_dagrun for conditional_dataset_and_time_based_timetable to 2024-11-13 01:00:00+00:00, run_after=2024-11-13 01:00:00+00:00
[2024-11-16T00:16:47.701+0000] {logging_mixin.py:188} INFO - [2024-11-16T00:16:47.700+0000] {dag.py:3954} INFO - Setting next_dagrun for consume_1_and_2_with_dataset_expressions to None, run_after=None
[2024-11-16T00:16:47.703+0000] {logging_mixin.py:188} INFO - [2024-11-16T00:16:47.702+0000] {dag.py:3954} INFO - Setting next_dagrun for consume_1_or_2_with_dataset_expressions to None, run_after=None
[2024-11-16T00:16:47.704+0000] {logging_mixin.py:188} INFO - [2024-11-16T00:16:47.704+0000] {dag.py:3954} INFO - Setting next_dagrun for consume_1_or_both_2_and_3_with_dataset_expressions to None, run_after=None
[2024-11-16T00:16:47.705+0000] {logging_mixin.py:188} INFO - [2024-11-16T00:16:47.705+0000] {dag.py:3954} INFO - Setting next_dagrun for dataset_consumes_1 to None, run_after=None
[2024-11-16T00:16:47.706+0000] {logging_mixin.py:188} INFO - [2024-11-16T00:16:47.706+0000] {dag.py:3954} INFO - Setting next_dagrun for dataset_consumes_1_and_2 to None, run_after=None
[2024-11-16T00:16:47.707+0000] {logging_mixin.py:188} INFO - [2024-11-16T00:16:47.706+0000] {dag.py:3954} INFO - Setting next_dagrun for dataset_consumes_1_never_scheduled to None, run_after=None
[2024-11-16T00:16:47.707+0000] {logging_mixin.py:188} INFO - [2024-11-16T00:16:47.707+0000] {dag.py:3954} INFO - Setting next_dagrun for dataset_consumes_unknown_never_scheduled to None, run_after=None
[2024-11-16T00:16:47.709+0000] {logging_mixin.py:188} INFO - [2024-11-16T00:16:47.709+0000] {dag.py:3954} INFO - Setting next_dagrun for dataset_produces_1 to 2024-11-15 00:00:00+00:00, run_after=2024-11-16 00:00:00+00:00
[2024-11-16T00:16:47.710+0000] {logging_mixin.py:188} INFO - [2024-11-16T00:16:47.710+0000] {dag.py:3954} INFO - Setting next_dagrun for dataset_produces_2 to None, run_after=None
[2024-11-16T00:16:47.736+0000] {processor.py:183} INFO - Processing /home/airflow/.local/lib/python3.12/site-packages/airflow/example_dags/example_datasets.py took 0.113 seconds
[2024-11-16T00:17:18.155+0000] {processor.py:161} INFO - Started process (PID=200) to work on /home/airflow/.local/lib/python3.12/site-packages/airflow/example_dags/example_datasets.py
[2024-11-16T00:17:18.156+0000] {processor.py:830} INFO - Processing file /home/airflow/.local/lib/python3.12/site-packages/airflow/example_dags/example_datasets.py for tasks to queue
[2024-11-16T00:17:18.157+0000] {logging_mixin.py:188} INFO - [2024-11-16T00:17:18.157+0000] {dagbag.py:540} INFO - Filling up the DagBag from /home/airflow/.local/lib/python3.12/site-packages/airflow/example_dags/example_datasets.py
[2024-11-16T00:17:18.166+0000] {processor.py:840} INFO - DAG(s) 'dataset_produces_2', 'dataset_produces_1', 'consume_1_and_2_with_dataset_expressions', 'dataset_consumes_1', 'conditional_dataset_and_time_based_timetable', 'consume_1_or_2_with_dataset_expressions', 'dataset_consumes_unknown_never_scheduled', 'consume_1_or_both_2_and_3_with_dataset_expressions', 'dataset_consumes_1_and_2', 'dataset_consumes_1_never_scheduled' retrieved from /home/airflow/.local/lib/python3.12/site-packages/airflow/example_dags/example_datasets.py
[2024-11-16T00:17:18.198+0000] {logging_mixin.py:188} INFO - [2024-11-16T00:17:18.197+0000] {dag.py:3096} INFO - Sync 10 DAGs
[2024-11-16T00:17:18.216+0000] {logging_mixin.py:188} INFO - [2024-11-16T00:17:18.216+0000] {dag.py:3954} INFO - Setting next_dagrun for conditional_dataset_and_time_based_timetable to 2024-11-13 01:00:00+00:00, run_after=2024-11-13 01:00:00+00:00
[2024-11-16T00:17:18.220+0000] {logging_mixin.py:188} INFO - [2024-11-16T00:17:18.219+0000] {dag.py:3954} INFO - Setting next_dagrun for consume_1_and_2_with_dataset_expressions to None, run_after=None
[2024-11-16T00:17:18.220+0000] {logging_mixin.py:188} INFO - [2024-11-16T00:17:18.220+0000] {dag.py:3954} INFO - Setting next_dagrun for consume_1_or_2_with_dataset_expressions to None, run_after=None
[2024-11-16T00:17:18.222+0000] {logging_mixin.py:188} INFO - [2024-11-16T00:17:18.222+0000] {dag.py:3954} INFO - Setting next_dagrun for consume_1_or_both_2_and_3_with_dataset_expressions to None, run_after=None
[2024-11-16T00:17:18.223+0000] {logging_mixin.py:188} INFO - [2024-11-16T00:17:18.223+0000] {dag.py:3954} INFO - Setting next_dagrun for dataset_consumes_1 to None, run_after=None
[2024-11-16T00:17:18.224+0000] {logging_mixin.py:188} INFO - [2024-11-16T00:17:18.224+0000] {dag.py:3954} INFO - Setting next_dagrun for dataset_consumes_1_and_2 to None, run_after=None
[2024-11-16T00:17:18.225+0000] {logging_mixin.py:188} INFO - [2024-11-16T00:17:18.225+0000] {dag.py:3954} INFO - Setting next_dagrun for dataset_consumes_1_never_scheduled to None, run_after=None
[2024-11-16T00:17:18.226+0000] {logging_mixin.py:188} INFO - [2024-11-16T00:17:18.226+0000] {dag.py:3954} INFO - Setting next_dagrun for dataset_consumes_unknown_never_scheduled to None, run_after=None
[2024-11-16T00:17:18.228+0000] {logging_mixin.py:188} INFO - [2024-11-16T00:17:18.228+0000] {dag.py:3954} INFO - Setting next_dagrun for dataset_produces_1 to 2024-11-15 00:00:00+00:00, run_after=2024-11-16 00:00:00+00:00
[2024-11-16T00:17:18.229+0000] {logging_mixin.py:188} INFO - [2024-11-16T00:17:18.229+0000] {dag.py:3954} INFO - Setting next_dagrun for dataset_produces_2 to None, run_after=None
[2024-11-16T00:17:18.255+0000] {processor.py:183} INFO - Processing /home/airflow/.local/lib/python3.12/site-packages/airflow/example_dags/example_datasets.py took 0.104 seconds
