[2024-11-16T00:16:10.933+0000] {processor.py:161} INFO - Started process (PID=76) to work on /home/airflow/.local/lib/python3.12/site-packages/airflow/example_dags/example_xcomargs.py
[2024-11-16T00:16:10.934+0000] {processor.py:830} INFO - Processing file /home/airflow/.local/lib/python3.12/site-packages/airflow/example_dags/example_xcomargs.py for tasks to queue
[2024-11-16T00:16:10.935+0000] {logging_mixin.py:188} INFO - [2024-11-16T00:16:10.935+0000] {dagbag.py:540} INFO - Filling up the DagBag from /home/airflow/.local/lib/python3.12/site-packages/airflow/example_dags/example_xcomargs.py
[2024-11-16T00:16:10.942+0000] {processor.py:840} INFO - DAG(s) 'example_xcom_args_with_operators', 'example_xcom_args' retrieved from /home/airflow/.local/lib/python3.12/site-packages/airflow/example_dags/example_xcomargs.py
[2024-11-16T00:16:10.961+0000] {logging_mixin.py:188} INFO - [2024-11-16T00:16:10.961+0000] {dag.py:3096} INFO - Sync 2 DAGs
[2024-11-16T00:16:10.972+0000] {logging_mixin.py:188} INFO - [2024-11-16T00:16:10.972+0000] {dag.py:3954} INFO - Setting next_dagrun for example_xcom_args to None, run_after=None
[2024-11-16T00:16:10.975+0000] {logging_mixin.py:188} INFO - [2024-11-16T00:16:10.975+0000] {dag.py:3954} INFO - Setting next_dagrun for example_xcom_args_with_operators to None, run_after=None
[2024-11-16T00:16:10.995+0000] {processor.py:183} INFO - Processing /home/airflow/.local/lib/python3.12/site-packages/airflow/example_dags/example_xcomargs.py took 0.066 seconds
[2024-11-16T00:16:41.778+0000] {processor.py:161} INFO - Started process (PID=130) to work on /home/airflow/.local/lib/python3.12/site-packages/airflow/example_dags/example_xcomargs.py
[2024-11-16T00:16:41.779+0000] {processor.py:830} INFO - Processing file /home/airflow/.local/lib/python3.12/site-packages/airflow/example_dags/example_xcomargs.py for tasks to queue
[2024-11-16T00:16:41.780+0000] {logging_mixin.py:188} INFO - [2024-11-16T00:16:41.780+0000] {dagbag.py:540} INFO - Filling up the DagBag from /home/airflow/.local/lib/python3.12/site-packages/airflow/example_dags/example_xcomargs.py
[2024-11-16T00:16:41.785+0000] {processor.py:840} INFO - DAG(s) 'example_xcom_args_with_operators', 'example_xcom_args' retrieved from /home/airflow/.local/lib/python3.12/site-packages/airflow/example_dags/example_xcomargs.py
[2024-11-16T00:16:41.802+0000] {logging_mixin.py:188} INFO - [2024-11-16T00:16:41.802+0000] {dag.py:3096} INFO - Sync 2 DAGs
[2024-11-16T00:16:41.812+0000] {logging_mixin.py:188} INFO - [2024-11-16T00:16:41.812+0000] {dag.py:3954} INFO - Setting next_dagrun for example_xcom_args to None, run_after=None
[2024-11-16T00:16:41.815+0000] {logging_mixin.py:188} INFO - [2024-11-16T00:16:41.815+0000] {dag.py:3954} INFO - Setting next_dagrun for example_xcom_args_with_operators to None, run_after=None
[2024-11-16T00:16:41.827+0000] {processor.py:183} INFO - Processing /home/airflow/.local/lib/python3.12/site-packages/airflow/example_dags/example_xcomargs.py took 0.053 seconds
[2024-11-16T00:17:12.422+0000] {processor.py:161} INFO - Started process (PID=184) to work on /home/airflow/.local/lib/python3.12/site-packages/airflow/example_dags/example_xcomargs.py
[2024-11-16T00:17:12.423+0000] {processor.py:830} INFO - Processing file /home/airflow/.local/lib/python3.12/site-packages/airflow/example_dags/example_xcomargs.py for tasks to queue
[2024-11-16T00:17:12.424+0000] {logging_mixin.py:188} INFO - [2024-11-16T00:17:12.424+0000] {dagbag.py:540} INFO - Filling up the DagBag from /home/airflow/.local/lib/python3.12/site-packages/airflow/example_dags/example_xcomargs.py
[2024-11-16T00:17:12.431+0000] {processor.py:840} INFO - DAG(s) 'example_xcom_args', 'example_xcom_args_with_operators' retrieved from /home/airflow/.local/lib/python3.12/site-packages/airflow/example_dags/example_xcomargs.py
[2024-11-16T00:17:12.450+0000] {logging_mixin.py:188} INFO - [2024-11-16T00:17:12.449+0000] {dag.py:3096} INFO - Sync 2 DAGs
[2024-11-16T00:17:12.460+0000] {logging_mixin.py:188} INFO - [2024-11-16T00:17:12.460+0000] {dag.py:3954} INFO - Setting next_dagrun for example_xcom_args to None, run_after=None
[2024-11-16T00:17:12.464+0000] {logging_mixin.py:188} INFO - [2024-11-16T00:17:12.463+0000] {dag.py:3954} INFO - Setting next_dagrun for example_xcom_args_with_operators to None, run_after=None
[2024-11-16T00:17:12.477+0000] {processor.py:183} INFO - Processing /home/airflow/.local/lib/python3.12/site-packages/airflow/example_dags/example_xcomargs.py took 0.059 seconds
