[2024-11-16T00:16:11.295+0000] {processor.py:161} INFO - Started process (PID=82) to work on /home/airflow/.local/lib/python3.12/site-packages/airflow/example_dags/example_sla_dag.py
[2024-11-16T00:16:11.296+0000] {processor.py:830} INFO - Processing file /home/airflow/.local/lib/python3.12/site-packages/airflow/example_dags/example_sla_dag.py for tasks to queue
[2024-11-16T00:16:11.297+0000] {logging_mixin.py:188} INFO - [2024-11-16T00:16:11.297+0000] {dagbag.py:540} INFO - Filling up the DagBag from /home/airflow/.local/lib/python3.12/site-packages/airflow/example_dags/example_sla_dag.py
[2024-11-16T00:16:11.304+0000] {processor.py:840} INFO - DAG(s) 'example_sla_dag' retrieved from /home/airflow/.local/lib/python3.12/site-packages/airflow/example_dags/example_sla_dag.py
[2024-11-16T00:16:11.318+0000] {logging_mixin.py:188} INFO - [2024-11-16T00:16:11.318+0000] {dag.py:3096} INFO - Sync 1 DAGs
[2024-11-16T00:16:11.338+0000] {logging_mixin.py:188} INFO - [2024-11-16T00:16:11.338+0000] {dag.py:3954} INFO - Setting next_dagrun for example_sla_dag to 2024-11-16 00:14:00+00:00, run_after=2024-11-16 00:16:00+00:00
[2024-11-16T00:16:11.357+0000] {processor.py:183} INFO - Processing /home/airflow/.local/lib/python3.12/site-packages/airflow/example_dags/example_sla_dag.py took 0.066 seconds
[2024-11-16T00:16:42.007+0000] {processor.py:161} INFO - Started process (PID=136) to work on /home/airflow/.local/lib/python3.12/site-packages/airflow/example_dags/example_sla_dag.py
[2024-11-16T00:16:42.007+0000] {processor.py:830} INFO - Processing file /home/airflow/.local/lib/python3.12/site-packages/airflow/example_dags/example_sla_dag.py for tasks to queue
[2024-11-16T00:16:42.009+0000] {logging_mixin.py:188} INFO - [2024-11-16T00:16:42.008+0000] {dagbag.py:540} INFO - Filling up the DagBag from /home/airflow/.local/lib/python3.12/site-packages/airflow/example_dags/example_sla_dag.py
[2024-11-16T00:16:42.014+0000] {processor.py:840} INFO - DAG(s) 'example_sla_dag' retrieved from /home/airflow/.local/lib/python3.12/site-packages/airflow/example_dags/example_sla_dag.py
[2024-11-16T00:16:42.028+0000] {logging_mixin.py:188} INFO - [2024-11-16T00:16:42.027+0000] {dag.py:3096} INFO - Sync 1 DAGs
[2024-11-16T00:16:42.045+0000] {logging_mixin.py:188} INFO - [2024-11-16T00:16:42.045+0000] {dag.py:3954} INFO - Setting next_dagrun for example_sla_dag to 2024-11-16 00:14:00+00:00, run_after=2024-11-16 00:16:00+00:00
[2024-11-16T00:16:42.061+0000] {processor.py:183} INFO - Processing /home/airflow/.local/lib/python3.12/site-packages/airflow/example_dags/example_sla_dag.py took 0.058 seconds
[2024-11-16T00:17:12.675+0000] {processor.py:161} INFO - Started process (PID=190) to work on /home/airflow/.local/lib/python3.12/site-packages/airflow/example_dags/example_sla_dag.py
[2024-11-16T00:17:12.676+0000] {processor.py:830} INFO - Processing file /home/airflow/.local/lib/python3.12/site-packages/airflow/example_dags/example_sla_dag.py for tasks to queue
[2024-11-16T00:17:12.677+0000] {logging_mixin.py:188} INFO - [2024-11-16T00:17:12.677+0000] {dagbag.py:540} INFO - Filling up the DagBag from /home/airflow/.local/lib/python3.12/site-packages/airflow/example_dags/example_sla_dag.py
[2024-11-16T00:17:12.683+0000] {processor.py:840} INFO - DAG(s) 'example_sla_dag' retrieved from /home/airflow/.local/lib/python3.12/site-packages/airflow/example_dags/example_sla_dag.py
[2024-11-16T00:17:12.698+0000] {logging_mixin.py:188} INFO - [2024-11-16T00:17:12.698+0000] {dag.py:3096} INFO - Sync 1 DAGs
[2024-11-16T00:17:12.717+0000] {logging_mixin.py:188} INFO - [2024-11-16T00:17:12.717+0000] {dag.py:3954} INFO - Setting next_dagrun for example_sla_dag to 2024-11-16 00:14:00+00:00, run_after=2024-11-16 00:16:00+00:00
[2024-11-16T00:17:12.737+0000] {processor.py:183} INFO - Processing /home/airflow/.local/lib/python3.12/site-packages/airflow/example_dags/example_sla_dag.py took 0.065 seconds
