[2024-11-16T00:16:08.640+0000] {processor.py:161} INFO - Started process (PID=48) to work on /home/airflow/.local/lib/python3.12/site-packages/airflow/example_dags/example_latest_only_with_trigger.py
[2024-11-16T00:16:08.641+0000] {processor.py:830} INFO - Processing file /home/airflow/.local/lib/python3.12/site-packages/airflow/example_dags/example_latest_only_with_trigger.py for tasks to queue
[2024-11-16T00:16:08.643+0000] {logging_mixin.py:188} INFO - [2024-11-16T00:16:08.643+0000] {dagbag.py:540} INFO - Filling up the DagBag from /home/airflow/.local/lib/python3.12/site-packages/airflow/example_dags/example_latest_only_with_trigger.py
[2024-11-16T00:16:08.668+0000] {processor.py:840} INFO - DAG(s) 'latest_only_with_trigger' retrieved from /home/airflow/.local/lib/python3.12/site-packages/airflow/example_dags/example_latest_only_with_trigger.py
[2024-11-16T00:16:08.692+0000] {logging_mixin.py:188} INFO - [2024-11-16T00:16:08.692+0000] {dag.py:3096} INFO - Sync 1 DAGs
[2024-11-16T00:16:08.722+0000] {logging_mixin.py:188} INFO - [2024-11-16T00:16:08.721+0000] {dag.py:3954} INFO - Setting next_dagrun for latest_only_with_trigger to 2024-11-15 20:00:00+00:00, run_after=2024-11-16 00:00:00+00:00
[2024-11-16T00:16:08.754+0000] {processor.py:183} INFO - Processing /home/airflow/.local/lib/python3.12/site-packages/airflow/example_dags/example_latest_only_with_trigger.py took 0.125 seconds
[2024-11-16T00:16:39.563+0000] {processor.py:161} INFO - Started process (PID=105) to work on /home/airflow/.local/lib/python3.12/site-packages/airflow/example_dags/example_latest_only_with_trigger.py
[2024-11-16T00:16:39.564+0000] {processor.py:830} INFO - Processing file /home/airflow/.local/lib/python3.12/site-packages/airflow/example_dags/example_latest_only_with_trigger.py for tasks to queue
[2024-11-16T00:16:39.566+0000] {logging_mixin.py:188} INFO - [2024-11-16T00:16:39.566+0000] {dagbag.py:540} INFO - Filling up the DagBag from /home/airflow/.local/lib/python3.12/site-packages/airflow/example_dags/example_latest_only_with_trigger.py
[2024-11-16T00:16:39.570+0000] {processor.py:840} INFO - DAG(s) 'latest_only_with_trigger' retrieved from /home/airflow/.local/lib/python3.12/site-packages/airflow/example_dags/example_latest_only_with_trigger.py
[2024-11-16T00:16:39.589+0000] {logging_mixin.py:188} INFO - [2024-11-16T00:16:39.589+0000] {dag.py:3096} INFO - Sync 1 DAGs
[2024-11-16T00:16:39.608+0000] {logging_mixin.py:188} INFO - [2024-11-16T00:16:39.608+0000] {dag.py:3954} INFO - Setting next_dagrun for latest_only_with_trigger to 2024-11-15 20:00:00+00:00, run_after=2024-11-16 00:00:00+00:00
[2024-11-16T00:16:39.625+0000] {processor.py:183} INFO - Processing /home/airflow/.local/lib/python3.12/site-packages/airflow/example_dags/example_latest_only_with_trigger.py took 0.066 seconds
[2024-11-16T00:17:10.377+0000] {processor.py:161} INFO - Started process (PID=159) to work on /home/airflow/.local/lib/python3.12/site-packages/airflow/example_dags/example_latest_only_with_trigger.py
[2024-11-16T00:17:10.378+0000] {processor.py:830} INFO - Processing file /home/airflow/.local/lib/python3.12/site-packages/airflow/example_dags/example_latest_only_with_trigger.py for tasks to queue
[2024-11-16T00:17:10.380+0000] {logging_mixin.py:188} INFO - [2024-11-16T00:17:10.379+0000] {dagbag.py:540} INFO - Filling up the DagBag from /home/airflow/.local/lib/python3.12/site-packages/airflow/example_dags/example_latest_only_with_trigger.py
[2024-11-16T00:17:10.384+0000] {processor.py:840} INFO - DAG(s) 'latest_only_with_trigger' retrieved from /home/airflow/.local/lib/python3.12/site-packages/airflow/example_dags/example_latest_only_with_trigger.py
[2024-11-16T00:17:10.400+0000] {logging_mixin.py:188} INFO - [2024-11-16T00:17:10.400+0000] {dag.py:3096} INFO - Sync 1 DAGs
[2024-11-16T00:17:10.417+0000] {logging_mixin.py:188} INFO - [2024-11-16T00:17:10.417+0000] {dag.py:3954} INFO - Setting next_dagrun for latest_only_with_trigger to 2024-11-15 20:00:00+00:00, run_after=2024-11-16 00:00:00+00:00
[2024-11-16T00:17:10.433+0000] {processor.py:183} INFO - Processing /home/airflow/.local/lib/python3.12/site-packages/airflow/example_dags/example_latest_only_with_trigger.py took 0.060 seconds
[2024-11-16T00:17:41.021+0000] {processor.py:161} INFO - Started process (PID=213) to work on /home/airflow/.local/lib/python3.12/site-packages/airflow/example_dags/example_latest_only_with_trigger.py
[2024-11-16T00:17:41.022+0000] {processor.py:830} INFO - Processing file /home/airflow/.local/lib/python3.12/site-packages/airflow/example_dags/example_latest_only_with_trigger.py for tasks to queue
[2024-11-16T00:17:41.024+0000] {logging_mixin.py:188} INFO - [2024-11-16T00:17:41.024+0000] {dagbag.py:540} INFO - Filling up the DagBag from /home/airflow/.local/lib/python3.12/site-packages/airflow/example_dags/example_latest_only_with_trigger.py
[2024-11-16T00:17:41.028+0000] {processor.py:840} INFO - DAG(s) 'latest_only_with_trigger' retrieved from /home/airflow/.local/lib/python3.12/site-packages/airflow/example_dags/example_latest_only_with_trigger.py
[2024-11-16T00:17:41.046+0000] {logging_mixin.py:188} INFO - [2024-11-16T00:17:41.046+0000] {dag.py:3096} INFO - Sync 1 DAGs
[2024-11-16T00:17:41.063+0000] {logging_mixin.py:188} INFO - [2024-11-16T00:17:41.063+0000] {dag.py:3954} INFO - Setting next_dagrun for latest_only_with_trigger to 2024-11-15 20:00:00+00:00, run_after=2024-11-16 00:00:00+00:00
[2024-11-16T00:17:41.079+0000] {processor.py:183} INFO - Processing /home/airflow/.local/lib/python3.12/site-packages/airflow/example_dags/example_latest_only_with_trigger.py took 0.062 seconds
