[2024-11-16T00:16:09.673+0000] {processor.py:161} INFO - Started process (PID=61) to work on /home/airflow/.local/lib/python3.12/site-packages/airflow/example_dags/example_task_group.py
[2024-11-16T00:16:09.677+0000] {processor.py:830} INFO - Processing file /home/airflow/.local/lib/python3.12/site-packages/airflow/example_dags/example_task_group.py for tasks to queue
[2024-11-16T00:16:09.682+0000] {logging_mixin.py:188} INFO - [2024-11-16T00:16:09.682+0000] {dagbag.py:540} INFO - Filling up the DagBag from /home/airflow/.local/lib/python3.12/site-packages/airflow/example_dags/example_task_group.py
[2024-11-16T00:16:09.693+0000] {processor.py:840} INFO - DAG(s) 'example_task_group' retrieved from /home/airflow/.local/lib/python3.12/site-packages/airflow/example_dags/example_task_group.py
[2024-11-16T00:16:09.724+0000] {logging_mixin.py:188} INFO - [2024-11-16T00:16:09.724+0000] {dag.py:3096} INFO - Sync 1 DAGs
[2024-11-16T00:16:09.746+0000] {logging_mixin.py:188} INFO - [2024-11-16T00:16:09.746+0000] {dag.py:3954} INFO - Setting next_dagrun for example_task_group to 2024-11-15 00:00:00+00:00, run_after=2024-11-16 00:00:00+00:00
[2024-11-16T00:16:09.804+0000] {processor.py:183} INFO - Processing /home/airflow/.local/lib/python3.12/site-packages/airflow/example_dags/example_task_group.py took 0.143 seconds
[2024-11-16T00:16:40.165+0000] {processor.py:161} INFO - Started process (PID=118) to work on /home/airflow/.local/lib/python3.12/site-packages/airflow/example_dags/example_task_group.py
[2024-11-16T00:16:40.166+0000] {processor.py:830} INFO - Processing file /home/airflow/.local/lib/python3.12/site-packages/airflow/example_dags/example_task_group.py for tasks to queue
[2024-11-16T00:16:40.167+0000] {logging_mixin.py:188} INFO - [2024-11-16T00:16:40.167+0000] {dagbag.py:540} INFO - Filling up the DagBag from /home/airflow/.local/lib/python3.12/site-packages/airflow/example_dags/example_task_group.py
[2024-11-16T00:16:40.172+0000] {processor.py:840} INFO - DAG(s) 'example_task_group' retrieved from /home/airflow/.local/lib/python3.12/site-packages/airflow/example_dags/example_task_group.py
[2024-11-16T00:16:40.189+0000] {logging_mixin.py:188} INFO - [2024-11-16T00:16:40.188+0000] {dag.py:3096} INFO - Sync 1 DAGs
[2024-11-16T00:16:40.205+0000] {logging_mixin.py:188} INFO - [2024-11-16T00:16:40.205+0000] {dag.py:3954} INFO - Setting next_dagrun for example_task_group to 2024-11-15 00:00:00+00:00, run_after=2024-11-16 00:00:00+00:00
[2024-11-16T00:16:40.241+0000] {processor.py:183} INFO - Processing /home/airflow/.local/lib/python3.12/site-packages/airflow/example_dags/example_task_group.py took 0.081 seconds
[2024-11-16T00:17:10.929+0000] {processor.py:161} INFO - Started process (PID=172) to work on /home/airflow/.local/lib/python3.12/site-packages/airflow/example_dags/example_task_group.py
[2024-11-16T00:17:10.930+0000] {processor.py:830} INFO - Processing file /home/airflow/.local/lib/python3.12/site-packages/airflow/example_dags/example_task_group.py for tasks to queue
[2024-11-16T00:17:10.931+0000] {logging_mixin.py:188} INFO - [2024-11-16T00:17:10.931+0000] {dagbag.py:540} INFO - Filling up the DagBag from /home/airflow/.local/lib/python3.12/site-packages/airflow/example_dags/example_task_group.py
[2024-11-16T00:17:10.936+0000] {processor.py:840} INFO - DAG(s) 'example_task_group' retrieved from /home/airflow/.local/lib/python3.12/site-packages/airflow/example_dags/example_task_group.py
[2024-11-16T00:17:10.953+0000] {logging_mixin.py:188} INFO - [2024-11-16T00:17:10.953+0000] {dag.py:3096} INFO - Sync 1 DAGs
[2024-11-16T00:17:10.970+0000] {logging_mixin.py:188} INFO - [2024-11-16T00:17:10.970+0000] {dag.py:3954} INFO - Setting next_dagrun for example_task_group to 2024-11-15 00:00:00+00:00, run_after=2024-11-16 00:00:00+00:00
[2024-11-16T00:17:10.985+0000] {processor.py:183} INFO - Processing /home/airflow/.local/lib/python3.12/site-packages/airflow/example_dags/example_task_group.py took 0.060 seconds
