[2024-11-16T00:16:08.514+0000] {processor.py:161} INFO - Started process (PID=47) to work on /home/airflow/.local/lib/python3.12/site-packages/airflow/example_dags/example_task_group_decorator.py
[2024-11-16T00:16:08.514+0000] {processor.py:830} INFO - Processing file /home/airflow/.local/lib/python3.12/site-packages/airflow/example_dags/example_task_group_decorator.py for tasks to queue
[2024-11-16T00:16:08.516+0000] {logging_mixin.py:188} INFO - [2024-11-16T00:16:08.516+0000] {dagbag.py:540} INFO - Filling up the DagBag from /home/airflow/.local/lib/python3.12/site-packages/airflow/example_dags/example_task_group_decorator.py
[2024-11-16T00:16:08.529+0000] {processor.py:840} INFO - DAG(s) 'example_task_group_decorator' retrieved from /home/airflow/.local/lib/python3.12/site-packages/airflow/example_dags/example_task_group_decorator.py
[2024-11-16T00:16:08.554+0000] {logging_mixin.py:188} INFO - [2024-11-16T00:16:08.553+0000] {dag.py:3096} INFO - Sync 1 DAGs
[2024-11-16T00:16:08.582+0000] {logging_mixin.py:188} INFO - [2024-11-16T00:16:08.582+0000] {dag.py:3954} INFO - Setting next_dagrun for example_task_group_decorator to 2024-11-15 00:00:00+00:00, run_after=2024-11-16 00:00:00+00:00
[2024-11-16T00:16:08.601+0000] {processor.py:183} INFO - Processing /home/airflow/.local/lib/python3.12/site-packages/airflow/example_dags/example_task_group_decorator.py took 0.092 seconds
[2024-11-16T00:16:39.466+0000] {processor.py:161} INFO - Started process (PID=104) to work on /home/airflow/.local/lib/python3.12/site-packages/airflow/example_dags/example_task_group_decorator.py
[2024-11-16T00:16:39.467+0000] {processor.py:830} INFO - Processing file /home/airflow/.local/lib/python3.12/site-packages/airflow/example_dags/example_task_group_decorator.py for tasks to queue
[2024-11-16T00:16:39.468+0000] {logging_mixin.py:188} INFO - [2024-11-16T00:16:39.468+0000] {dagbag.py:540} INFO - Filling up the DagBag from /home/airflow/.local/lib/python3.12/site-packages/airflow/example_dags/example_task_group_decorator.py
[2024-11-16T00:16:39.478+0000] {processor.py:840} INFO - DAG(s) 'example_task_group_decorator' retrieved from /home/airflow/.local/lib/python3.12/site-packages/airflow/example_dags/example_task_group_decorator.py
[2024-11-16T00:16:39.498+0000] {logging_mixin.py:188} INFO - [2024-11-16T00:16:39.498+0000] {dag.py:3096} INFO - Sync 1 DAGs
[2024-11-16T00:16:39.520+0000] {logging_mixin.py:188} INFO - [2024-11-16T00:16:39.519+0000] {dag.py:3954} INFO - Setting next_dagrun for example_task_group_decorator to 2024-11-15 00:00:00+00:00, run_after=2024-11-16 00:00:00+00:00
[2024-11-16T00:16:39.537+0000] {processor.py:183} INFO - Processing /home/airflow/.local/lib/python3.12/site-packages/airflow/example_dags/example_task_group_decorator.py took 0.075 seconds
[2024-11-16T00:17:10.287+0000] {processor.py:161} INFO - Started process (PID=158) to work on /home/airflow/.local/lib/python3.12/site-packages/airflow/example_dags/example_task_group_decorator.py
[2024-11-16T00:17:10.288+0000] {processor.py:830} INFO - Processing file /home/airflow/.local/lib/python3.12/site-packages/airflow/example_dags/example_task_group_decorator.py for tasks to queue
[2024-11-16T00:17:10.289+0000] {logging_mixin.py:188} INFO - [2024-11-16T00:17:10.289+0000] {dagbag.py:540} INFO - Filling up the DagBag from /home/airflow/.local/lib/python3.12/site-packages/airflow/example_dags/example_task_group_decorator.py
[2024-11-16T00:17:10.299+0000] {processor.py:840} INFO - DAG(s) 'example_task_group_decorator' retrieved from /home/airflow/.local/lib/python3.12/site-packages/airflow/example_dags/example_task_group_decorator.py
[2024-11-16T00:17:10.319+0000] {logging_mixin.py:188} INFO - [2024-11-16T00:17:10.319+0000] {dag.py:3096} INFO - Sync 1 DAGs
[2024-11-16T00:17:10.338+0000] {logging_mixin.py:188} INFO - [2024-11-16T00:17:10.338+0000] {dag.py:3954} INFO - Setting next_dagrun for example_task_group_decorator to 2024-11-15 00:00:00+00:00, run_after=2024-11-16 00:00:00+00:00
[2024-11-16T00:17:10.353+0000] {processor.py:183} INFO - Processing /home/airflow/.local/lib/python3.12/site-packages/airflow/example_dags/example_task_group_decorator.py took 0.070 seconds
[2024-11-16T00:17:40.924+0000] {processor.py:161} INFO - Started process (PID=212) to work on /home/airflow/.local/lib/python3.12/site-packages/airflow/example_dags/example_task_group_decorator.py
[2024-11-16T00:17:40.925+0000] {processor.py:830} INFO - Processing file /home/airflow/.local/lib/python3.12/site-packages/airflow/example_dags/example_task_group_decorator.py for tasks to queue
[2024-11-16T00:17:40.926+0000] {logging_mixin.py:188} INFO - [2024-11-16T00:17:40.926+0000] {dagbag.py:540} INFO - Filling up the DagBag from /home/airflow/.local/lib/python3.12/site-packages/airflow/example_dags/example_task_group_decorator.py
[2024-11-16T00:17:40.940+0000] {processor.py:840} INFO - DAG(s) 'example_task_group_decorator' retrieved from /home/airflow/.local/lib/python3.12/site-packages/airflow/example_dags/example_task_group_decorator.py
[2024-11-16T00:17:40.962+0000] {logging_mixin.py:188} INFO - [2024-11-16T00:17:40.962+0000] {dag.py:3096} INFO - Sync 1 DAGs
[2024-11-16T00:17:40.983+0000] {logging_mixin.py:188} INFO - [2024-11-16T00:17:40.982+0000] {dag.py:3954} INFO - Setting next_dagrun for example_task_group_decorator to 2024-11-15 00:00:00+00:00, run_after=2024-11-16 00:00:00+00:00
[2024-11-16T00:17:40.999+0000] {processor.py:183} INFO - Processing /home/airflow/.local/lib/python3.12/site-packages/airflow/example_dags/example_task_group_decorator.py took 0.082 seconds
