[2024-11-16T00:15:46.367+0000] {processor.py:161} INFO - Started process (PID=73) to work on /home/airflow/.local/lib/python3.12/site-packages/airflow/example_dags/example_short_circuit_decorator.py
[2024-11-16T00:15:46.368+0000] {processor.py:830} INFO - Processing file /home/airflow/.local/lib/python3.12/site-packages/airflow/example_dags/example_short_circuit_decorator.py for tasks to queue
[2024-11-16T00:15:46.369+0000] {logging_mixin.py:188} INFO - [2024-11-16T00:15:46.369+0000] {dagbag.py:540} INFO - Filling up the DagBag from /home/airflow/.local/lib/python3.12/site-packages/airflow/example_dags/example_short_circuit_decorator.py
[2024-11-16T00:15:46.382+0000] {processor.py:840} INFO - DAG(s) 'example_short_circuit_decorator' retrieved from /home/airflow/.local/lib/python3.12/site-packages/airflow/example_dags/example_short_circuit_decorator.py
[2024-11-16T00:15:46.406+0000] {logging_mixin.py:188} INFO - [2024-11-16T00:15:46.406+0000] {dag.py:3096} INFO - Sync 1 DAGs
[2024-11-16T00:15:46.425+0000] {logging_mixin.py:188} INFO - [2024-11-16T00:15:46.424+0000] {dag.py:3954} INFO - Setting next_dagrun for example_short_circuit_decorator to 2024-11-15 00:00:00+00:00, run_after=2024-11-16 00:00:00+00:00
[2024-11-16T00:15:46.447+0000] {processor.py:183} INFO - Processing /home/airflow/.local/lib/python3.12/site-packages/airflow/example_dags/example_short_circuit_decorator.py took 0.084 seconds
[2024-11-16T00:16:16.906+0000] {processor.py:161} INFO - Started process (PID=94) to work on /home/airflow/.local/lib/python3.12/site-packages/airflow/example_dags/example_short_circuit_decorator.py
[2024-11-16T00:16:16.906+0000] {processor.py:830} INFO - Processing file /home/airflow/.local/lib/python3.12/site-packages/airflow/example_dags/example_short_circuit_decorator.py for tasks to queue
[2024-11-16T00:16:16.908+0000] {logging_mixin.py:188} INFO - [2024-11-16T00:16:16.907+0000] {dagbag.py:540} INFO - Filling up the DagBag from /home/airflow/.local/lib/python3.12/site-packages/airflow/example_dags/example_short_circuit_decorator.py
[2024-11-16T00:16:16.914+0000] {processor.py:840} INFO - DAG(s) 'example_short_circuit_decorator' retrieved from /home/airflow/.local/lib/python3.12/site-packages/airflow/example_dags/example_short_circuit_decorator.py
[2024-11-16T00:16:16.932+0000] {logging_mixin.py:188} INFO - [2024-11-16T00:16:16.932+0000] {dag.py:3096} INFO - Sync 1 DAGs
[2024-11-16T00:16:16.948+0000] {logging_mixin.py:188} INFO - [2024-11-16T00:16:16.948+0000] {dag.py:3954} INFO - Setting next_dagrun for example_short_circuit_decorator to 2024-11-15 00:00:00+00:00, run_after=2024-11-16 00:00:00+00:00
[2024-11-16T00:16:16.962+0000] {processor.py:183} INFO - Processing /home/airflow/.local/lib/python3.12/site-packages/airflow/example_dags/example_short_circuit_decorator.py took 0.060 seconds
[2024-11-16T00:16:47.727+0000] {processor.py:161} INFO - Started process (PID=148) to work on /home/airflow/.local/lib/python3.12/site-packages/airflow/example_dags/example_short_circuit_decorator.py
[2024-11-16T00:16:47.727+0000] {processor.py:830} INFO - Processing file /home/airflow/.local/lib/python3.12/site-packages/airflow/example_dags/example_short_circuit_decorator.py for tasks to queue
[2024-11-16T00:16:47.729+0000] {logging_mixin.py:188} INFO - [2024-11-16T00:16:47.729+0000] {dagbag.py:540} INFO - Filling up the DagBag from /home/airflow/.local/lib/python3.12/site-packages/airflow/example_dags/example_short_circuit_decorator.py
[2024-11-16T00:16:47.735+0000] {processor.py:840} INFO - DAG(s) 'example_short_circuit_decorator' retrieved from /home/airflow/.local/lib/python3.12/site-packages/airflow/example_dags/example_short_circuit_decorator.py
[2024-11-16T00:16:47.754+0000] {logging_mixin.py:188} INFO - [2024-11-16T00:16:47.754+0000] {dag.py:3096} INFO - Sync 1 DAGs
[2024-11-16T00:16:47.772+0000] {logging_mixin.py:188} INFO - [2024-11-16T00:16:47.771+0000] {dag.py:3954} INFO - Setting next_dagrun for example_short_circuit_decorator to 2024-11-15 00:00:00+00:00, run_after=2024-11-16 00:00:00+00:00
[2024-11-16T00:16:47.786+0000] {processor.py:183} INFO - Processing /home/airflow/.local/lib/python3.12/site-packages/airflow/example_dags/example_short_circuit_decorator.py took 0.064 seconds
[2024-11-16T00:17:18.243+0000] {processor.py:161} INFO - Started process (PID=202) to work on /home/airflow/.local/lib/python3.12/site-packages/airflow/example_dags/example_short_circuit_decorator.py
[2024-11-16T00:17:18.244+0000] {processor.py:830} INFO - Processing file /home/airflow/.local/lib/python3.12/site-packages/airflow/example_dags/example_short_circuit_decorator.py for tasks to queue
[2024-11-16T00:17:18.245+0000] {logging_mixin.py:188} INFO - [2024-11-16T00:17:18.245+0000] {dagbag.py:540} INFO - Filling up the DagBag from /home/airflow/.local/lib/python3.12/site-packages/airflow/example_dags/example_short_circuit_decorator.py
[2024-11-16T00:17:18.251+0000] {processor.py:840} INFO - DAG(s) 'example_short_circuit_decorator' retrieved from /home/airflow/.local/lib/python3.12/site-packages/airflow/example_dags/example_short_circuit_decorator.py
[2024-11-16T00:17:18.269+0000] {logging_mixin.py:188} INFO - [2024-11-16T00:17:18.269+0000] {dag.py:3096} INFO - Sync 1 DAGs
[2024-11-16T00:17:18.285+0000] {logging_mixin.py:188} INFO - [2024-11-16T00:17:18.284+0000] {dag.py:3954} INFO - Setting next_dagrun for example_short_circuit_decorator to 2024-11-15 00:00:00+00:00, run_after=2024-11-16 00:00:00+00:00
[2024-11-16T00:17:18.300+0000] {processor.py:183} INFO - Processing /home/airflow/.local/lib/python3.12/site-packages/airflow/example_dags/example_short_circuit_decorator.py took 0.061 seconds
