[2024-11-16T00:16:09.246+0000] {processor.py:161} INFO - Started process (PID=54) to work on /home/airflow/.local/lib/python3.12/site-packages/airflow/example_dags/example_sensors.py
[2024-11-16T00:16:09.246+0000] {processor.py:830} INFO - Processing file /home/airflow/.local/lib/python3.12/site-packages/airflow/example_dags/example_sensors.py for tasks to queue
[2024-11-16T00:16:09.248+0000] {logging_mixin.py:188} INFO - [2024-11-16T00:16:09.248+0000] {dagbag.py:540} INFO - Filling up the DagBag from /home/airflow/.local/lib/python3.12/site-packages/airflow/example_dags/example_sensors.py
[2024-11-16T00:16:09.262+0000] {processor.py:840} INFO - DAG(s) 'example_sensors' retrieved from /home/airflow/.local/lib/python3.12/site-packages/airflow/example_dags/example_sensors.py
[2024-11-16T00:16:09.291+0000] {logging_mixin.py:188} INFO - [2024-11-16T00:16:09.291+0000] {dag.py:3096} INFO - Sync 1 DAGs
[2024-11-16T00:16:09.304+0000] {logging_mixin.py:188} INFO - [2024-11-16T00:16:09.303+0000] {dag.py:3954} INFO - Setting next_dagrun for example_sensors to None, run_after=None
[2024-11-16T00:16:09.326+0000] {processor.py:183} INFO - Processing /home/airflow/.local/lib/python3.12/site-packages/airflow/example_dags/example_sensors.py took 0.085 seconds
[2024-11-16T00:16:39.842+0000] {processor.py:161} INFO - Started process (PID=111) to work on /home/airflow/.local/lib/python3.12/site-packages/airflow/example_dags/example_sensors.py
[2024-11-16T00:16:39.843+0000] {processor.py:830} INFO - Processing file /home/airflow/.local/lib/python3.12/site-packages/airflow/example_dags/example_sensors.py for tasks to queue
[2024-11-16T00:16:39.845+0000] {logging_mixin.py:188} INFO - [2024-11-16T00:16:39.844+0000] {dagbag.py:540} INFO - Filling up the DagBag from /home/airflow/.local/lib/python3.12/site-packages/airflow/example_dags/example_sensors.py
[2024-11-16T00:16:39.851+0000] {processor.py:840} INFO - DAG(s) 'example_sensors' retrieved from /home/airflow/.local/lib/python3.12/site-packages/airflow/example_dags/example_sensors.py
[2024-11-16T00:16:39.870+0000] {logging_mixin.py:188} INFO - [2024-11-16T00:16:39.870+0000] {dag.py:3096} INFO - Sync 1 DAGs
[2024-11-16T00:16:39.882+0000] {logging_mixin.py:188} INFO - [2024-11-16T00:16:39.881+0000] {dag.py:3954} INFO - Setting next_dagrun for example_sensors to None, run_after=None
[2024-11-16T00:16:39.898+0000] {processor.py:183} INFO - Processing /home/airflow/.local/lib/python3.12/site-packages/airflow/example_dags/example_sensors.py took 0.060 seconds
[2024-11-16T00:17:10.636+0000] {processor.py:161} INFO - Started process (PID=165) to work on /home/airflow/.local/lib/python3.12/site-packages/airflow/example_dags/example_sensors.py
[2024-11-16T00:17:10.637+0000] {processor.py:830} INFO - Processing file /home/airflow/.local/lib/python3.12/site-packages/airflow/example_dags/example_sensors.py for tasks to queue
[2024-11-16T00:17:10.638+0000] {logging_mixin.py:188} INFO - [2024-11-16T00:17:10.638+0000] {dagbag.py:540} INFO - Filling up the DagBag from /home/airflow/.local/lib/python3.12/site-packages/airflow/example_dags/example_sensors.py
[2024-11-16T00:17:10.645+0000] {processor.py:840} INFO - DAG(s) 'example_sensors' retrieved from /home/airflow/.local/lib/python3.12/site-packages/airflow/example_dags/example_sensors.py
[2024-11-16T00:17:10.663+0000] {logging_mixin.py:188} INFO - [2024-11-16T00:17:10.663+0000] {dag.py:3096} INFO - Sync 1 DAGs
[2024-11-16T00:17:10.672+0000] {logging_mixin.py:188} INFO - [2024-11-16T00:17:10.672+0000] {dag.py:3954} INFO - Setting next_dagrun for example_sensors to None, run_after=None
[2024-11-16T00:17:10.688+0000] {processor.py:183} INFO - Processing /home/airflow/.local/lib/python3.12/site-packages/airflow/example_dags/example_sensors.py took 0.056 seconds
[2024-11-16T00:17:41.319+0000] {processor.py:161} INFO - Started process (PID=219) to work on /home/airflow/.local/lib/python3.12/site-packages/airflow/example_dags/example_sensors.py
[2024-11-16T00:17:41.320+0000] {processor.py:830} INFO - Processing file /home/airflow/.local/lib/python3.12/site-packages/airflow/example_dags/example_sensors.py for tasks to queue
[2024-11-16T00:17:41.321+0000] {logging_mixin.py:188} INFO - [2024-11-16T00:17:41.321+0000] {dagbag.py:540} INFO - Filling up the DagBag from /home/airflow/.local/lib/python3.12/site-packages/airflow/example_dags/example_sensors.py
[2024-11-16T00:17:41.328+0000] {processor.py:840} INFO - DAG(s) 'example_sensors' retrieved from /home/airflow/.local/lib/python3.12/site-packages/airflow/example_dags/example_sensors.py
[2024-11-16T00:17:41.351+0000] {logging_mixin.py:188} INFO - [2024-11-16T00:17:41.350+0000] {dag.py:3096} INFO - Sync 1 DAGs
[2024-11-16T00:17:41.366+0000] {logging_mixin.py:188} INFO - [2024-11-16T00:17:41.366+0000] {dag.py:3954} INFO - Setting next_dagrun for example_sensors to None, run_after=None
[2024-11-16T00:17:41.386+0000] {processor.py:183} INFO - Processing /home/airflow/.local/lib/python3.12/site-packages/airflow/example_dags/example_sensors.py took 0.071 seconds
