[2024-11-16T00:16:10.541+0000] {processor.py:161} INFO - Started process (PID=72) to work on /home/airflow/.local/lib/python3.12/site-packages/airflow/example_dags/example_subdag_operator.py
[2024-11-16T00:16:10.543+0000] {processor.py:830} INFO - Processing file /home/airflow/.local/lib/python3.12/site-packages/airflow/example_dags/example_subdag_operator.py for tasks to queue
[2024-11-16T00:16:10.545+0000] {logging_mixin.py:188} INFO - [2024-11-16T00:16:10.545+0000] {dagbag.py:540} INFO - Filling up the DagBag from /home/airflow/.local/lib/python3.12/site-packages/airflow/example_dags/example_subdag_operator.py
[2024-11-16T00:16:10.585+0000] {processor.py:840} INFO - DAG(s) 'example_subdag_operator.section-1', 'example_subdag_operator.section-2', 'example_subdag_operator' retrieved from /home/airflow/.local/lib/python3.12/site-packages/airflow/example_dags/example_subdag_operator.py
[2024-11-16T00:15:46.287+0000] {logging_mixin.py:188} INFO - [2024-11-16T00:15:46.287+0000] {dag.py:3096} INFO - Sync 3 DAGs
[2024-11-16T00:15:46.314+0000] {logging_mixin.py:188} INFO - [2024-11-16T00:15:46.314+0000] {dag.py:3954} INFO - Setting next_dagrun for example_subdag_operator to 2022-01-01 00:00:00+00:00, run_after=2022-01-01 00:00:00+00:00
[2024-11-16T00:15:46.318+0000] {logging_mixin.py:188} INFO - [2024-11-16T00:15:46.317+0000] {dag.py:3954} INFO - Setting next_dagrun for example_subdag_operator.section-1 to None, run_after=None
[2024-11-16T00:15:46.319+0000] {logging_mixin.py:188} INFO - [2024-11-16T00:15:46.318+0000] {dag.py:3954} INFO - Setting next_dagrun for example_subdag_operator.section-2 to None, run_after=None
[2024-11-16T00:15:46.324+0000] {logging_mixin.py:188} INFO - [2024-11-16T00:15:46.324+0000] {dag.py:3096} INFO - Sync 2 DAGs
[2024-11-16T00:15:46.330+0000] {logging_mixin.py:188} INFO - [2024-11-16T00:15:46.329+0000] {dag.py:3954} INFO - Setting next_dagrun for example_subdag_operator.section-1 to None, run_after=None
[2024-11-16T00:15:46.330+0000] {logging_mixin.py:188} INFO - [2024-11-16T00:15:46.330+0000] {dag.py:3954} INFO - Setting next_dagrun for example_subdag_operator.section-2 to None, run_after=None
[2024-11-16T00:15:46.340+0000] {processor.py:183} INFO - Processing /home/airflow/.local/lib/python3.12/site-packages/airflow/example_dags/example_subdag_operator.py took 0.130 seconds
[2024-11-16T00:16:16.818+0000] {processor.py:161} INFO - Started process (PID=93) to work on /home/airflow/.local/lib/python3.12/site-packages/airflow/example_dags/example_subdag_operator.py
[2024-11-16T00:16:16.819+0000] {processor.py:830} INFO - Processing file /home/airflow/.local/lib/python3.12/site-packages/airflow/example_dags/example_subdag_operator.py for tasks to queue
[2024-11-16T00:16:16.820+0000] {logging_mixin.py:188} INFO - [2024-11-16T00:16:16.820+0000] {dagbag.py:540} INFO - Filling up the DagBag from /home/airflow/.local/lib/python3.12/site-packages/airflow/example_dags/example_subdag_operator.py
[2024-11-16T00:16:16.837+0000] {processor.py:840} INFO - DAG(s) 'example_subdag_operator.section-1', 'example_subdag_operator.section-2', 'example_subdag_operator' retrieved from /home/airflow/.local/lib/python3.12/site-packages/airflow/example_dags/example_subdag_operator.py
[2024-11-16T00:16:16.848+0000] {logging_mixin.py:188} INFO - [2024-11-16T00:16:16.848+0000] {dag.py:3096} INFO - Sync 3 DAGs
[2024-11-16T00:16:16.863+0000] {logging_mixin.py:188} INFO - [2024-11-16T00:16:16.863+0000] {dag.py:3954} INFO - Setting next_dagrun for example_subdag_operator to 2022-01-01 00:00:00+00:00, run_after=2022-01-01 00:00:00+00:00
[2024-11-16T00:16:16.866+0000] {logging_mixin.py:188} INFO - [2024-11-16T00:16:16.866+0000] {dag.py:3954} INFO - Setting next_dagrun for example_subdag_operator.section-1 to None, run_after=None
[2024-11-16T00:16:16.867+0000] {logging_mixin.py:188} INFO - [2024-11-16T00:16:16.867+0000] {dag.py:3954} INFO - Setting next_dagrun for example_subdag_operator.section-2 to None, run_after=None
[2024-11-16T00:16:16.872+0000] {logging_mixin.py:188} INFO - [2024-11-16T00:16:16.872+0000] {dag.py:3096} INFO - Sync 2 DAGs
[2024-11-16T00:16:16.875+0000] {logging_mixin.py:188} INFO - [2024-11-16T00:16:16.875+0000] {dag.py:3954} INFO - Setting next_dagrun for example_subdag_operator.section-1 to None, run_after=None
[2024-11-16T00:16:16.876+0000] {logging_mixin.py:188} INFO - [2024-11-16T00:16:16.876+0000] {dag.py:3954} INFO - Setting next_dagrun for example_subdag_operator.section-2 to None, run_after=None
[2024-11-16T00:16:16.885+0000] {processor.py:183} INFO - Processing /home/airflow/.local/lib/python3.12/site-packages/airflow/example_dags/example_subdag_operator.py took 0.070 seconds
[2024-11-16T00:16:47.628+0000] {processor.py:161} INFO - Started process (PID=147) to work on /home/airflow/.local/lib/python3.12/site-packages/airflow/example_dags/example_subdag_operator.py
[2024-11-16T00:16:47.629+0000] {processor.py:830} INFO - Processing file /home/airflow/.local/lib/python3.12/site-packages/airflow/example_dags/example_subdag_operator.py for tasks to queue
[2024-11-16T00:16:47.630+0000] {logging_mixin.py:188} INFO - [2024-11-16T00:16:47.630+0000] {dagbag.py:540} INFO - Filling up the DagBag from /home/airflow/.local/lib/python3.12/site-packages/airflow/example_dags/example_subdag_operator.py
[2024-11-16T00:16:47.651+0000] {processor.py:840} INFO - DAG(s) 'example_subdag_operator.section-1', 'example_subdag_operator.section-2', 'example_subdag_operator' retrieved from /home/airflow/.local/lib/python3.12/site-packages/airflow/example_dags/example_subdag_operator.py
[2024-11-16T00:16:47.663+0000] {logging_mixin.py:188} INFO - [2024-11-16T00:16:47.663+0000] {dag.py:3096} INFO - Sync 3 DAGs
[2024-11-16T00:16:47.681+0000] {logging_mixin.py:188} INFO - [2024-11-16T00:16:47.681+0000] {dag.py:3954} INFO - Setting next_dagrun for example_subdag_operator to 2022-01-01 00:00:00+00:00, run_after=2022-01-01 00:00:00+00:00
[2024-11-16T00:16:47.684+0000] {logging_mixin.py:188} INFO - [2024-11-16T00:16:47.684+0000] {dag.py:3954} INFO - Setting next_dagrun for example_subdag_operator.section-1 to None, run_after=None
[2024-11-16T00:16:47.685+0000] {logging_mixin.py:188} INFO - [2024-11-16T00:16:47.685+0000] {dag.py:3954} INFO - Setting next_dagrun for example_subdag_operator.section-2 to None, run_after=None
[2024-11-16T00:16:47.690+0000] {logging_mixin.py:188} INFO - [2024-11-16T00:16:47.690+0000] {dag.py:3096} INFO - Sync 2 DAGs
[2024-11-16T00:16:47.694+0000] {logging_mixin.py:188} INFO - [2024-11-16T00:16:47.694+0000] {dag.py:3954} INFO - Setting next_dagrun for example_subdag_operator.section-1 to None, run_after=None
[2024-11-16T00:16:47.695+0000] {logging_mixin.py:188} INFO - [2024-11-16T00:16:47.695+0000] {dag.py:3954} INFO - Setting next_dagrun for example_subdag_operator.section-2 to None, run_after=None
[2024-11-16T00:16:47.705+0000] {processor.py:183} INFO - Processing /home/airflow/.local/lib/python3.12/site-packages/airflow/example_dags/example_subdag_operator.py took 0.082 seconds
[2024-11-16T00:17:18.155+0000] {processor.py:161} INFO - Started process (PID=201) to work on /home/airflow/.local/lib/python3.12/site-packages/airflow/example_dags/example_subdag_operator.py
[2024-11-16T00:17:18.156+0000] {processor.py:830} INFO - Processing file /home/airflow/.local/lib/python3.12/site-packages/airflow/example_dags/example_subdag_operator.py for tasks to queue
[2024-11-16T00:17:18.157+0000] {logging_mixin.py:188} INFO - [2024-11-16T00:17:18.157+0000] {dagbag.py:540} INFO - Filling up the DagBag from /home/airflow/.local/lib/python3.12/site-packages/airflow/example_dags/example_subdag_operator.py
[2024-11-16T00:17:18.173+0000] {processor.py:840} INFO - DAG(s) 'example_subdag_operator.section-1', 'example_subdag_operator.section-2', 'example_subdag_operator' retrieved from /home/airflow/.local/lib/python3.12/site-packages/airflow/example_dags/example_subdag_operator.py
[2024-11-16T00:17:18.184+0000] {logging_mixin.py:188} INFO - [2024-11-16T00:17:18.183+0000] {dag.py:3096} INFO - Sync 3 DAGs
[2024-11-16T00:17:18.198+0000] {logging_mixin.py:188} INFO - [2024-11-16T00:17:18.198+0000] {dag.py:3954} INFO - Setting next_dagrun for example_subdag_operator to 2022-01-01 00:00:00+00:00, run_after=2022-01-01 00:00:00+00:00
[2024-11-16T00:17:18.202+0000] {logging_mixin.py:188} INFO - [2024-11-16T00:17:18.202+0000] {dag.py:3954} INFO - Setting next_dagrun for example_subdag_operator.section-1 to None, run_after=None
[2024-11-16T00:17:18.203+0000] {logging_mixin.py:188} INFO - [2024-11-16T00:17:18.203+0000] {dag.py:3954} INFO - Setting next_dagrun for example_subdag_operator.section-2 to None, run_after=None
[2024-11-16T00:17:18.208+0000] {logging_mixin.py:188} INFO - [2024-11-16T00:17:18.208+0000] {dag.py:3096} INFO - Sync 2 DAGs
[2024-11-16T00:17:18.213+0000] {logging_mixin.py:188} INFO - [2024-11-16T00:17:18.212+0000] {dag.py:3954} INFO - Setting next_dagrun for example_subdag_operator.section-1 to None, run_after=None
[2024-11-16T00:17:18.213+0000] {logging_mixin.py:188} INFO - [2024-11-16T00:17:18.213+0000] {dag.py:3954} INFO - Setting next_dagrun for example_subdag_operator.section-2 to None, run_after=None
[2024-11-16T00:17:18.221+0000] {processor.py:183} INFO - Processing /home/airflow/.local/lib/python3.12/site-packages/airflow/example_dags/example_subdag_operator.py took 0.069 seconds
