[2024-11-16T00:16:11.116+0000] {processor.py:161} INFO - Started process (PID=78) to work on /home/airflow/.local/lib/python3.12/site-packages/airflow/example_dags/example_kubernetes_executor.py
[2024-11-16T00:16:11.117+0000] {processor.py:830} INFO - Processing file /home/airflow/.local/lib/python3.12/site-packages/airflow/example_dags/example_kubernetes_executor.py for tasks to queue
[2024-11-16T00:16:11.118+0000] {logging_mixin.py:188} INFO - [2024-11-16T00:16:11.118+0000] {dagbag.py:540} INFO - Filling up the DagBag from /home/airflow/.local/lib/python3.12/site-packages/airflow/example_dags/example_kubernetes_executor.py
[2024-11-16T00:16:11.127+0000] {processor.py:840} INFO - DAG(s) 'example_kubernetes_executor' retrieved from /home/airflow/.local/lib/python3.12/site-packages/airflow/example_dags/example_kubernetes_executor.py
[2024-11-16T00:16:11.157+0000] {logging_mixin.py:188} INFO - [2024-11-16T00:16:11.156+0000] {dag.py:3096} INFO - Sync 1 DAGs
[2024-11-16T00:16:11.173+0000] {logging_mixin.py:188} INFO - [2024-11-16T00:16:11.172+0000] {dag.py:3954} INFO - Setting next_dagrun for example_kubernetes_executor to None, run_after=None
[2024-11-16T00:16:11.192+0000] {processor.py:183} INFO - Processing /home/airflow/.local/lib/python3.12/site-packages/airflow/example_dags/example_kubernetes_executor.py took 0.080 seconds
[2024-11-16T00:16:41.853+0000] {processor.py:161} INFO - Started process (PID=132) to work on /home/airflow/.local/lib/python3.12/site-packages/airflow/example_dags/example_kubernetes_executor.py
[2024-11-16T00:16:41.853+0000] {processor.py:830} INFO - Processing file /home/airflow/.local/lib/python3.12/site-packages/airflow/example_dags/example_kubernetes_executor.py for tasks to queue
[2024-11-16T00:16:41.855+0000] {logging_mixin.py:188} INFO - [2024-11-16T00:16:41.854+0000] {dagbag.py:540} INFO - Filling up the DagBag from /home/airflow/.local/lib/python3.12/site-packages/airflow/example_dags/example_kubernetes_executor.py
[2024-11-16T00:16:41.863+0000] {processor.py:840} INFO - DAG(s) 'example_kubernetes_executor' retrieved from /home/airflow/.local/lib/python3.12/site-packages/airflow/example_dags/example_kubernetes_executor.py
[2024-11-16T00:16:41.888+0000] {logging_mixin.py:188} INFO - [2024-11-16T00:16:41.888+0000] {dag.py:3096} INFO - Sync 1 DAGs
[2024-11-16T00:16:41.897+0000] {logging_mixin.py:188} INFO - [2024-11-16T00:16:41.897+0000] {dag.py:3954} INFO - Setting next_dagrun for example_kubernetes_executor to None, run_after=None
[2024-11-16T00:16:41.912+0000] {processor.py:183} INFO - Processing /home/airflow/.local/lib/python3.12/site-packages/airflow/example_dags/example_kubernetes_executor.py took 0.063 seconds
[2024-11-16T00:17:12.506+0000] {processor.py:161} INFO - Started process (PID=186) to work on /home/airflow/.local/lib/python3.12/site-packages/airflow/example_dags/example_kubernetes_executor.py
[2024-11-16T00:17:12.507+0000] {processor.py:830} INFO - Processing file /home/airflow/.local/lib/python3.12/site-packages/airflow/example_dags/example_kubernetes_executor.py for tasks to queue
[2024-11-16T00:17:12.508+0000] {logging_mixin.py:188} INFO - [2024-11-16T00:17:12.508+0000] {dagbag.py:540} INFO - Filling up the DagBag from /home/airflow/.local/lib/python3.12/site-packages/airflow/example_dags/example_kubernetes_executor.py
[2024-11-16T00:17:12.517+0000] {processor.py:840} INFO - DAG(s) 'example_kubernetes_executor' retrieved from /home/airflow/.local/lib/python3.12/site-packages/airflow/example_dags/example_kubernetes_executor.py
[2024-11-16T00:17:12.546+0000] {logging_mixin.py:188} INFO - [2024-11-16T00:17:12.545+0000] {dag.py:3096} INFO - Sync 1 DAGs
[2024-11-16T00:17:12.555+0000] {logging_mixin.py:188} INFO - [2024-11-16T00:17:12.555+0000] {dag.py:3954} INFO - Setting next_dagrun for example_kubernetes_executor to None, run_after=None
[2024-11-16T00:17:12.572+0000] {processor.py:183} INFO - Processing /home/airflow/.local/lib/python3.12/site-packages/airflow/example_dags/example_kubernetes_executor.py took 0.070 seconds
