[2024-11-16T00:16:10.290+0000] {processor.py:161} INFO - Started process (PID=69) to work on /home/airflow/.local/lib/python3.12/site-packages/airflow/example_dags/example_branch_operator.py
[2024-11-16T00:16:10.291+0000] {processor.py:830} INFO - Processing file /home/airflow/.local/lib/python3.12/site-packages/airflow/example_dags/example_branch_operator.py for tasks to queue
[2024-11-16T00:16:10.293+0000] {logging_mixin.py:188} INFO - [2024-11-16T00:16:10.292+0000] {dagbag.py:540} INFO - Filling up the DagBag from /home/airflow/.local/lib/python3.12/site-packages/airflow/example_dags/example_branch_operator.py
[2024-11-16T00:16:10.318+0000] {processor.py:840} INFO - DAG(s) 'example_branch_operator' retrieved from /home/airflow/.local/lib/python3.12/site-packages/airflow/example_dags/example_branch_operator.py
[2024-11-16T00:16:10.445+0000] {logging_mixin.py:188} INFO - [2024-11-16T00:16:10.445+0000] {dag.py:3096} INFO - Sync 1 DAGs
[2024-11-16T00:16:10.465+0000] {logging_mixin.py:188} INFO - [2024-11-16T00:16:10.465+0000] {dag.py:3954} INFO - Setting next_dagrun for example_branch_operator to 2024-11-15 00:00:00+00:00, run_after=2024-11-16 00:00:00+00:00
[2024-11-16T00:16:10.491+0000] {processor.py:183} INFO - Processing /home/airflow/.local/lib/python3.12/site-packages/airflow/example_dags/example_branch_operator.py took 0.217 seconds
[2024-11-16T00:16:40.598+0000] {processor.py:161} INFO - Started process (PID=126) to work on /home/airflow/.local/lib/python3.12/site-packages/airflow/example_dags/example_branch_operator.py
[2024-11-16T00:16:40.599+0000] {processor.py:830} INFO - Processing file /home/airflow/.local/lib/python3.12/site-packages/airflow/example_dags/example_branch_operator.py for tasks to queue
[2024-11-16T00:16:40.600+0000] {logging_mixin.py:188} INFO - [2024-11-16T00:16:40.600+0000] {dagbag.py:540} INFO - Filling up the DagBag from /home/airflow/.local/lib/python3.12/site-packages/airflow/example_dags/example_branch_operator.py
[2024-11-16T00:16:40.612+0000] {processor.py:840} INFO - DAG(s) 'example_branch_operator' retrieved from /home/airflow/.local/lib/python3.12/site-packages/airflow/example_dags/example_branch_operator.py
[2024-11-16T00:16:40.635+0000] {logging_mixin.py:188} INFO - [2024-11-16T00:16:40.635+0000] {dag.py:3096} INFO - Sync 1 DAGs
[2024-11-16T00:16:40.653+0000] {logging_mixin.py:188} INFO - [2024-11-16T00:16:40.653+0000] {dag.py:3954} INFO - Setting next_dagrun for example_branch_operator to 2024-11-15 00:00:00+00:00, run_after=2024-11-16 00:00:00+00:00
[2024-11-16T00:16:40.668+0000] {processor.py:183} INFO - Processing /home/airflow/.local/lib/python3.12/site-packages/airflow/example_dags/example_branch_operator.py took 0.074 seconds
[2024-11-16T00:17:11.240+0000] {processor.py:161} INFO - Started process (PID=180) to work on /home/airflow/.local/lib/python3.12/site-packages/airflow/example_dags/example_branch_operator.py
[2024-11-16T00:17:11.241+0000] {processor.py:830} INFO - Processing file /home/airflow/.local/lib/python3.12/site-packages/airflow/example_dags/example_branch_operator.py for tasks to queue
[2024-11-16T00:17:11.242+0000] {logging_mixin.py:188} INFO - [2024-11-16T00:17:11.242+0000] {dagbag.py:540} INFO - Filling up the DagBag from /home/airflow/.local/lib/python3.12/site-packages/airflow/example_dags/example_branch_operator.py
[2024-11-16T00:17:11.254+0000] {processor.py:840} INFO - DAG(s) 'example_branch_operator' retrieved from /home/airflow/.local/lib/python3.12/site-packages/airflow/example_dags/example_branch_operator.py
[2024-11-16T00:17:11.276+0000] {logging_mixin.py:188} INFO - [2024-11-16T00:17:11.276+0000] {dag.py:3096} INFO - Sync 1 DAGs
[2024-11-16T00:17:11.294+0000] {logging_mixin.py:188} INFO - [2024-11-16T00:17:11.294+0000] {dag.py:3954} INFO - Setting next_dagrun for example_branch_operator to 2024-11-15 00:00:00+00:00, run_after=2024-11-16 00:00:00+00:00
[2024-11-16T00:17:11.310+0000] {processor.py:183} INFO - Processing /home/airflow/.local/lib/python3.12/site-packages/airflow/example_dags/example_branch_operator.py took 0.074 seconds
