[2024-11-16T00:16:07.934+0000] {processor.py:161} INFO - Started process (PID=42) to work on /home/airflow/.local/lib/python3.12/site-packages/airflow/example_dags/example_short_circuit_operator.py
[2024-11-16T00:16:07.935+0000] {processor.py:830} INFO - Processing file /home/airflow/.local/lib/python3.12/site-packages/airflow/example_dags/example_short_circuit_operator.py for tasks to queue
[2024-11-16T00:16:07.937+0000] {logging_mixin.py:188} INFO - [2024-11-16T00:16:07.936+0000] {dagbag.py:540} INFO - Filling up the DagBag from /home/airflow/.local/lib/python3.12/site-packages/airflow/example_dags/example_short_circuit_operator.py
[2024-11-16T00:16:07.944+0000] {processor.py:840} INFO - DAG(s) 'example_short_circuit_operator' retrieved from /home/airflow/.local/lib/python3.12/site-packages/airflow/example_dags/example_short_circuit_operator.py
[2024-11-16T00:16:07.969+0000] {logging_mixin.py:188} INFO - [2024-11-16T00:16:07.969+0000] {dag.py:3096} INFO - Sync 1 DAGs
[2024-11-16T00:16:07.991+0000] {logging_mixin.py:188} INFO - [2024-11-16T00:16:07.990+0000] {dag.py:3954} INFO - Setting next_dagrun for example_short_circuit_operator to 2024-11-15 00:00:00+00:00, run_after=2024-11-16 00:00:00+00:00
[2024-11-16T00:16:08.011+0000] {processor.py:183} INFO - Processing /home/airflow/.local/lib/python3.12/site-packages/airflow/example_dags/example_short_circuit_operator.py took 0.081 seconds
[2024-11-16T00:16:38.121+0000] {processor.py:161} INFO - Started process (PID=97) to work on /home/airflow/.local/lib/python3.12/site-packages/airflow/example_dags/example_short_circuit_operator.py
[2024-11-16T00:16:38.122+0000] {processor.py:830} INFO - Processing file /home/airflow/.local/lib/python3.12/site-packages/airflow/example_dags/example_short_circuit_operator.py for tasks to queue
[2024-11-16T00:16:38.124+0000] {logging_mixin.py:188} INFO - [2024-11-16T00:16:38.123+0000] {dagbag.py:540} INFO - Filling up the DagBag from /home/airflow/.local/lib/python3.12/site-packages/airflow/example_dags/example_short_circuit_operator.py
[2024-11-16T00:16:38.129+0000] {processor.py:840} INFO - DAG(s) 'example_short_circuit_operator' retrieved from /home/airflow/.local/lib/python3.12/site-packages/airflow/example_dags/example_short_circuit_operator.py
[2024-11-16T00:16:38.147+0000] {logging_mixin.py:188} INFO - [2024-11-16T00:16:38.147+0000] {dag.py:3096} INFO - Sync 1 DAGs
[2024-11-16T00:16:38.164+0000] {logging_mixin.py:188} INFO - [2024-11-16T00:16:38.164+0000] {dag.py:3954} INFO - Setting next_dagrun for example_short_circuit_operator to 2024-11-15 00:00:00+00:00, run_after=2024-11-16 00:00:00+00:00
[2024-11-16T00:16:38.179+0000] {processor.py:183} INFO - Processing /home/airflow/.local/lib/python3.12/site-packages/airflow/example_dags/example_short_circuit_operator.py took 0.063 seconds
[2024-11-16T00:17:08.958+0000] {processor.py:161} INFO - Started process (PID=151) to work on /home/airflow/.local/lib/python3.12/site-packages/airflow/example_dags/example_short_circuit_operator.py
[2024-11-16T00:17:08.959+0000] {processor.py:830} INFO - Processing file /home/airflow/.local/lib/python3.12/site-packages/airflow/example_dags/example_short_circuit_operator.py for tasks to queue
[2024-11-16T00:17:08.961+0000] {logging_mixin.py:188} INFO - [2024-11-16T00:17:08.961+0000] {dagbag.py:540} INFO - Filling up the DagBag from /home/airflow/.local/lib/python3.12/site-packages/airflow/example_dags/example_short_circuit_operator.py
[2024-11-16T00:17:08.967+0000] {processor.py:840} INFO - DAG(s) 'example_short_circuit_operator' retrieved from /home/airflow/.local/lib/python3.12/site-packages/airflow/example_dags/example_short_circuit_operator.py
[2024-11-16T00:17:08.985+0000] {logging_mixin.py:188} INFO - [2024-11-16T00:17:08.985+0000] {dag.py:3096} INFO - Sync 1 DAGs
[2024-11-16T00:17:09.004+0000] {logging_mixin.py:188} INFO - [2024-11-16T00:17:09.003+0000] {dag.py:3954} INFO - Setting next_dagrun for example_short_circuit_operator to 2024-11-15 00:00:00+00:00, run_after=2024-11-16 00:00:00+00:00
[2024-11-16T00:17:09.019+0000] {processor.py:183} INFO - Processing /home/airflow/.local/lib/python3.12/site-packages/airflow/example_dags/example_short_circuit_operator.py took 0.065 seconds
[2024-11-16T00:17:39.458+0000] {processor.py:161} INFO - Started process (PID=205) to work on /home/airflow/.local/lib/python3.12/site-packages/airflow/example_dags/example_short_circuit_operator.py
[2024-11-16T00:17:39.459+0000] {processor.py:830} INFO - Processing file /home/airflow/.local/lib/python3.12/site-packages/airflow/example_dags/example_short_circuit_operator.py for tasks to queue
[2024-11-16T00:17:39.460+0000] {logging_mixin.py:188} INFO - [2024-11-16T00:17:39.460+0000] {dagbag.py:540} INFO - Filling up the DagBag from /home/airflow/.local/lib/python3.12/site-packages/airflow/example_dags/example_short_circuit_operator.py
[2024-11-16T00:17:39.465+0000] {processor.py:840} INFO - DAG(s) 'example_short_circuit_operator' retrieved from /home/airflow/.local/lib/python3.12/site-packages/airflow/example_dags/example_short_circuit_operator.py
[2024-11-16T00:17:39.481+0000] {logging_mixin.py:188} INFO - [2024-11-16T00:17:39.481+0000] {dag.py:3096} INFO - Sync 1 DAGs
[2024-11-16T00:17:39.495+0000] {logging_mixin.py:188} INFO - [2024-11-16T00:17:39.495+0000] {dag.py:3954} INFO - Setting next_dagrun for example_short_circuit_operator to 2024-11-15 00:00:00+00:00, run_after=2024-11-16 00:00:00+00:00
[2024-11-16T00:17:39.509+0000] {processor.py:183} INFO - Processing /home/airflow/.local/lib/python3.12/site-packages/airflow/example_dags/example_short_circuit_operator.py took 0.055 seconds
