[2024-11-16T00:15:46.493+0000] {processor.py:161} INFO - Started process (PID=75) to work on /home/airflow/.local/lib/python3.12/site-packages/airflow/example_dags/example_python_operator.py
[2024-11-16T00:16:10.810+0000] {processor.py:830} INFO - Processing file /home/airflow/.local/lib/python3.12/site-packages/airflow/example_dags/example_python_operator.py for tasks to queue
[2024-11-16T00:16:10.816+0000] {logging_mixin.py:188} INFO - [2024-11-16T00:16:10.815+0000] {dagbag.py:540} INFO - Filling up the DagBag from /home/airflow/.local/lib/python3.12/site-packages/airflow/example_dags/example_python_operator.py
[2024-11-16T00:16:10.829+0000] {processor.py:840} INFO - DAG(s) 'example_python_operator' retrieved from /home/airflow/.local/lib/python3.12/site-packages/airflow/example_dags/example_python_operator.py
[2024-11-16T00:16:10.962+0000] {logging_mixin.py:188} INFO - [2024-11-16T00:16:10.962+0000] {dag.py:3096} INFO - Sync 1 DAGs
[2024-11-16T00:16:10.978+0000] {logging_mixin.py:188} INFO - [2024-11-16T00:16:10.978+0000] {dag.py:3954} INFO - Setting next_dagrun for example_python_operator to None, run_after=None
[2024-11-16T00:16:10.995+0000] {processor.py:183} INFO - Processing /home/airflow/.local/lib/python3.12/site-packages/airflow/example_dags/example_python_operator.py took 0.198 seconds
[2024-11-16T00:16:41.705+0000] {processor.py:161} INFO - Started process (PID=129) to work on /home/airflow/.local/lib/python3.12/site-packages/airflow/example_dags/example_python_operator.py
[2024-11-16T00:16:41.706+0000] {processor.py:830} INFO - Processing file /home/airflow/.local/lib/python3.12/site-packages/airflow/example_dags/example_python_operator.py for tasks to queue
[2024-11-16T00:16:41.707+0000] {logging_mixin.py:188} INFO - [2024-11-16T00:16:41.707+0000] {dagbag.py:540} INFO - Filling up the DagBag from /home/airflow/.local/lib/python3.12/site-packages/airflow/example_dags/example_python_operator.py
[2024-11-16T00:16:41.714+0000] {processor.py:840} INFO - DAG(s) 'example_python_operator' retrieved from /home/airflow/.local/lib/python3.12/site-packages/airflow/example_dags/example_python_operator.py
[2024-11-16T00:16:41.731+0000] {logging_mixin.py:188} INFO - [2024-11-16T00:16:41.730+0000] {dag.py:3096} INFO - Sync 1 DAGs
[2024-11-16T00:16:41.740+0000] {logging_mixin.py:188} INFO - [2024-11-16T00:16:41.739+0000] {dag.py:3954} INFO - Setting next_dagrun for example_python_operator to None, run_after=None
[2024-11-16T00:16:41.752+0000] {processor.py:183} INFO - Processing /home/airflow/.local/lib/python3.12/site-packages/airflow/example_dags/example_python_operator.py took 0.052 seconds
[2024-11-16T00:17:12.343+0000] {processor.py:161} INFO - Started process (PID=183) to work on /home/airflow/.local/lib/python3.12/site-packages/airflow/example_dags/example_python_operator.py
[2024-11-16T00:17:12.344+0000] {processor.py:830} INFO - Processing file /home/airflow/.local/lib/python3.12/site-packages/airflow/example_dags/example_python_operator.py for tasks to queue
[2024-11-16T00:17:12.345+0000] {logging_mixin.py:188} INFO - [2024-11-16T00:17:12.345+0000] {dagbag.py:540} INFO - Filling up the DagBag from /home/airflow/.local/lib/python3.12/site-packages/airflow/example_dags/example_python_operator.py
[2024-11-16T00:17:12.354+0000] {processor.py:840} INFO - DAG(s) 'example_python_operator' retrieved from /home/airflow/.local/lib/python3.12/site-packages/airflow/example_dags/example_python_operator.py
[2024-11-16T00:17:12.370+0000] {logging_mixin.py:188} INFO - [2024-11-16T00:17:12.370+0000] {dag.py:3096} INFO - Sync 1 DAGs
[2024-11-16T00:17:12.380+0000] {logging_mixin.py:188} INFO - [2024-11-16T00:17:12.379+0000] {dag.py:3954} INFO - Setting next_dagrun for example_python_operator to None, run_after=None
[2024-11-16T00:17:12.396+0000] {processor.py:183} INFO - Processing /home/airflow/.local/lib/python3.12/site-packages/airflow/example_dags/example_python_operator.py took 0.057 seconds
