[2024-11-16T00:16:09.946+0000] {processor.py:161} INFO - Started process (PID=65) to work on /home/airflow/.local/lib/python3.12/site-packages/airflow/example_dags/example_branch_labels.py
[2024-11-16T00:16:09.947+0000] {processor.py:830} INFO - Processing file /home/airflow/.local/lib/python3.12/site-packages/airflow/example_dags/example_branch_labels.py for tasks to queue
[2024-11-16T00:16:09.949+0000] {logging_mixin.py:188} INFO - [2024-11-16T00:16:09.949+0000] {dagbag.py:540} INFO - Filling up the DagBag from /home/airflow/.local/lib/python3.12/site-packages/airflow/example_dags/example_branch_labels.py
[2024-11-16T00:16:09.962+0000] {processor.py:840} INFO - DAG(s) 'example_branch_labels' retrieved from /home/airflow/.local/lib/python3.12/site-packages/airflow/example_dags/example_branch_labels.py
[2024-11-16T00:16:09.997+0000] {logging_mixin.py:188} INFO - [2024-11-16T00:16:09.996+0000] {dag.py:3096} INFO - Sync 1 DAGs
[2024-11-16T00:16:10.022+0000] {logging_mixin.py:188} INFO - [2024-11-16T00:16:10.022+0000] {dag.py:3954} INFO - Setting next_dagrun for example_branch_labels to 2024-11-15 00:00:00+00:00, run_after=2024-11-16 00:00:00+00:00
[2024-11-16T00:16:10.040+0000] {processor.py:183} INFO - Processing /home/airflow/.local/lib/python3.12/site-packages/airflow/example_dags/example_branch_labels.py took 0.098 seconds
[2024-11-16T00:16:40.351+0000] {processor.py:161} INFO - Started process (PID=122) to work on /home/airflow/.local/lib/python3.12/site-packages/airflow/example_dags/example_branch_labels.py
[2024-11-16T00:16:40.352+0000] {processor.py:830} INFO - Processing file /home/airflow/.local/lib/python3.12/site-packages/airflow/example_dags/example_branch_labels.py for tasks to queue
[2024-11-16T00:16:40.354+0000] {logging_mixin.py:188} INFO - [2024-11-16T00:16:40.354+0000] {dagbag.py:540} INFO - Filling up the DagBag from /home/airflow/.local/lib/python3.12/site-packages/airflow/example_dags/example_branch_labels.py
[2024-11-16T00:16:40.362+0000] {processor.py:840} INFO - DAG(s) 'example_branch_labels' retrieved from /home/airflow/.local/lib/python3.12/site-packages/airflow/example_dags/example_branch_labels.py
[2024-11-16T00:16:40.384+0000] {logging_mixin.py:188} INFO - [2024-11-16T00:16:40.384+0000] {dag.py:3096} INFO - Sync 1 DAGs
[2024-11-16T00:16:40.403+0000] {logging_mixin.py:188} INFO - [2024-11-16T00:16:40.403+0000] {dag.py:3954} INFO - Setting next_dagrun for example_branch_labels to 2024-11-15 00:00:00+00:00, run_after=2024-11-16 00:00:00+00:00
[2024-11-16T00:16:40.420+0000] {processor.py:183} INFO - Processing /home/airflow/.local/lib/python3.12/site-packages/airflow/example_dags/example_branch_labels.py took 0.074 seconds
[2024-11-16T00:17:11.079+0000] {processor.py:161} INFO - Started process (PID=176) to work on /home/airflow/.local/lib/python3.12/site-packages/airflow/example_dags/example_branch_labels.py
[2024-11-16T00:17:11.080+0000] {processor.py:830} INFO - Processing file /home/airflow/.local/lib/python3.12/site-packages/airflow/example_dags/example_branch_labels.py for tasks to queue
[2024-11-16T00:17:11.081+0000] {logging_mixin.py:188} INFO - [2024-11-16T00:17:11.081+0000] {dagbag.py:540} INFO - Filling up the DagBag from /home/airflow/.local/lib/python3.12/site-packages/airflow/example_dags/example_branch_labels.py
[2024-11-16T00:17:11.087+0000] {processor.py:840} INFO - DAG(s) 'example_branch_labels' retrieved from /home/airflow/.local/lib/python3.12/site-packages/airflow/example_dags/example_branch_labels.py
[2024-11-16T00:17:11.104+0000] {logging_mixin.py:188} INFO - [2024-11-16T00:17:11.104+0000] {dag.py:3096} INFO - Sync 1 DAGs
[2024-11-16T00:17:11.123+0000] {logging_mixin.py:188} INFO - [2024-11-16T00:17:11.122+0000] {dag.py:3954} INFO - Setting next_dagrun for example_branch_labels to 2024-11-15 00:00:00+00:00, run_after=2024-11-16 00:00:00+00:00
[2024-11-16T00:17:11.139+0000] {processor.py:183} INFO - Processing /home/airflow/.local/lib/python3.12/site-packages/airflow/example_dags/example_branch_labels.py took 0.064 seconds
