[2024-11-16T00:16:11.026+0000] {processor.py:161} INFO - Started process (PID=77) to work on /home/airflow/.local/lib/python3.12/site-packages/airflow/example_dags/tutorial.py
[2024-11-16T00:16:11.027+0000] {processor.py:830} INFO - Processing file /home/airflow/.local/lib/python3.12/site-packages/airflow/example_dags/tutorial.py for tasks to queue
[2024-11-16T00:16:11.028+0000] {logging_mixin.py:188} INFO - [2024-11-16T00:16:11.028+0000] {dagbag.py:540} INFO - Filling up the DagBag from /home/airflow/.local/lib/python3.12/site-packages/airflow/example_dags/tutorial.py
[2024-11-16T00:16:11.033+0000] {processor.py:840} INFO - DAG(s) 'tutorial' retrieved from /home/airflow/.local/lib/python3.12/site-packages/airflow/example_dags/tutorial.py
[2024-11-16T00:16:11.050+0000] {logging_mixin.py:188} INFO - [2024-11-16T00:16:11.050+0000] {dag.py:3096} INFO - Sync 1 DAGs
[2024-11-16T00:16:11.069+0000] {logging_mixin.py:188} INFO - [2024-11-16T00:16:11.069+0000] {dag.py:3954} INFO - Setting next_dagrun for tutorial to 2024-11-15 00:00:00+00:00, run_after=2024-11-16 00:00:00+00:00
[2024-11-16T00:16:11.085+0000] {processor.py:183} INFO - Processing /home/airflow/.local/lib/python3.12/site-packages/airflow/example_dags/tutorial.py took 0.063 seconds
[2024-11-16T00:16:41.853+0000] {processor.py:161} INFO - Started process (PID=131) to work on /home/airflow/.local/lib/python3.12/site-packages/airflow/example_dags/tutorial.py
[2024-11-16T00:16:41.853+0000] {processor.py:830} INFO - Processing file /home/airflow/.local/lib/python3.12/site-packages/airflow/example_dags/tutorial.py for tasks to queue
[2024-11-16T00:16:41.854+0000] {logging_mixin.py:188} INFO - [2024-11-16T00:16:41.854+0000] {dagbag.py:540} INFO - Filling up the DagBag from /home/airflow/.local/lib/python3.12/site-packages/airflow/example_dags/tutorial.py
[2024-11-16T00:16:41.858+0000] {processor.py:840} INFO - DAG(s) 'tutorial' retrieved from /home/airflow/.local/lib/python3.12/site-packages/airflow/example_dags/tutorial.py
[2024-11-16T00:16:41.873+0000] {logging_mixin.py:188} INFO - [2024-11-16T00:16:41.873+0000] {dag.py:3096} INFO - Sync 1 DAGs
[2024-11-16T00:16:41.889+0000] {logging_mixin.py:188} INFO - [2024-11-16T00:16:41.889+0000] {dag.py:3954} INFO - Setting next_dagrun for tutorial to 2024-11-15 00:00:00+00:00, run_after=2024-11-16 00:00:00+00:00
[2024-11-16T00:16:41.903+0000] {processor.py:183} INFO - Processing /home/airflow/.local/lib/python3.12/site-packages/airflow/example_dags/tutorial.py took 0.054 seconds
[2024-11-16T00:17:12.504+0000] {processor.py:161} INFO - Started process (PID=185) to work on /home/airflow/.local/lib/python3.12/site-packages/airflow/example_dags/tutorial.py
[2024-11-16T00:17:12.505+0000] {processor.py:830} INFO - Processing file /home/airflow/.local/lib/python3.12/site-packages/airflow/example_dags/tutorial.py for tasks to queue
[2024-11-16T00:17:12.507+0000] {logging_mixin.py:188} INFO - [2024-11-16T00:17:12.506+0000] {dagbag.py:540} INFO - Filling up the DagBag from /home/airflow/.local/lib/python3.12/site-packages/airflow/example_dags/tutorial.py
[2024-11-16T00:17:12.511+0000] {processor.py:840} INFO - DAG(s) 'tutorial' retrieved from /home/airflow/.local/lib/python3.12/site-packages/airflow/example_dags/tutorial.py
[2024-11-16T00:17:12.527+0000] {logging_mixin.py:188} INFO - [2024-11-16T00:17:12.527+0000] {dag.py:3096} INFO - Sync 1 DAGs
[2024-11-16T00:17:12.544+0000] {logging_mixin.py:188} INFO - [2024-11-16T00:17:12.544+0000] {dag.py:3954} INFO - Setting next_dagrun for tutorial to 2024-11-15 00:00:00+00:00, run_after=2024-11-16 00:00:00+00:00
[2024-11-16T00:17:12.560+0000] {processor.py:183} INFO - Processing /home/airflow/.local/lib/python3.12/site-packages/airflow/example_dags/tutorial.py took 0.060 seconds
