[2024-11-16T00:16:07.651+0000] {processor.py:161} INFO - Started process (PID=38) to work on /opt/airflow/dags/DAG.py
[2024-11-16T00:16:07.652+0000] {processor.py:830} INFO - Processing file /opt/airflow/dags/DAG.py for tasks to queue
[2024-11-16T00:16:07.654+0000] {logging_mixin.py:188} INFO - [2024-11-16T00:16:07.654+0000] {dagbag.py:540} INFO - Filling up the DagBag from /opt/airflow/dags/DAG.py
[2024-11-16T00:16:08.555+0000] {processor.py:840} INFO - DAG(s) 'ETL_DAG' retrieved from /opt/airflow/dags/DAG.py
[2024-11-16T00:16:08.586+0000] {logging_mixin.py:188} INFO - [2024-11-16T00:16:08.585+0000] {dag.py:3096} INFO - Sync 1 DAGs
[2024-11-16T00:16:08.631+0000] {processor.py:183} INFO - Processing /opt/airflow/dags/DAG.py took 0.986 seconds
[2024-11-16T00:16:39.212+0000] {processor.py:161} INFO - Started process (PID=99) to work on /opt/airflow/dags/DAG.py
[2024-11-16T00:16:39.213+0000] {processor.py:830} INFO - Processing file /opt/airflow/dags/DAG.py for tasks to queue
[2024-11-16T00:16:39.215+0000] {logging_mixin.py:188} INFO - [2024-11-16T00:16:39.214+0000] {dagbag.py:540} INFO - Filling up the DagBag from /opt/airflow/dags/DAG.py
[2024-11-16T00:16:39.598+0000] {processor.py:840} INFO - DAG(s) 'ETL_DAG' retrieved from /opt/airflow/dags/DAG.py
[2024-11-16T00:16:39.612+0000] {logging_mixin.py:188} INFO - [2024-11-16T00:16:39.612+0000] {dag.py:3096} INFO - Sync 1 DAGs
[2024-11-16T00:16:39.642+0000] {processor.py:183} INFO - Processing /opt/airflow/dags/DAG.py took 0.434 seconds
[2024-11-16T00:17:10.051+0000] {processor.py:161} INFO - Started process (PID=153) to work on /opt/airflow/dags/DAG.py
[2024-11-16T00:17:10.052+0000] {processor.py:830} INFO - Processing file /opt/airflow/dags/DAG.py for tasks to queue
[2024-11-16T00:17:10.054+0000] {logging_mixin.py:188} INFO - [2024-11-16T00:17:10.053+0000] {dagbag.py:540} INFO - Filling up the DagBag from /opt/airflow/dags/DAG.py
[2024-11-16T00:17:10.408+0000] {processor.py:840} INFO - DAG(s) 'ETL_DAG' retrieved from /opt/airflow/dags/DAG.py
[2024-11-16T00:17:10.420+0000] {logging_mixin.py:188} INFO - [2024-11-16T00:17:10.420+0000] {dag.py:3096} INFO - Sync 1 DAGs
[2024-11-16T00:17:10.446+0000] {processor.py:183} INFO - Processing /opt/airflow/dags/DAG.py took 0.398 seconds
[2024-11-16T00:17:40.539+0000] {processor.py:161} INFO - Started process (PID=207) to work on /opt/airflow/dags/DAG.py
[2024-11-16T00:17:40.539+0000] {processor.py:830} INFO - Processing file /opt/airflow/dags/DAG.py for tasks to queue
[2024-11-16T00:17:40.541+0000] {logging_mixin.py:188} INFO - [2024-11-16T00:17:40.540+0000] {dagbag.py:540} INFO - Filling up the DagBag from /opt/airflow/dags/DAG.py
[2024-11-16T00:17:41.050+0000] {processor.py:840} INFO - DAG(s) 'ETL_DAG' retrieved from /opt/airflow/dags/DAG.py
[2024-11-16T00:17:41.063+0000] {logging_mixin.py:188} INFO - [2024-11-16T00:17:41.063+0000] {dag.py:3096} INFO - Sync 1 DAGs
[2024-11-16T00:17:41.097+0000] {processor.py:183} INFO - Processing /opt/airflow/dags/DAG.py took 0.562 seconds
