[2024-11-14T14:39:09.846+0000] {local_task_job_runner.py:120} INFO - ::group::Pre task execution logs
[2024-11-14T14:39:09.862+0000] {taskinstance.py:2073} INFO - Dependencies all met for dep_context=non-requeueable deps ti=<TaskInstance: ETL_DAG.division manual__2024-11-14T14:39:05.275979+00:00 [queued]>
[2024-11-14T14:39:09.869+0000] {taskinstance.py:2073} INFO - Dependencies all met for dep_context=requeueable deps ti=<TaskInstance: ETL_DAG.division manual__2024-11-14T14:39:05.275979+00:00 [queued]>
[2024-11-14T14:39:09.869+0000] {taskinstance.py:2303} INFO - Starting attempt 1 of 2
[2024-11-14T14:39:09.886+0000] {taskinstance.py:2327} INFO - Executing <Task(PythonOperator): division> on 2024-11-14 14:39:05.275979+00:00
[2024-11-14T14:39:09.892+0000] {warnings.py:110} WARNING - /home/***/.local/lib/python3.12/site-packages/***/task/task_runner/standard_task_runner.py:61: DeprecationWarning: This process (pid=58) is multi-threaded, use of fork() may lead to deadlocks in the child.
  pid = os.fork()

[2024-11-14T14:39:09.893+0000] {standard_task_runner.py:90} INFO - Running: ['***', 'tasks', 'run', 'ETL_DAG', 'division', 'manual__2024-11-14T14:39:05.275979+00:00', '--job-id', '118', '--raw', '--subdir', 'DAGS_FOLDER/DAG.py', '--cfg-path', '/tmp/tmpsul1z1lg']
[2024-11-14T14:39:09.894+0000] {standard_task_runner.py:63} INFO - Started process 65 to run task
[2024-11-14T14:39:09.894+0000] {standard_task_runner.py:91} INFO - Job 118: Subtask division
[2024-11-14T14:39:09.934+0000] {task_command.py:426} INFO - Running <TaskInstance: ETL_DAG.division manual__2024-11-14T14:39:05.275979+00:00 [running]> on host 84411076f847
[2024-11-14T14:39:10.007+0000] {taskinstance.py:2644} INFO - Exporting env vars: AIRFLOW_CTX_DAG_OWNER='***' AIRFLOW_CTX_DAG_ID='ETL_DAG' AIRFLOW_CTX_TASK_ID='division' AIRFLOW_CTX_EXECUTION_DATE='2024-11-14T14:39:05.275979+00:00' AIRFLOW_CTX_TRY_NUMBER='1' AIRFLOW_CTX_DAG_RUN_ID='manual__2024-11-14T14:39:05.275979+00:00'
[2024-11-14T14:39:10.008+0000] {taskinstance.py:430} INFO - ::endgroup::
[2024-11-14T14:39:10.009+0000] {DAG.py:46} INFO - La división de 9 entre 3 es: 3.0
[2024-11-14T14:39:10.009+0000] {python.py:237} INFO - Done. Returned value was: 3.0
[2024-11-14T14:39:10.010+0000] {taskinstance.py:441} INFO - ::group::Post task execution logs
[2024-11-14T14:39:10.028+0000] {taskinstance.py:1205} INFO - Marking task as SUCCESS. dag_id=ETL_DAG, task_id=division, execution_date=20241114T143905, start_date=20241114T143909, end_date=20241114T143910
[2024-11-14T14:39:10.068+0000] {local_task_job_runner.py:240} INFO - Task exited with return code 0
[2024-11-14T14:39:10.086+0000] {taskinstance.py:3482} INFO - 0 downstream tasks scheduled from follow-on schedule check
[2024-11-14T14:39:10.089+0000] {local_task_job_runner.py:222} INFO - ::endgroup::
