[2024-11-05T16:26:39.880+0000] {processor.py:161} INFO - Started process (PID=50) to work on /opt/airflow/dags/DAG.py
[2024-11-05T16:26:39.881+0000] {processor.py:830} INFO - Processing file /opt/airflow/dags/DAG.py for tasks to queue
[2024-11-05T16:26:39.882+0000] {logging_mixin.py:188} INFO - [2024-11-05T16:26:39.882+0000] {dagbag.py:540} INFO - Filling up the DagBag from /opt/airflow/dags/DAG.py
[2024-11-05T16:26:39.899+0000] {logging_mixin.py:188} INFO - [2024-11-05T16:26:39.895+0000] {dagbag.py:350} ERROR - Failed to import: /opt/airflow/dags/DAG.py
Traceback (most recent call last):
  File "/home/airflow/.local/lib/python3.12/site-packages/airflow/models/dagbag.py", line 346, in parse
    loader.exec_module(new_module)
  File "<frozen importlib._bootstrap_external>", line 995, in exec_module
  File "<frozen importlib._bootstrap>", line 488, in _call_with_frames_removed
  File "/opt/airflow/dags/DAG.py", line 21, in <module>
    dag = DAG(
          ^^^^
  File "/home/airflow/.local/lib/python3.12/site-packages/airflow/models/dag.py", line 580, in __init__
    raise ValueError("DAG is missing the start_date parameter")
ValueError: DAG is missing the start_date parameter
[2024-11-05T16:26:39.900+0000] {processor.py:842} WARNING - No viable dags retrieved from /opt/airflow/dags/DAG.py
[2024-11-05T16:26:39.921+0000] {processor.py:183} INFO - Processing /opt/airflow/dags/DAG.py took 0.044 seconds
[2024-11-05T16:27:10.130+0000] {processor.py:161} INFO - Started process (PID=109) to work on /opt/airflow/dags/DAG.py
[2024-11-05T16:27:10.131+0000] {processor.py:830} INFO - Processing file /opt/airflow/dags/DAG.py for tasks to queue
[2024-11-05T16:27:10.132+0000] {logging_mixin.py:188} INFO - [2024-11-05T16:27:10.132+0000] {dagbag.py:540} INFO - Filling up the DagBag from /opt/airflow/dags/DAG.py
[2024-11-05T16:27:10.142+0000] {logging_mixin.py:188} INFO - [2024-11-05T16:27:10.139+0000] {dagbag.py:350} ERROR - Failed to import: /opt/airflow/dags/DAG.py
Traceback (most recent call last):
  File "/home/airflow/.local/lib/python3.12/site-packages/airflow/models/dagbag.py", line 346, in parse
    loader.exec_module(new_module)
  File "<frozen importlib._bootstrap_external>", line 995, in exec_module
  File "<frozen importlib._bootstrap>", line 488, in _call_with_frames_removed
  File "/opt/airflow/dags/DAG.py", line 21, in <module>
    dag = DAG(
          ^^^^
  File "/home/airflow/.local/lib/python3.12/site-packages/airflow/models/dag.py", line 580, in __init__
    raise ValueError("DAG is missing the start_date parameter")
ValueError: DAG is missing the start_date parameter
[2024-11-05T16:27:10.143+0000] {processor.py:842} WARNING - No viable dags retrieved from /opt/airflow/dags/DAG.py
[2024-11-05T16:27:10.158+0000] {processor.py:183} INFO - Processing /opt/airflow/dags/DAG.py took 0.033 seconds
[2024-11-05T16:27:40.209+0000] {processor.py:161} INFO - Started process (PID=168) to work on /opt/airflow/dags/DAG.py
[2024-11-05T16:27:40.210+0000] {processor.py:830} INFO - Processing file /opt/airflow/dags/DAG.py for tasks to queue
[2024-11-05T16:27:40.211+0000] {logging_mixin.py:188} INFO - [2024-11-05T16:27:40.211+0000] {dagbag.py:540} INFO - Filling up the DagBag from /opt/airflow/dags/DAG.py
[2024-11-05T16:27:40.222+0000] {logging_mixin.py:188} INFO - [2024-11-05T16:27:40.218+0000] {dagbag.py:350} ERROR - Failed to import: /opt/airflow/dags/DAG.py
Traceback (most recent call last):
  File "/home/airflow/.local/lib/python3.12/site-packages/airflow/models/dagbag.py", line 346, in parse
    loader.exec_module(new_module)
  File "<frozen importlib._bootstrap_external>", line 995, in exec_module
  File "<frozen importlib._bootstrap>", line 488, in _call_with_frames_removed
  File "/opt/airflow/dags/DAG.py", line 21, in <module>
    dag = DAG(
          ^^^^
  File "/home/airflow/.local/lib/python3.12/site-packages/airflow/models/dag.py", line 580, in __init__
    raise ValueError("DAG is missing the start_date parameter")
ValueError: DAG is missing the start_date parameter
[2024-11-05T16:27:40.223+0000] {processor.py:842} WARNING - No viable dags retrieved from /opt/airflow/dags/DAG.py
[2024-11-05T16:27:40.237+0000] {processor.py:183} INFO - Processing /opt/airflow/dags/DAG.py took 0.032 seconds
[2024-11-05T16:28:10.325+0000] {processor.py:161} INFO - Started process (PID=227) to work on /opt/airflow/dags/DAG.py
[2024-11-05T16:28:10.325+0000] {processor.py:830} INFO - Processing file /opt/airflow/dags/DAG.py for tasks to queue
[2024-11-05T16:28:10.327+0000] {logging_mixin.py:188} INFO - [2024-11-05T16:28:10.326+0000] {dagbag.py:540} INFO - Filling up the DagBag from /opt/airflow/dags/DAG.py
[2024-11-05T16:28:10.337+0000] {logging_mixin.py:188} INFO - [2024-11-05T16:28:10.334+0000] {dagbag.py:350} ERROR - Failed to import: /opt/airflow/dags/DAG.py
Traceback (most recent call last):
  File "/home/airflow/.local/lib/python3.12/site-packages/airflow/models/dagbag.py", line 346, in parse
    loader.exec_module(new_module)
  File "<frozen importlib._bootstrap_external>", line 995, in exec_module
  File "<frozen importlib._bootstrap>", line 488, in _call_with_frames_removed
  File "/opt/airflow/dags/DAG.py", line 21, in <module>
    dag = DAG(
          ^^^^
  File "/home/airflow/.local/lib/python3.12/site-packages/airflow/models/dag.py", line 580, in __init__
    raise ValueError("DAG is missing the start_date parameter")
ValueError: DAG is missing the start_date parameter
[2024-11-05T16:28:10.338+0000] {processor.py:842} WARNING - No viable dags retrieved from /opt/airflow/dags/DAG.py
[2024-11-05T16:28:10.352+0000] {processor.py:183} INFO - Processing /opt/airflow/dags/DAG.py took 0.031 seconds
[2024-11-05T16:28:40.880+0000] {processor.py:161} INFO - Started process (PID=286) to work on /opt/airflow/dags/DAG.py
[2024-11-05T16:28:40.881+0000] {processor.py:830} INFO - Processing file /opt/airflow/dags/DAG.py for tasks to queue
[2024-11-05T16:28:40.882+0000] {logging_mixin.py:188} INFO - [2024-11-05T16:28:40.882+0000] {dagbag.py:540} INFO - Filling up the DagBag from /opt/airflow/dags/DAG.py
[2024-11-05T16:28:40.892+0000] {logging_mixin.py:188} INFO - [2024-11-05T16:28:40.889+0000] {dagbag.py:350} ERROR - Failed to import: /opt/airflow/dags/DAG.py
Traceback (most recent call last):
  File "/home/airflow/.local/lib/python3.12/site-packages/airflow/models/dagbag.py", line 346, in parse
    loader.exec_module(new_module)
  File "<frozen importlib._bootstrap_external>", line 995, in exec_module
  File "<frozen importlib._bootstrap>", line 488, in _call_with_frames_removed
  File "/opt/airflow/dags/DAG.py", line 21, in <module>
    dag = DAG(
          ^^^^
  File "/home/airflow/.local/lib/python3.12/site-packages/airflow/models/dag.py", line 580, in __init__
    raise ValueError("DAG is missing the start_date parameter")
ValueError: DAG is missing the start_date parameter
[2024-11-05T16:28:40.893+0000] {processor.py:842} WARNING - No viable dags retrieved from /opt/airflow/dags/DAG.py
[2024-11-05T16:28:40.906+0000] {processor.py:183} INFO - Processing /opt/airflow/dags/DAG.py took 0.030 seconds
[2024-11-05T16:29:11.236+0000] {processor.py:161} INFO - Started process (PID=345) to work on /opt/airflow/dags/DAG.py
[2024-11-05T16:29:11.237+0000] {processor.py:830} INFO - Processing file /opt/airflow/dags/DAG.py for tasks to queue
[2024-11-05T16:29:11.238+0000] {logging_mixin.py:188} INFO - [2024-11-05T16:29:11.237+0000] {dagbag.py:540} INFO - Filling up the DagBag from /opt/airflow/dags/DAG.py
[2024-11-05T16:29:11.247+0000] {logging_mixin.py:188} INFO - [2024-11-05T16:29:11.245+0000] {dagbag.py:350} ERROR - Failed to import: /opt/airflow/dags/DAG.py
Traceback (most recent call last):
  File "/home/airflow/.local/lib/python3.12/site-packages/airflow/models/dagbag.py", line 346, in parse
    loader.exec_module(new_module)
  File "<frozen importlib._bootstrap_external>", line 995, in exec_module
  File "<frozen importlib._bootstrap>", line 488, in _call_with_frames_removed
  File "/opt/airflow/dags/DAG.py", line 21, in <module>
    dag = DAG(
          ^^^^
  File "/home/airflow/.local/lib/python3.12/site-packages/airflow/models/dag.py", line 580, in __init__
    raise ValueError("DAG is missing the start_date parameter")
ValueError: DAG is missing the start_date parameter
[2024-11-05T16:29:11.248+0000] {processor.py:842} WARNING - No viable dags retrieved from /opt/airflow/dags/DAG.py
[2024-11-05T16:29:11.261+0000] {processor.py:183} INFO - Processing /opt/airflow/dags/DAG.py took 0.029 seconds
[2024-11-05T16:29:41.558+0000] {processor.py:161} INFO - Started process (PID=404) to work on /opt/airflow/dags/DAG.py
[2024-11-05T16:29:41.559+0000] {processor.py:830} INFO - Processing file /opt/airflow/dags/DAG.py for tasks to queue
[2024-11-05T16:29:41.561+0000] {logging_mixin.py:188} INFO - [2024-11-05T16:29:41.560+0000] {dagbag.py:540} INFO - Filling up the DagBag from /opt/airflow/dags/DAG.py
[2024-11-05T16:29:41.570+0000] {logging_mixin.py:188} INFO - [2024-11-05T16:29:41.567+0000] {dagbag.py:350} ERROR - Failed to import: /opt/airflow/dags/DAG.py
Traceback (most recent call last):
  File "/home/airflow/.local/lib/python3.12/site-packages/airflow/models/dagbag.py", line 346, in parse
    loader.exec_module(new_module)
  File "<frozen importlib._bootstrap_external>", line 995, in exec_module
  File "<frozen importlib._bootstrap>", line 488, in _call_with_frames_removed
  File "/opt/airflow/dags/DAG.py", line 21, in <module>
    dag = DAG(
          ^^^^
  File "/home/airflow/.local/lib/python3.12/site-packages/airflow/models/dag.py", line 580, in __init__
    raise ValueError("DAG is missing the start_date parameter")
ValueError: DAG is missing the start_date parameter
[2024-11-05T16:29:41.571+0000] {processor.py:842} WARNING - No viable dags retrieved from /opt/airflow/dags/DAG.py
[2024-11-05T16:29:41.584+0000] {processor.py:183} INFO - Processing /opt/airflow/dags/DAG.py took 0.030 seconds
[2024-11-05T16:30:11.741+0000] {processor.py:161} INFO - Started process (PID=463) to work on /opt/airflow/dags/DAG.py
[2024-11-05T16:30:11.741+0000] {processor.py:830} INFO - Processing file /opt/airflow/dags/DAG.py for tasks to queue
[2024-11-05T16:30:11.743+0000] {logging_mixin.py:188} INFO - [2024-11-05T16:30:11.743+0000] {dagbag.py:540} INFO - Filling up the DagBag from /opt/airflow/dags/DAG.py
[2024-11-05T16:30:11.755+0000] {logging_mixin.py:188} INFO - [2024-11-05T16:30:11.752+0000] {dagbag.py:350} ERROR - Failed to import: /opt/airflow/dags/DAG.py
Traceback (most recent call last):
  File "/home/airflow/.local/lib/python3.12/site-packages/airflow/models/dagbag.py", line 346, in parse
    loader.exec_module(new_module)
  File "<frozen importlib._bootstrap_external>", line 995, in exec_module
  File "<frozen importlib._bootstrap>", line 488, in _call_with_frames_removed
  File "/opt/airflow/dags/DAG.py", line 21, in <module>
    dag = DAG(
          ^^^^
  File "/home/airflow/.local/lib/python3.12/site-packages/airflow/models/dag.py", line 580, in __init__
    raise ValueError("DAG is missing the start_date parameter")
ValueError: DAG is missing the start_date parameter
[2024-11-05T16:30:11.756+0000] {processor.py:842} WARNING - No viable dags retrieved from /opt/airflow/dags/DAG.py
[2024-11-05T16:30:11.769+0000] {processor.py:183} INFO - Processing /opt/airflow/dags/DAG.py took 0.032 seconds
[2024-11-05T16:30:42.019+0000] {processor.py:161} INFO - Started process (PID=522) to work on /opt/airflow/dags/DAG.py
[2024-11-05T16:30:42.020+0000] {processor.py:830} INFO - Processing file /opt/airflow/dags/DAG.py for tasks to queue
[2024-11-05T16:30:42.021+0000] {logging_mixin.py:188} INFO - [2024-11-05T16:30:42.021+0000] {dagbag.py:540} INFO - Filling up the DagBag from /opt/airflow/dags/DAG.py
[2024-11-05T16:30:42.031+0000] {logging_mixin.py:188} INFO - [2024-11-05T16:30:42.028+0000] {dagbag.py:350} ERROR - Failed to import: /opt/airflow/dags/DAG.py
Traceback (most recent call last):
  File "/home/airflow/.local/lib/python3.12/site-packages/airflow/models/dagbag.py", line 346, in parse
    loader.exec_module(new_module)
  File "<frozen importlib._bootstrap_external>", line 995, in exec_module
  File "<frozen importlib._bootstrap>", line 488, in _call_with_frames_removed
  File "/opt/airflow/dags/DAG.py", line 21, in <module>
    dag = DAG(
          ^^^^
  File "/home/airflow/.local/lib/python3.12/site-packages/airflow/models/dag.py", line 580, in __init__
    raise ValueError("DAG is missing the start_date parameter")
ValueError: DAG is missing the start_date parameter
[2024-11-05T16:30:42.032+0000] {processor.py:842} WARNING - No viable dags retrieved from /opt/airflow/dags/DAG.py
[2024-11-05T16:30:42.045+0000] {processor.py:183} INFO - Processing /opt/airflow/dags/DAG.py took 0.030 seconds
[2024-11-05T16:31:07.317+0000] {processor.py:161} INFO - Started process (PID=581) to work on /opt/airflow/dags/DAG.py
[2024-11-05T16:31:07.318+0000] {processor.py:830} INFO - Processing file /opt/airflow/dags/DAG.py for tasks to queue
[2024-11-05T16:31:07.319+0000] {logging_mixin.py:188} INFO - [2024-11-05T16:31:07.319+0000] {dagbag.py:540} INFO - Filling up the DagBag from /opt/airflow/dags/DAG.py
[2024-11-05T16:31:07.337+0000] {processor.py:840} INFO - DAG(s) 'MI_DAG' retrieved from /opt/airflow/dags/DAG.py
[2024-11-05T16:31:07.406+0000] {logging_mixin.py:188} INFO - [2024-11-05T16:31:07.405+0000] {override.py:1829} INFO - Created Permission View: can delete on DAG:MI_DAG
[2024-11-05T16:31:07.412+0000] {logging_mixin.py:188} INFO - [2024-11-05T16:31:07.412+0000] {override.py:1829} INFO - Created Permission View: can edit on DAG:MI_DAG
[2024-11-05T16:31:07.417+0000] {logging_mixin.py:188} INFO - [2024-11-05T16:31:07.417+0000] {override.py:1829} INFO - Created Permission View: can read on DAG:MI_DAG
[2024-11-05T16:31:07.418+0000] {logging_mixin.py:188} INFO - [2024-11-05T16:31:07.418+0000] {dag.py:3096} INFO - Sync 1 DAGs
[2024-11-05T16:31:07.425+0000] {logging_mixin.py:188} INFO - [2024-11-05T16:31:07.425+0000] {dag.py:3118} INFO - Creating ORM DAG for MI_DAG
[2024-11-05T16:31:07.433+0000] {logging_mixin.py:188} INFO - [2024-11-05T16:31:07.433+0000] {dag.py:3954} INFO - Setting next_dagrun for MI_DAG to 2024-11-04 09:00:00+00:00, run_after=2024-11-05 09:00:00+00:00
[2024-11-05T16:31:07.560+0000] {processor.py:183} INFO - Processing /opt/airflow/dags/DAG.py took 0.247 seconds
[2024-11-05T16:31:37.663+0000] {processor.py:161} INFO - Started process (PID=640) to work on /opt/airflow/dags/DAG.py
[2024-11-05T16:31:37.664+0000] {processor.py:830} INFO - Processing file /opt/airflow/dags/DAG.py for tasks to queue
[2024-11-05T16:31:37.666+0000] {logging_mixin.py:188} INFO - [2024-11-05T16:31:37.666+0000] {dagbag.py:540} INFO - Filling up the DagBag from /opt/airflow/dags/DAG.py
[2024-11-05T16:31:37.678+0000] {processor.py:840} INFO - DAG(s) 'MI_DAG' retrieved from /opt/airflow/dags/DAG.py
[2024-11-05T16:31:37.695+0000] {logging_mixin.py:188} INFO - [2024-11-05T16:31:37.695+0000] {dag.py:3096} INFO - Sync 1 DAGs
[2024-11-05T16:31:37.715+0000] {logging_mixin.py:188} INFO - [2024-11-05T16:31:37.715+0000] {dag.py:3954} INFO - Setting next_dagrun for MI_DAG to 2024-11-04 09:00:00+00:00, run_after=2024-11-05 09:00:00+00:00
[2024-11-05T16:31:37.735+0000] {processor.py:183} INFO - Processing /opt/airflow/dags/DAG.py took 0.076 seconds
[2024-11-05T16:32:08.022+0000] {processor.py:161} INFO - Started process (PID=699) to work on /opt/airflow/dags/DAG.py
[2024-11-05T16:32:08.023+0000] {processor.py:830} INFO - Processing file /opt/airflow/dags/DAG.py for tasks to queue
[2024-11-05T16:32:08.024+0000] {logging_mixin.py:188} INFO - [2024-11-05T16:32:08.024+0000] {dagbag.py:540} INFO - Filling up the DagBag from /opt/airflow/dags/DAG.py
[2024-11-05T16:32:08.035+0000] {processor.py:840} INFO - DAG(s) 'MI_DAG' retrieved from /opt/airflow/dags/DAG.py
[2024-11-05T16:32:08.047+0000] {logging_mixin.py:188} INFO - [2024-11-05T16:32:08.047+0000] {dag.py:3096} INFO - Sync 1 DAGs
[2024-11-05T16:32:08.063+0000] {logging_mixin.py:188} INFO - [2024-11-05T16:32:08.063+0000] {dag.py:3954} INFO - Setting next_dagrun for MI_DAG to 2024-11-05 09:00:00+00:00, run_after=2024-11-06 09:00:00+00:00
[2024-11-05T16:32:08.075+0000] {processor.py:183} INFO - Processing /opt/airflow/dags/DAG.py took 0.057 seconds
[2024-11-05T16:32:38.606+0000] {processor.py:161} INFO - Started process (PID=758) to work on /opt/airflow/dags/DAG.py
[2024-11-05T16:32:38.607+0000] {processor.py:830} INFO - Processing file /opt/airflow/dags/DAG.py for tasks to queue
[2024-11-05T16:32:38.608+0000] {logging_mixin.py:188} INFO - [2024-11-05T16:32:38.608+0000] {dagbag.py:540} INFO - Filling up the DagBag from /opt/airflow/dags/DAG.py
[2024-11-05T16:32:38.619+0000] {processor.py:840} INFO - DAG(s) 'MI_DAG' retrieved from /opt/airflow/dags/DAG.py
[2024-11-05T16:32:38.632+0000] {logging_mixin.py:188} INFO - [2024-11-05T16:32:38.632+0000] {dag.py:3096} INFO - Sync 1 DAGs
[2024-11-05T16:32:38.647+0000] {logging_mixin.py:188} INFO - [2024-11-05T16:32:38.647+0000] {dag.py:3954} INFO - Setting next_dagrun for MI_DAG to 2024-11-05 09:00:00+00:00, run_after=2024-11-06 09:00:00+00:00
[2024-11-05T16:32:38.661+0000] {processor.py:183} INFO - Processing /opt/airflow/dags/DAG.py took 0.059 seconds
[2024-11-05T16:33:09.101+0000] {processor.py:161} INFO - Started process (PID=817) to work on /opt/airflow/dags/DAG.py
[2024-11-05T16:33:09.101+0000] {processor.py:830} INFO - Processing file /opt/airflow/dags/DAG.py for tasks to queue
[2024-11-05T16:33:09.103+0000] {logging_mixin.py:188} INFO - [2024-11-05T16:33:09.102+0000] {dagbag.py:540} INFO - Filling up the DagBag from /opt/airflow/dags/DAG.py
[2024-11-05T16:33:09.114+0000] {processor.py:840} INFO - DAG(s) 'MI_DAG' retrieved from /opt/airflow/dags/DAG.py
[2024-11-05T16:33:09.129+0000] {logging_mixin.py:188} INFO - [2024-11-05T16:33:09.128+0000] {dag.py:3096} INFO - Sync 1 DAGs
[2024-11-05T16:33:09.145+0000] {logging_mixin.py:188} INFO - [2024-11-05T16:33:09.145+0000] {dag.py:3954} INFO - Setting next_dagrun for MI_DAG to 2024-11-05 09:00:00+00:00, run_after=2024-11-06 09:00:00+00:00
[2024-11-05T16:33:09.158+0000] {processor.py:183} INFO - Processing /opt/airflow/dags/DAG.py took 0.062 seconds
[2024-11-05T16:33:39.880+0000] {processor.py:161} INFO - Started process (PID=876) to work on /opt/airflow/dags/DAG.py
[2024-11-05T16:33:39.880+0000] {processor.py:830} INFO - Processing file /opt/airflow/dags/DAG.py for tasks to queue
[2024-11-05T16:33:39.882+0000] {logging_mixin.py:188} INFO - [2024-11-05T16:33:39.882+0000] {dagbag.py:540} INFO - Filling up the DagBag from /opt/airflow/dags/DAG.py
[2024-11-05T16:33:39.892+0000] {processor.py:840} INFO - DAG(s) 'MI_DAG' retrieved from /opt/airflow/dags/DAG.py
[2024-11-05T16:33:39.908+0000] {logging_mixin.py:188} INFO - [2024-11-05T16:33:39.908+0000] {dag.py:3096} INFO - Sync 1 DAGs
[2024-11-05T16:33:39.925+0000] {logging_mixin.py:188} INFO - [2024-11-05T16:33:39.925+0000] {dag.py:3954} INFO - Setting next_dagrun for MI_DAG to 2024-11-05 09:00:00+00:00, run_after=2024-11-06 09:00:00+00:00
[2024-11-05T16:33:39.938+0000] {processor.py:183} INFO - Processing /opt/airflow/dags/DAG.py took 0.061 seconds
[2024-11-05T16:34:10.392+0000] {processor.py:161} INFO - Started process (PID=935) to work on /opt/airflow/dags/DAG.py
[2024-11-05T16:34:10.393+0000] {processor.py:830} INFO - Processing file /opt/airflow/dags/DAG.py for tasks to queue
[2024-11-05T16:34:10.395+0000] {logging_mixin.py:188} INFO - [2024-11-05T16:34:10.395+0000] {dagbag.py:540} INFO - Filling up the DagBag from /opt/airflow/dags/DAG.py
[2024-11-05T16:34:10.407+0000] {processor.py:840} INFO - DAG(s) 'MI_DAG' retrieved from /opt/airflow/dags/DAG.py
[2024-11-05T16:34:10.422+0000] {logging_mixin.py:188} INFO - [2024-11-05T16:34:10.422+0000] {dag.py:3096} INFO - Sync 1 DAGs
[2024-11-05T16:34:10.439+0000] {logging_mixin.py:188} INFO - [2024-11-05T16:34:10.439+0000] {dag.py:3954} INFO - Setting next_dagrun for MI_DAG to 2024-11-05 09:00:00+00:00, run_after=2024-11-06 09:00:00+00:00
[2024-11-05T16:34:10.587+0000] {processor.py:183} INFO - Processing /opt/airflow/dags/DAG.py took 0.199 seconds
[2024-11-05T16:34:40.848+0000] {processor.py:161} INFO - Started process (PID=994) to work on /opt/airflow/dags/DAG.py
[2024-11-05T16:34:40.849+0000] {processor.py:830} INFO - Processing file /opt/airflow/dags/DAG.py for tasks to queue
[2024-11-05T16:34:40.850+0000] {logging_mixin.py:188} INFO - [2024-11-05T16:34:40.850+0000] {dagbag.py:540} INFO - Filling up the DagBag from /opt/airflow/dags/DAG.py
[2024-11-05T16:34:40.861+0000] {processor.py:840} INFO - DAG(s) 'MI_DAG' retrieved from /opt/airflow/dags/DAG.py
[2024-11-05T16:34:40.875+0000] {logging_mixin.py:188} INFO - [2024-11-05T16:34:40.875+0000] {dag.py:3096} INFO - Sync 1 DAGs
[2024-11-05T16:34:40.891+0000] {logging_mixin.py:188} INFO - [2024-11-05T16:34:40.891+0000] {dag.py:3954} INFO - Setting next_dagrun for MI_DAG to 2024-11-05 09:00:00+00:00, run_after=2024-11-06 09:00:00+00:00
[2024-11-05T16:34:40.906+0000] {processor.py:183} INFO - Processing /opt/airflow/dags/DAG.py took 0.062 seconds
[2024-11-05T16:34:52.166+0000] {processor.py:161} INFO - Started process (PID=1050) to work on /opt/airflow/dags/DAG.py
[2024-11-05T16:34:52.167+0000] {processor.py:830} INFO - Processing file /opt/airflow/dags/DAG.py for tasks to queue
[2024-11-05T16:34:52.168+0000] {logging_mixin.py:188} INFO - [2024-11-05T16:34:52.168+0000] {dagbag.py:540} INFO - Filling up the DagBag from /opt/airflow/dags/DAG.py
[2024-11-05T16:34:52.186+0000] {processor.py:840} INFO - DAG(s) 'MI_DAG' retrieved from /opt/airflow/dags/DAG.py
[2024-11-05T16:34:52.372+0000] {logging_mixin.py:188} INFO - [2024-11-05T16:34:52.371+0000] {dag.py:3096} INFO - Sync 1 DAGs
[2024-11-05T16:34:52.385+0000] {logging_mixin.py:188} INFO - [2024-11-05T16:34:52.385+0000] {dag.py:3954} INFO - Setting next_dagrun for MI_DAG to 2024-11-05 09:00:00+00:00, run_after=2024-11-06 09:00:00+00:00
[2024-11-05T16:34:52.400+0000] {processor.py:183} INFO - Processing /opt/airflow/dags/DAG.py took 0.237 seconds
[2024-11-05T16:35:23.664+0000] {processor.py:161} INFO - Started process (PID=50) to work on /opt/airflow/dags/DAG.py
[2024-11-05T16:35:23.664+0000] {processor.py:830} INFO - Processing file /opt/airflow/dags/DAG.py for tasks to queue
[2024-11-05T16:35:23.666+0000] {logging_mixin.py:188} INFO - [2024-11-05T16:35:23.665+0000] {dagbag.py:540} INFO - Filling up the DagBag from /opt/airflow/dags/DAG.py
[2024-11-05T16:35:23.683+0000] {processor.py:840} INFO - DAG(s) 'MI_DAG' retrieved from /opt/airflow/dags/DAG.py
[2024-11-05T16:35:23.774+0000] {logging_mixin.py:188} INFO - [2024-11-05T16:35:23.774+0000] {dag.py:3096} INFO - Sync 1 DAGs
[2024-11-05T16:35:23.791+0000] {logging_mixin.py:188} INFO - [2024-11-05T16:35:23.790+0000] {dag.py:3954} INFO - Setting next_dagrun for MI_DAG to 2024-11-05 09:00:00+00:00, run_after=2024-11-06 09:00:00+00:00
[2024-11-05T16:35:23.806+0000] {processor.py:183} INFO - Processing /opt/airflow/dags/DAG.py took 0.145 seconds
[2024-11-05T16:35:29.230+0000] {processor.py:161} INFO - Started process (PID=109) to work on /opt/airflow/dags/DAG.py
[2024-11-05T16:35:29.231+0000] {processor.py:830} INFO - Processing file /opt/airflow/dags/DAG.py for tasks to queue
[2024-11-05T16:35:29.232+0000] {logging_mixin.py:188} INFO - [2024-11-05T16:35:29.232+0000] {dagbag.py:540} INFO - Filling up the DagBag from /opt/airflow/dags/DAG.py
[2024-11-05T16:35:29.250+0000] {processor.py:840} INFO - DAG(s) 'MI_DAG' retrieved from /opt/airflow/dags/DAG.py
[2024-11-05T16:35:29.259+0000] {logging_mixin.py:188} INFO - [2024-11-05T16:35:29.259+0000] {dag.py:3096} INFO - Sync 1 DAGs
[2024-11-05T16:35:29.276+0000] {logging_mixin.py:188} INFO - [2024-11-05T16:35:29.276+0000] {dag.py:3954} INFO - Setting next_dagrun for MI_DAG to 2024-11-05 09:00:00+00:00, run_after=2024-11-06 09:00:00+00:00
[2024-11-05T16:35:29.295+0000] {processor.py:183} INFO - Processing /opt/airflow/dags/DAG.py took 0.068 seconds
[2024-11-05T16:35:57.611+0000] {processor.py:161} INFO - Started process (PID=50) to work on /opt/airflow/dags/DAG.py
[2024-11-05T16:35:57.612+0000] {processor.py:830} INFO - Processing file /opt/airflow/dags/DAG.py for tasks to queue
[2024-11-05T16:35:57.613+0000] {logging_mixin.py:188} INFO - [2024-11-05T16:35:57.613+0000] {dagbag.py:540} INFO - Filling up the DagBag from /opt/airflow/dags/DAG.py
[2024-11-05T16:35:57.628+0000] {processor.py:840} INFO - DAG(s) 'MI_DAG' retrieved from /opt/airflow/dags/DAG.py
[2024-11-05T16:35:57.720+0000] {logging_mixin.py:188} INFO - [2024-11-05T16:35:57.719+0000] {dag.py:3096} INFO - Sync 1 DAGs
[2024-11-05T16:35:57.735+0000] {logging_mixin.py:188} INFO - [2024-11-05T16:35:57.735+0000] {dag.py:3954} INFO - Setting next_dagrun for MI_DAG to 2024-11-05 09:00:00+00:00, run_after=2024-11-06 09:00:00+00:00
[2024-11-05T16:35:57.751+0000] {processor.py:183} INFO - Processing /opt/airflow/dags/DAG.py took 0.144 seconds
[2024-11-05T16:36:27.844+0000] {processor.py:161} INFO - Started process (PID=109) to work on /opt/airflow/dags/DAG.py
[2024-11-05T16:36:27.845+0000] {processor.py:830} INFO - Processing file /opt/airflow/dags/DAG.py for tasks to queue
[2024-11-05T16:36:27.846+0000] {logging_mixin.py:188} INFO - [2024-11-05T16:36:27.845+0000] {dagbag.py:540} INFO - Filling up the DagBag from /opt/airflow/dags/DAG.py
[2024-11-05T16:36:27.857+0000] {processor.py:840} INFO - DAG(s) 'MI_DAG' retrieved from /opt/airflow/dags/DAG.py
[2024-11-05T16:36:27.870+0000] {logging_mixin.py:188} INFO - [2024-11-05T16:36:27.870+0000] {dag.py:3096} INFO - Sync 1 DAGs
[2024-11-05T16:36:27.887+0000] {logging_mixin.py:188} INFO - [2024-11-05T16:36:27.886+0000] {dag.py:3954} INFO - Setting next_dagrun for MI_DAG to 2024-11-05 09:00:00+00:00, run_after=2024-11-06 09:00:00+00:00
[2024-11-05T16:36:27.900+0000] {processor.py:183} INFO - Processing /opt/airflow/dags/DAG.py took 0.059 seconds
[2024-11-05T16:36:58.428+0000] {processor.py:161} INFO - Started process (PID=168) to work on /opt/airflow/dags/DAG.py
[2024-11-05T16:36:58.428+0000] {processor.py:830} INFO - Processing file /opt/airflow/dags/DAG.py for tasks to queue
[2024-11-05T16:36:58.430+0000] {logging_mixin.py:188} INFO - [2024-11-05T16:36:58.429+0000] {dagbag.py:540} INFO - Filling up the DagBag from /opt/airflow/dags/DAG.py
[2024-11-05T16:36:58.440+0000] {processor.py:840} INFO - DAG(s) 'MI_DAG' retrieved from /opt/airflow/dags/DAG.py
[2024-11-05T16:36:58.453+0000] {logging_mixin.py:188} INFO - [2024-11-05T16:36:58.453+0000] {dag.py:3096} INFO - Sync 1 DAGs
[2024-11-05T16:36:58.469+0000] {logging_mixin.py:188} INFO - [2024-11-05T16:36:58.469+0000] {dag.py:3954} INFO - Setting next_dagrun for MI_DAG to 2024-11-05 09:00:00+00:00, run_after=2024-11-06 09:00:00+00:00
[2024-11-05T16:36:58.484+0000] {processor.py:183} INFO - Processing /opt/airflow/dags/DAG.py took 0.060 seconds
[2024-11-05T16:37:26.182+0000] {processor.py:161} INFO - Started process (PID=227) to work on /opt/airflow/dags/DAG.py
[2024-11-05T16:37:26.182+0000] {processor.py:830} INFO - Processing file /opt/airflow/dags/DAG.py for tasks to queue
[2024-11-05T16:37:26.184+0000] {logging_mixin.py:188} INFO - [2024-11-05T16:37:26.184+0000] {dagbag.py:540} INFO - Filling up the DagBag from /opt/airflow/dags/DAG.py
[2024-11-05T16:37:26.202+0000] {processor.py:840} INFO - DAG(s) 'MI_DAG' retrieved from /opt/airflow/dags/DAG.py
[2024-11-05T16:37:26.275+0000] {logging_mixin.py:188} INFO - [2024-11-05T16:37:26.274+0000] {dag.py:3096} INFO - Sync 1 DAGs
[2024-11-05T16:37:26.291+0000] {logging_mixin.py:188} INFO - [2024-11-05T16:37:26.290+0000] {dag.py:3954} INFO - Setting next_dagrun for MI_DAG to 2024-11-05 09:00:00+00:00, run_after=2024-11-06 09:00:00+00:00
[2024-11-05T16:37:26.310+0000] {processor.py:183} INFO - Processing /opt/airflow/dags/DAG.py took 0.132 seconds
[2024-11-05T16:37:48.363+0000] {processor.py:161} INFO - Started process (PID=286) to work on /opt/airflow/dags/DAG.py
[2024-11-05T16:37:48.363+0000] {processor.py:830} INFO - Processing file /opt/airflow/dags/DAG.py for tasks to queue
[2024-11-05T16:37:48.365+0000] {logging_mixin.py:188} INFO - [2024-11-05T16:37:48.364+0000] {dagbag.py:540} INFO - Filling up the DagBag from /opt/airflow/dags/DAG.py
[2024-11-05T16:37:48.382+0000] {processor.py:840} INFO - DAG(s) 'MI_DAG' retrieved from /opt/airflow/dags/DAG.py
[2024-11-05T16:37:48.390+0000] {logging_mixin.py:188} INFO - [2024-11-05T16:37:48.389+0000] {dag.py:3096} INFO - Sync 1 DAGs
[2024-11-05T16:37:48.405+0000] {logging_mixin.py:188} INFO - [2024-11-05T16:37:48.405+0000] {dag.py:3954} INFO - Setting next_dagrun for MI_DAG to 2024-11-05 09:00:00+00:00, run_after=2024-11-06 09:00:00+00:00
[2024-11-05T16:37:48.420+0000] {processor.py:183} INFO - Processing /opt/airflow/dags/DAG.py took 0.061 seconds
[2024-11-05T16:38:11.661+0000] {processor.py:161} INFO - Started process (PID=345) to work on /opt/airflow/dags/DAG.py
[2024-11-05T16:38:11.662+0000] {processor.py:830} INFO - Processing file /opt/airflow/dags/DAG.py for tasks to queue
[2024-11-05T16:38:11.663+0000] {logging_mixin.py:188} INFO - [2024-11-05T16:38:11.663+0000] {dagbag.py:540} INFO - Filling up the DagBag from /opt/airflow/dags/DAG.py
[2024-11-05T16:38:11.680+0000] {processor.py:840} INFO - DAG(s) 'MI_DAG' retrieved from /opt/airflow/dags/DAG.py
[2024-11-05T16:38:11.755+0000] {logging_mixin.py:188} INFO - [2024-11-05T16:38:11.754+0000] {dag.py:3096} INFO - Sync 1 DAGs
[2024-11-05T16:38:11.771+0000] {logging_mixin.py:188} INFO - [2024-11-05T16:38:11.771+0000] {dag.py:3954} INFO - Setting next_dagrun for MI_DAG to 2024-11-05 09:00:00+00:00, run_after=2024-11-06 09:00:00+00:00
[2024-11-05T16:38:11.791+0000] {processor.py:183} INFO - Processing /opt/airflow/dags/DAG.py took 0.133 seconds
[2024-11-05T16:38:43.693+0000] {processor.py:161} INFO - Started process (PID=50) to work on /opt/airflow/dags/DAG.py
[2024-11-05T16:38:43.693+0000] {processor.py:830} INFO - Processing file /opt/airflow/dags/DAG.py for tasks to queue
[2024-11-05T16:38:43.695+0000] {logging_mixin.py:188} INFO - [2024-11-05T16:38:43.695+0000] {dagbag.py:540} INFO - Filling up the DagBag from /opt/airflow/dags/DAG.py
[2024-11-05T16:38:43.710+0000] {processor.py:840} INFO - DAG(s) 'MI_DAG' retrieved from /opt/airflow/dags/DAG.py
[2024-11-05T16:38:43.800+0000] {logging_mixin.py:188} INFO - [2024-11-05T16:38:43.800+0000] {dag.py:3096} INFO - Sync 1 DAGs
[2024-11-05T16:38:43.815+0000] {logging_mixin.py:188} INFO - [2024-11-05T16:38:43.815+0000] {dag.py:3954} INFO - Setting next_dagrun for MI_DAG to 2024-11-05 09:00:00+00:00, run_after=2024-11-06 09:00:00+00:00
[2024-11-05T16:38:43.832+0000] {processor.py:183} INFO - Processing /opt/airflow/dags/DAG.py took 0.143 seconds
[2024-11-05T16:39:14.304+0000] {processor.py:161} INFO - Started process (PID=110) to work on /opt/airflow/dags/DAG.py
[2024-11-05T16:39:14.305+0000] {processor.py:830} INFO - Processing file /opt/airflow/dags/DAG.py for tasks to queue
[2024-11-05T16:39:14.306+0000] {logging_mixin.py:188} INFO - [2024-11-05T16:39:14.306+0000] {dagbag.py:540} INFO - Filling up the DagBag from /opt/airflow/dags/DAG.py
[2024-11-05T16:39:14.318+0000] {processor.py:840} INFO - DAG(s) 'MI_DAG' retrieved from /opt/airflow/dags/DAG.py
[2024-11-05T16:39:14.331+0000] {logging_mixin.py:188} INFO - [2024-11-05T16:39:14.331+0000] {dag.py:3096} INFO - Sync 1 DAGs
[2024-11-05T16:39:14.348+0000] {logging_mixin.py:188} INFO - [2024-11-05T16:39:14.347+0000] {dag.py:3954} INFO - Setting next_dagrun for MI_DAG to 2024-11-05 09:00:00+00:00, run_after=2024-11-06 09:00:00+00:00
[2024-11-05T16:39:14.362+0000] {processor.py:183} INFO - Processing /opt/airflow/dags/DAG.py took 0.061 seconds
[2024-11-05T16:39:44.989+0000] {processor.py:161} INFO - Started process (PID=169) to work on /opt/airflow/dags/DAG.py
[2024-11-05T16:39:44.989+0000] {processor.py:830} INFO - Processing file /opt/airflow/dags/DAG.py for tasks to queue
[2024-11-05T16:39:44.991+0000] {logging_mixin.py:188} INFO - [2024-11-05T16:39:44.990+0000] {dagbag.py:540} INFO - Filling up the DagBag from /opt/airflow/dags/DAG.py
[2024-11-05T16:39:45.002+0000] {processor.py:840} INFO - DAG(s) 'MI_DAG' retrieved from /opt/airflow/dags/DAG.py
[2024-11-05T16:39:45.017+0000] {logging_mixin.py:188} INFO - [2024-11-05T16:39:45.017+0000] {dag.py:3096} INFO - Sync 1 DAGs
[2024-11-05T16:39:45.034+0000] {logging_mixin.py:188} INFO - [2024-11-05T16:39:45.034+0000] {dag.py:3954} INFO - Setting next_dagrun for MI_DAG to 2024-11-05 09:00:00+00:00, run_after=2024-11-06 09:00:00+00:00
[2024-11-05T16:39:45.047+0000] {processor.py:183} INFO - Processing /opt/airflow/dags/DAG.py took 0.063 seconds
[2024-11-05T16:40:15.482+0000] {processor.py:161} INFO - Started process (PID=228) to work on /opt/airflow/dags/DAG.py
[2024-11-05T16:40:15.483+0000] {processor.py:830} INFO - Processing file /opt/airflow/dags/DAG.py for tasks to queue
[2024-11-05T16:40:15.484+0000] {logging_mixin.py:188} INFO - [2024-11-05T16:40:15.484+0000] {dagbag.py:540} INFO - Filling up the DagBag from /opt/airflow/dags/DAG.py
[2024-11-05T16:40:15.495+0000] {processor.py:840} INFO - DAG(s) 'MI_DAG' retrieved from /opt/airflow/dags/DAG.py
[2024-11-05T16:40:15.508+0000] {logging_mixin.py:188} INFO - [2024-11-05T16:40:15.508+0000] {dag.py:3096} INFO - Sync 1 DAGs
[2024-11-05T16:40:15.526+0000] {logging_mixin.py:188} INFO - [2024-11-05T16:40:15.526+0000] {dag.py:3954} INFO - Setting next_dagrun for MI_DAG to 2024-11-05 09:00:00+00:00, run_after=2024-11-06 09:00:00+00:00
[2024-11-05T16:40:15.541+0000] {processor.py:183} INFO - Processing /opt/airflow/dags/DAG.py took 0.063 seconds
[2024-11-05T16:40:45.770+0000] {processor.py:161} INFO - Started process (PID=287) to work on /opt/airflow/dags/DAG.py
[2024-11-05T16:40:45.770+0000] {processor.py:830} INFO - Processing file /opt/airflow/dags/DAG.py for tasks to queue
[2024-11-05T16:40:45.772+0000] {logging_mixin.py:188} INFO - [2024-11-05T16:40:45.771+0000] {dagbag.py:540} INFO - Filling up the DagBag from /opt/airflow/dags/DAG.py
[2024-11-05T16:40:45.782+0000] {processor.py:840} INFO - DAG(s) 'MI_DAG' retrieved from /opt/airflow/dags/DAG.py
[2024-11-05T16:40:45.795+0000] {logging_mixin.py:188} INFO - [2024-11-05T16:40:45.795+0000] {dag.py:3096} INFO - Sync 1 DAGs
[2024-11-05T16:40:45.811+0000] {logging_mixin.py:188} INFO - [2024-11-05T16:40:45.811+0000] {dag.py:3954} INFO - Setting next_dagrun for MI_DAG to 2024-11-05 09:00:00+00:00, run_after=2024-11-06 09:00:00+00:00
[2024-11-05T16:40:45.825+0000] {processor.py:183} INFO - Processing /opt/airflow/dags/DAG.py took 0.058 seconds
[2024-11-05T16:41:16.055+0000] {processor.py:161} INFO - Started process (PID=346) to work on /opt/airflow/dags/DAG.py
[2024-11-05T16:41:16.055+0000] {processor.py:830} INFO - Processing file /opt/airflow/dags/DAG.py for tasks to queue
[2024-11-05T16:41:16.057+0000] {logging_mixin.py:188} INFO - [2024-11-05T16:41:16.056+0000] {dagbag.py:540} INFO - Filling up the DagBag from /opt/airflow/dags/DAG.py
[2024-11-05T16:41:16.068+0000] {processor.py:840} INFO - DAG(s) 'MI_DAG' retrieved from /opt/airflow/dags/DAG.py
[2024-11-05T16:41:16.081+0000] {logging_mixin.py:188} INFO - [2024-11-05T16:41:16.081+0000] {dag.py:3096} INFO - Sync 1 DAGs
[2024-11-05T16:41:16.097+0000] {logging_mixin.py:188} INFO - [2024-11-05T16:41:16.096+0000] {dag.py:3954} INFO - Setting next_dagrun for MI_DAG to 2024-11-05 09:00:00+00:00, run_after=2024-11-06 09:00:00+00:00
[2024-11-05T16:41:16.110+0000] {processor.py:183} INFO - Processing /opt/airflow/dags/DAG.py took 0.059 seconds
[2024-11-05T16:41:46.411+0000] {processor.py:161} INFO - Started process (PID=405) to work on /opt/airflow/dags/DAG.py
[2024-11-05T16:41:46.411+0000] {processor.py:830} INFO - Processing file /opt/airflow/dags/DAG.py for tasks to queue
[2024-11-05T16:41:46.413+0000] {logging_mixin.py:188} INFO - [2024-11-05T16:41:46.413+0000] {dagbag.py:540} INFO - Filling up the DagBag from /opt/airflow/dags/DAG.py
[2024-11-05T16:41:46.424+0000] {processor.py:840} INFO - DAG(s) 'MI_DAG' retrieved from /opt/airflow/dags/DAG.py
[2024-11-05T16:41:46.438+0000] {logging_mixin.py:188} INFO - [2024-11-05T16:41:46.437+0000] {dag.py:3096} INFO - Sync 1 DAGs
[2024-11-05T16:41:46.454+0000] {logging_mixin.py:188} INFO - [2024-11-05T16:41:46.454+0000] {dag.py:3954} INFO - Setting next_dagrun for MI_DAG to 2024-11-05 09:00:00+00:00, run_after=2024-11-06 09:00:00+00:00
[2024-11-05T16:41:46.467+0000] {processor.py:183} INFO - Processing /opt/airflow/dags/DAG.py took 0.061 seconds
[2024-11-05T16:42:16.809+0000] {processor.py:161} INFO - Started process (PID=464) to work on /opt/airflow/dags/DAG.py
[2024-11-05T16:42:16.810+0000] {processor.py:830} INFO - Processing file /opt/airflow/dags/DAG.py for tasks to queue
[2024-11-05T16:42:16.811+0000] {logging_mixin.py:188} INFO - [2024-11-05T16:42:16.811+0000] {dagbag.py:540} INFO - Filling up the DagBag from /opt/airflow/dags/DAG.py
[2024-11-05T16:42:16.822+0000] {processor.py:840} INFO - DAG(s) 'MI_DAG' retrieved from /opt/airflow/dags/DAG.py
[2024-11-05T16:42:16.837+0000] {logging_mixin.py:188} INFO - [2024-11-05T16:42:16.836+0000] {dag.py:3096} INFO - Sync 1 DAGs
[2024-11-05T16:42:16.854+0000] {logging_mixin.py:188} INFO - [2024-11-05T16:42:16.854+0000] {dag.py:3954} INFO - Setting next_dagrun for MI_DAG to 2024-11-05 09:00:00+00:00, run_after=2024-11-06 09:00:00+00:00
[2024-11-05T16:42:16.870+0000] {processor.py:183} INFO - Processing /opt/airflow/dags/DAG.py took 0.065 seconds
[2024-11-05T16:42:47.407+0000] {processor.py:161} INFO - Started process (PID=523) to work on /opt/airflow/dags/DAG.py
[2024-11-05T16:42:47.408+0000] {processor.py:830} INFO - Processing file /opt/airflow/dags/DAG.py for tasks to queue
[2024-11-05T16:42:47.409+0000] {logging_mixin.py:188} INFO - [2024-11-05T16:42:47.409+0000] {dagbag.py:540} INFO - Filling up the DagBag from /opt/airflow/dags/DAG.py
[2024-11-05T16:42:47.421+0000] {processor.py:840} INFO - DAG(s) 'MI_DAG' retrieved from /opt/airflow/dags/DAG.py
[2024-11-05T16:42:47.436+0000] {logging_mixin.py:188} INFO - [2024-11-05T16:42:47.435+0000] {dag.py:3096} INFO - Sync 1 DAGs
[2024-11-05T16:42:47.453+0000] {logging_mixin.py:188} INFO - [2024-11-05T16:42:47.453+0000] {dag.py:3954} INFO - Setting next_dagrun for MI_DAG to 2024-11-05 09:00:00+00:00, run_after=2024-11-06 09:00:00+00:00
[2024-11-05T16:42:47.468+0000] {processor.py:183} INFO - Processing /opt/airflow/dags/DAG.py took 0.065 seconds
[2024-11-05T16:43:17.933+0000] {processor.py:161} INFO - Started process (PID=588) to work on /opt/airflow/dags/DAG.py
[2024-11-05T16:43:17.934+0000] {processor.py:830} INFO - Processing file /opt/airflow/dags/DAG.py for tasks to queue
[2024-11-05T16:43:17.936+0000] {logging_mixin.py:188} INFO - [2024-11-05T16:43:17.935+0000] {dagbag.py:540} INFO - Filling up the DagBag from /opt/airflow/dags/DAG.py
[2024-11-05T16:43:17.946+0000] {processor.py:840} INFO - DAG(s) 'MI_DAG' retrieved from /opt/airflow/dags/DAG.py
[2024-11-05T16:43:17.959+0000] {logging_mixin.py:188} INFO - [2024-11-05T16:43:17.959+0000] {dag.py:3096} INFO - Sync 1 DAGs
[2024-11-05T16:43:17.983+0000] {logging_mixin.py:188} INFO - [2024-11-05T16:43:17.983+0000] {dag.py:3954} INFO - Setting next_dagrun for MI_DAG to 2024-11-05 09:00:00+00:00, run_after=2024-11-06 09:00:00+00:00
[2024-11-05T16:43:17.999+0000] {processor.py:183} INFO - Processing /opt/airflow/dags/DAG.py took 0.070 seconds
[2024-11-05T16:43:48.412+0000] {processor.py:161} INFO - Started process (PID=647) to work on /opt/airflow/dags/DAG.py
[2024-11-05T16:43:48.412+0000] {processor.py:830} INFO - Processing file /opt/airflow/dags/DAG.py for tasks to queue
[2024-11-05T16:43:48.414+0000] {logging_mixin.py:188} INFO - [2024-11-05T16:43:48.413+0000] {dagbag.py:540} INFO - Filling up the DagBag from /opt/airflow/dags/DAG.py
[2024-11-05T16:43:48.424+0000] {processor.py:840} INFO - DAG(s) 'MI_DAG' retrieved from /opt/airflow/dags/DAG.py
[2024-11-05T16:43:48.437+0000] {logging_mixin.py:188} INFO - [2024-11-05T16:43:48.437+0000] {dag.py:3096} INFO - Sync 1 DAGs
[2024-11-05T16:43:48.453+0000] {logging_mixin.py:188} INFO - [2024-11-05T16:43:48.453+0000] {dag.py:3954} INFO - Setting next_dagrun for MI_DAG to 2024-11-05 09:00:00+00:00, run_after=2024-11-06 09:00:00+00:00
[2024-11-05T16:43:48.468+0000] {processor.py:183} INFO - Processing /opt/airflow/dags/DAG.py took 0.060 seconds
[2024-11-05T16:44:19.014+0000] {processor.py:161} INFO - Started process (PID=706) to work on /opt/airflow/dags/DAG.py
[2024-11-05T16:44:19.015+0000] {processor.py:830} INFO - Processing file /opt/airflow/dags/DAG.py for tasks to queue
[2024-11-05T16:44:19.017+0000] {logging_mixin.py:188} INFO - [2024-11-05T16:44:19.016+0000] {dagbag.py:540} INFO - Filling up the DagBag from /opt/airflow/dags/DAG.py
[2024-11-05T16:44:19.027+0000] {processor.py:840} INFO - DAG(s) 'MI_DAG' retrieved from /opt/airflow/dags/DAG.py
[2024-11-05T16:44:19.040+0000] {logging_mixin.py:188} INFO - [2024-11-05T16:44:19.039+0000] {dag.py:3096} INFO - Sync 1 DAGs
[2024-11-05T16:44:19.056+0000] {logging_mixin.py:188} INFO - [2024-11-05T16:44:19.056+0000] {dag.py:3954} INFO - Setting next_dagrun for MI_DAG to 2024-11-05 09:00:00+00:00, run_after=2024-11-06 09:00:00+00:00
[2024-11-05T16:44:19.070+0000] {processor.py:183} INFO - Processing /opt/airflow/dags/DAG.py took 0.060 seconds
[2024-11-05T16:44:49.316+0000] {processor.py:161} INFO - Started process (PID=765) to work on /opt/airflow/dags/DAG.py
[2024-11-05T16:44:49.317+0000] {processor.py:830} INFO - Processing file /opt/airflow/dags/DAG.py for tasks to queue
[2024-11-05T16:44:49.318+0000] {logging_mixin.py:188} INFO - [2024-11-05T16:44:49.318+0000] {dagbag.py:540} INFO - Filling up the DagBag from /opt/airflow/dags/DAG.py
[2024-11-05T16:44:49.330+0000] {processor.py:840} INFO - DAG(s) 'MI_DAG' retrieved from /opt/airflow/dags/DAG.py
[2024-11-05T16:44:49.343+0000] {logging_mixin.py:188} INFO - [2024-11-05T16:44:49.343+0000] {dag.py:3096} INFO - Sync 1 DAGs
[2024-11-05T16:44:49.359+0000] {logging_mixin.py:188} INFO - [2024-11-05T16:44:49.359+0000] {dag.py:3954} INFO - Setting next_dagrun for MI_DAG to 2024-11-05 09:00:00+00:00, run_after=2024-11-06 09:00:00+00:00
[2024-11-05T16:44:49.371+0000] {processor.py:183} INFO - Processing /opt/airflow/dags/DAG.py took 0.058 seconds
[2024-11-05T16:45:19.725+0000] {processor.py:161} INFO - Started process (PID=824) to work on /opt/airflow/dags/DAG.py
[2024-11-05T16:45:19.725+0000] {processor.py:830} INFO - Processing file /opt/airflow/dags/DAG.py for tasks to queue
[2024-11-05T16:45:19.727+0000] {logging_mixin.py:188} INFO - [2024-11-05T16:45:19.727+0000] {dagbag.py:540} INFO - Filling up the DagBag from /opt/airflow/dags/DAG.py
[2024-11-05T16:45:19.737+0000] {processor.py:840} INFO - DAG(s) 'MI_DAG' retrieved from /opt/airflow/dags/DAG.py
[2024-11-05T16:45:19.750+0000] {logging_mixin.py:188} INFO - [2024-11-05T16:45:19.750+0000] {dag.py:3096} INFO - Sync 1 DAGs
[2024-11-05T16:45:19.765+0000] {logging_mixin.py:188} INFO - [2024-11-05T16:45:19.765+0000] {dag.py:3954} INFO - Setting next_dagrun for MI_DAG to 2024-11-05 09:00:00+00:00, run_after=2024-11-06 09:00:00+00:00
[2024-11-05T16:45:19.779+0000] {processor.py:183} INFO - Processing /opt/airflow/dags/DAG.py took 0.058 seconds
[2024-11-05T16:45:50.568+0000] {processor.py:161} INFO - Started process (PID=883) to work on /opt/airflow/dags/DAG.py
[2024-11-05T16:45:50.568+0000] {processor.py:830} INFO - Processing file /opt/airflow/dags/DAG.py for tasks to queue
[2024-11-05T16:45:50.570+0000] {logging_mixin.py:188} INFO - [2024-11-05T16:45:50.569+0000] {dagbag.py:540} INFO - Filling up the DagBag from /opt/airflow/dags/DAG.py
[2024-11-05T16:45:50.580+0000] {processor.py:840} INFO - DAG(s) 'MI_DAG' retrieved from /opt/airflow/dags/DAG.py
[2024-11-05T16:45:50.593+0000] {logging_mixin.py:188} INFO - [2024-11-05T16:45:50.593+0000] {dag.py:3096} INFO - Sync 1 DAGs
[2024-11-05T16:45:50.608+0000] {logging_mixin.py:188} INFO - [2024-11-05T16:45:50.608+0000] {dag.py:3954} INFO - Setting next_dagrun for MI_DAG to 2024-11-05 09:00:00+00:00, run_after=2024-11-06 09:00:00+00:00
[2024-11-05T16:45:50.622+0000] {processor.py:183} INFO - Processing /opt/airflow/dags/DAG.py took 0.058 seconds
[2024-11-05T16:46:20.720+0000] {processor.py:161} INFO - Started process (PID=942) to work on /opt/airflow/dags/DAG.py
[2024-11-05T16:46:20.720+0000] {processor.py:830} INFO - Processing file /opt/airflow/dags/DAG.py for tasks to queue
[2024-11-05T16:46:20.722+0000] {logging_mixin.py:188} INFO - [2024-11-05T16:46:20.722+0000] {dagbag.py:540} INFO - Filling up the DagBag from /opt/airflow/dags/DAG.py
[2024-11-05T16:46:20.734+0000] {processor.py:840} INFO - DAG(s) 'MI_DAG' retrieved from /opt/airflow/dags/DAG.py
[2024-11-05T16:46:20.747+0000] {logging_mixin.py:188} INFO - [2024-11-05T16:46:20.747+0000] {dag.py:3096} INFO - Sync 1 DAGs
[2024-11-05T16:46:20.764+0000] {logging_mixin.py:188} INFO - [2024-11-05T16:46:20.764+0000] {dag.py:3954} INFO - Setting next_dagrun for MI_DAG to 2024-11-05 09:00:00+00:00, run_after=2024-11-06 09:00:00+00:00
[2024-11-05T16:46:20.779+0000] {processor.py:183} INFO - Processing /opt/airflow/dags/DAG.py took 0.064 seconds
[2024-11-05T16:46:51.207+0000] {processor.py:161} INFO - Started process (PID=1001) to work on /opt/airflow/dags/DAG.py
[2024-11-05T16:46:51.207+0000] {processor.py:830} INFO - Processing file /opt/airflow/dags/DAG.py for tasks to queue
[2024-11-05T16:46:51.209+0000] {logging_mixin.py:188} INFO - [2024-11-05T16:46:51.208+0000] {dagbag.py:540} INFO - Filling up the DagBag from /opt/airflow/dags/DAG.py
[2024-11-05T16:46:51.220+0000] {processor.py:840} INFO - DAG(s) 'MI_DAG' retrieved from /opt/airflow/dags/DAG.py
[2024-11-05T16:46:51.233+0000] {logging_mixin.py:188} INFO - [2024-11-05T16:46:51.233+0000] {dag.py:3096} INFO - Sync 1 DAGs
[2024-11-05T16:46:51.367+0000] {logging_mixin.py:188} INFO - [2024-11-05T16:46:51.366+0000] {dag.py:3954} INFO - Setting next_dagrun for MI_DAG to 2024-11-05 09:00:00+00:00, run_after=2024-11-06 09:00:00+00:00
[2024-11-05T16:46:51.380+0000] {processor.py:183} INFO - Processing /opt/airflow/dags/DAG.py took 0.177 seconds
[2024-11-05T16:47:21.753+0000] {processor.py:161} INFO - Started process (PID=1060) to work on /opt/airflow/dags/DAG.py
[2024-11-05T16:47:21.753+0000] {processor.py:830} INFO - Processing file /opt/airflow/dags/DAG.py for tasks to queue
[2024-11-05T16:47:21.755+0000] {logging_mixin.py:188} INFO - [2024-11-05T16:47:21.755+0000] {dagbag.py:540} INFO - Filling up the DagBag from /opt/airflow/dags/DAG.py
[2024-11-05T16:47:21.766+0000] {processor.py:840} INFO - DAG(s) 'MI_DAG' retrieved from /opt/airflow/dags/DAG.py
[2024-11-05T16:47:21.779+0000] {logging_mixin.py:188} INFO - [2024-11-05T16:47:21.779+0000] {dag.py:3096} INFO - Sync 1 DAGs
[2024-11-05T16:47:21.796+0000] {logging_mixin.py:188} INFO - [2024-11-05T16:47:21.795+0000] {dag.py:3954} INFO - Setting next_dagrun for MI_DAG to 2024-11-05 09:00:00+00:00, run_after=2024-11-06 09:00:00+00:00
[2024-11-05T16:47:21.924+0000] {processor.py:183} INFO - Processing /opt/airflow/dags/DAG.py took 0.175 seconds
[2024-11-05T16:47:52.286+0000] {processor.py:161} INFO - Started process (PID=1119) to work on /opt/airflow/dags/DAG.py
[2024-11-05T16:47:52.286+0000] {processor.py:830} INFO - Processing file /opt/airflow/dags/DAG.py for tasks to queue
[2024-11-05T16:47:52.287+0000] {logging_mixin.py:188} INFO - [2024-11-05T16:47:52.287+0000] {dagbag.py:540} INFO - Filling up the DagBag from /opt/airflow/dags/DAG.py
[2024-11-05T16:47:52.299+0000] {processor.py:840} INFO - DAG(s) 'MI_DAG' retrieved from /opt/airflow/dags/DAG.py
[2024-11-05T16:47:52.312+0000] {logging_mixin.py:188} INFO - [2024-11-05T16:47:52.312+0000] {dag.py:3096} INFO - Sync 1 DAGs
[2024-11-05T16:47:52.329+0000] {logging_mixin.py:188} INFO - [2024-11-05T16:47:52.329+0000] {dag.py:3954} INFO - Setting next_dagrun for MI_DAG to 2024-11-05 09:00:00+00:00, run_after=2024-11-06 09:00:00+00:00
[2024-11-05T16:47:52.345+0000] {processor.py:183} INFO - Processing /opt/airflow/dags/DAG.py took 0.063 seconds
[2024-11-05T16:48:22.772+0000] {processor.py:161} INFO - Started process (PID=1178) to work on /opt/airflow/dags/DAG.py
[2024-11-05T16:48:22.772+0000] {processor.py:830} INFO - Processing file /opt/airflow/dags/DAG.py for tasks to queue
[2024-11-05T16:48:22.774+0000] {logging_mixin.py:188} INFO - [2024-11-05T16:48:22.773+0000] {dagbag.py:540} INFO - Filling up the DagBag from /opt/airflow/dags/DAG.py
[2024-11-05T16:48:22.785+0000] {processor.py:840} INFO - DAG(s) 'MI_DAG' retrieved from /opt/airflow/dags/DAG.py
[2024-11-05T16:48:22.798+0000] {logging_mixin.py:188} INFO - [2024-11-05T16:48:22.798+0000] {dag.py:3096} INFO - Sync 1 DAGs
[2024-11-05T16:48:22.814+0000] {logging_mixin.py:188} INFO - [2024-11-05T16:48:22.814+0000] {dag.py:3954} INFO - Setting next_dagrun for MI_DAG to 2024-11-05 09:00:00+00:00, run_after=2024-11-06 09:00:00+00:00
[2024-11-05T16:48:22.827+0000] {processor.py:183} INFO - Processing /opt/airflow/dags/DAG.py took 0.059 seconds
[2024-11-05T16:48:52.947+0000] {processor.py:161} INFO - Started process (PID=1237) to work on /opt/airflow/dags/DAG.py
[2024-11-05T16:48:52.947+0000] {processor.py:830} INFO - Processing file /opt/airflow/dags/DAG.py for tasks to queue
[2024-11-05T16:48:52.949+0000] {logging_mixin.py:188} INFO - [2024-11-05T16:48:52.949+0000] {dagbag.py:540} INFO - Filling up the DagBag from /opt/airflow/dags/DAG.py
[2024-11-05T16:48:52.959+0000] {processor.py:840} INFO - DAG(s) 'MI_DAG' retrieved from /opt/airflow/dags/DAG.py
[2024-11-05T16:48:52.972+0000] {logging_mixin.py:188} INFO - [2024-11-05T16:48:52.972+0000] {dag.py:3096} INFO - Sync 1 DAGs
[2024-11-05T16:48:52.988+0000] {logging_mixin.py:188} INFO - [2024-11-05T16:48:52.988+0000] {dag.py:3954} INFO - Setting next_dagrun for MI_DAG to 2024-11-05 09:00:00+00:00, run_after=2024-11-06 09:00:00+00:00
[2024-11-05T16:48:53.008+0000] {processor.py:183} INFO - Processing /opt/airflow/dags/DAG.py took 0.065 seconds
[2024-11-05T16:49:23.155+0000] {processor.py:161} INFO - Started process (PID=1296) to work on /opt/airflow/dags/DAG.py
[2024-11-05T16:49:23.156+0000] {processor.py:830} INFO - Processing file /opt/airflow/dags/DAG.py for tasks to queue
[2024-11-05T16:49:23.158+0000] {logging_mixin.py:188} INFO - [2024-11-05T16:49:23.157+0000] {dagbag.py:540} INFO - Filling up the DagBag from /opt/airflow/dags/DAG.py
[2024-11-05T16:49:23.169+0000] {processor.py:840} INFO - DAG(s) 'MI_DAG' retrieved from /opt/airflow/dags/DAG.py
[2024-11-05T16:49:23.181+0000] {logging_mixin.py:188} INFO - [2024-11-05T16:49:23.181+0000] {dag.py:3096} INFO - Sync 1 DAGs
[2024-11-05T16:49:23.198+0000] {logging_mixin.py:188} INFO - [2024-11-05T16:49:23.198+0000] {dag.py:3954} INFO - Setting next_dagrun for MI_DAG to 2024-11-05 09:00:00+00:00, run_after=2024-11-06 09:00:00+00:00
[2024-11-05T16:49:23.214+0000] {processor.py:183} INFO - Processing /opt/airflow/dags/DAG.py took 0.062 seconds
[2024-11-05T16:49:53.375+0000] {processor.py:161} INFO - Started process (PID=1355) to work on /opt/airflow/dags/DAG.py
[2024-11-05T16:49:53.375+0000] {processor.py:830} INFO - Processing file /opt/airflow/dags/DAG.py for tasks to queue
[2024-11-05T16:49:53.377+0000] {logging_mixin.py:188} INFO - [2024-11-05T16:49:53.377+0000] {dagbag.py:540} INFO - Filling up the DagBag from /opt/airflow/dags/DAG.py
[2024-11-05T16:49:53.388+0000] {processor.py:840} INFO - DAG(s) 'MI_DAG' retrieved from /opt/airflow/dags/DAG.py
[2024-11-05T16:49:53.401+0000] {logging_mixin.py:188} INFO - [2024-11-05T16:49:53.401+0000] {dag.py:3096} INFO - Sync 1 DAGs
[2024-11-05T16:49:53.418+0000] {logging_mixin.py:188} INFO - [2024-11-05T16:49:53.417+0000] {dag.py:3954} INFO - Setting next_dagrun for MI_DAG to 2024-11-05 09:00:00+00:00, run_after=2024-11-06 09:00:00+00:00
[2024-11-05T16:49:53.432+0000] {processor.py:183} INFO - Processing /opt/airflow/dags/DAG.py took 0.061 seconds
[2024-11-05T16:50:23.602+0000] {processor.py:161} INFO - Started process (PID=1414) to work on /opt/airflow/dags/DAG.py
[2024-11-05T16:50:23.602+0000] {processor.py:830} INFO - Processing file /opt/airflow/dags/DAG.py for tasks to queue
[2024-11-05T16:50:23.604+0000] {logging_mixin.py:188} INFO - [2024-11-05T16:50:23.604+0000] {dagbag.py:540} INFO - Filling up the DagBag from /opt/airflow/dags/DAG.py
[2024-11-05T16:50:23.615+0000] {processor.py:840} INFO - DAG(s) 'MI_DAG' retrieved from /opt/airflow/dags/DAG.py
[2024-11-05T16:50:23.628+0000] {logging_mixin.py:188} INFO - [2024-11-05T16:50:23.627+0000] {dag.py:3096} INFO - Sync 1 DAGs
[2024-11-05T16:50:23.646+0000] {logging_mixin.py:188} INFO - [2024-11-05T16:50:23.646+0000] {dag.py:3954} INFO - Setting next_dagrun for MI_DAG to 2024-11-05 09:00:00+00:00, run_after=2024-11-06 09:00:00+00:00
[2024-11-05T16:50:23.662+0000] {processor.py:183} INFO - Processing /opt/airflow/dags/DAG.py took 0.065 seconds
[2024-11-05T16:50:53.819+0000] {processor.py:161} INFO - Started process (PID=1473) to work on /opt/airflow/dags/DAG.py
[2024-11-05T16:50:53.820+0000] {processor.py:830} INFO - Processing file /opt/airflow/dags/DAG.py for tasks to queue
[2024-11-05T16:50:53.822+0000] {logging_mixin.py:188} INFO - [2024-11-05T16:50:53.822+0000] {dagbag.py:540} INFO - Filling up the DagBag from /opt/airflow/dags/DAG.py
[2024-11-05T16:50:53.833+0000] {processor.py:840} INFO - DAG(s) 'MI_DAG' retrieved from /opt/airflow/dags/DAG.py
[2024-11-05T16:50:53.847+0000] {logging_mixin.py:188} INFO - [2024-11-05T16:50:53.847+0000] {dag.py:3096} INFO - Sync 1 DAGs
[2024-11-05T16:50:53.864+0000] {logging_mixin.py:188} INFO - [2024-11-05T16:50:53.864+0000] {dag.py:3954} INFO - Setting next_dagrun for MI_DAG to 2024-11-05 09:00:00+00:00, run_after=2024-11-06 09:00:00+00:00
[2024-11-05T16:50:53.879+0000] {processor.py:183} INFO - Processing /opt/airflow/dags/DAG.py took 0.064 seconds
[2024-11-05T16:51:24.096+0000] {processor.py:161} INFO - Started process (PID=1532) to work on /opt/airflow/dags/DAG.py
[2024-11-05T16:51:24.097+0000] {processor.py:830} INFO - Processing file /opt/airflow/dags/DAG.py for tasks to queue
[2024-11-05T16:51:24.098+0000] {logging_mixin.py:188} INFO - [2024-11-05T16:51:24.098+0000] {dagbag.py:540} INFO - Filling up the DagBag from /opt/airflow/dags/DAG.py
[2024-11-05T16:51:24.109+0000] {processor.py:840} INFO - DAG(s) 'MI_DAG' retrieved from /opt/airflow/dags/DAG.py
[2024-11-05T16:51:24.122+0000] {logging_mixin.py:188} INFO - [2024-11-05T16:51:24.121+0000] {dag.py:3096} INFO - Sync 1 DAGs
[2024-11-05T16:51:24.138+0000] {logging_mixin.py:188} INFO - [2024-11-05T16:51:24.137+0000] {dag.py:3954} INFO - Setting next_dagrun for MI_DAG to 2024-11-05 09:00:00+00:00, run_after=2024-11-06 09:00:00+00:00
[2024-11-05T16:51:24.152+0000] {processor.py:183} INFO - Processing /opt/airflow/dags/DAG.py took 0.059 seconds
[2024-11-05T16:51:54.213+0000] {processor.py:161} INFO - Started process (PID=1591) to work on /opt/airflow/dags/DAG.py
[2024-11-05T16:51:54.214+0000] {processor.py:830} INFO - Processing file /opt/airflow/dags/DAG.py for tasks to queue
[2024-11-05T16:51:54.216+0000] {logging_mixin.py:188} INFO - [2024-11-05T16:51:54.216+0000] {dagbag.py:540} INFO - Filling up the DagBag from /opt/airflow/dags/DAG.py
[2024-11-05T16:51:54.229+0000] {processor.py:840} INFO - DAG(s) 'MI_DAG' retrieved from /opt/airflow/dags/DAG.py
[2024-11-05T16:51:54.244+0000] {logging_mixin.py:188} INFO - [2024-11-05T16:51:54.244+0000] {dag.py:3096} INFO - Sync 1 DAGs
[2024-11-05T16:51:54.261+0000] {logging_mixin.py:188} INFO - [2024-11-05T16:51:54.260+0000] {dag.py:3954} INFO - Setting next_dagrun for MI_DAG to 2024-11-05 09:00:00+00:00, run_after=2024-11-06 09:00:00+00:00
[2024-11-05T16:51:54.273+0000] {processor.py:183} INFO - Processing /opt/airflow/dags/DAG.py took 0.065 seconds
[2024-11-05T16:52:24.487+0000] {processor.py:161} INFO - Started process (PID=1650) to work on /opt/airflow/dags/DAG.py
[2024-11-05T16:52:24.488+0000] {processor.py:830} INFO - Processing file /opt/airflow/dags/DAG.py for tasks to queue
[2024-11-05T16:52:24.490+0000] {logging_mixin.py:188} INFO - [2024-11-05T16:52:24.490+0000] {dagbag.py:540} INFO - Filling up the DagBag from /opt/airflow/dags/DAG.py
[2024-11-05T16:52:24.504+0000] {processor.py:840} INFO - DAG(s) 'MI_DAG' retrieved from /opt/airflow/dags/DAG.py
[2024-11-05T16:52:24.526+0000] {logging_mixin.py:188} INFO - [2024-11-05T16:52:24.526+0000] {dag.py:3096} INFO - Sync 1 DAGs
[2024-11-05T16:52:24.545+0000] {logging_mixin.py:188} INFO - [2024-11-05T16:52:24.545+0000] {dag.py:3954} INFO - Setting next_dagrun for MI_DAG to 2024-11-05 09:00:00+00:00, run_after=2024-11-06 09:00:00+00:00
[2024-11-05T16:52:24.560+0000] {processor.py:183} INFO - Processing /opt/airflow/dags/DAG.py took 0.076 seconds
[2024-11-05T16:52:54.627+0000] {processor.py:161} INFO - Started process (PID=1709) to work on /opt/airflow/dags/DAG.py
[2024-11-05T16:52:54.627+0000] {processor.py:830} INFO - Processing file /opt/airflow/dags/DAG.py for tasks to queue
[2024-11-05T16:52:54.628+0000] {logging_mixin.py:188} INFO - [2024-11-05T16:52:54.628+0000] {dagbag.py:540} INFO - Filling up the DagBag from /opt/airflow/dags/DAG.py
[2024-11-05T16:52:54.640+0000] {processor.py:840} INFO - DAG(s) 'MI_DAG' retrieved from /opt/airflow/dags/DAG.py
[2024-11-05T16:52:54.652+0000] {logging_mixin.py:188} INFO - [2024-11-05T16:52:54.652+0000] {dag.py:3096} INFO - Sync 1 DAGs
[2024-11-05T16:52:54.669+0000] {logging_mixin.py:188} INFO - [2024-11-05T16:52:54.669+0000] {dag.py:3954} INFO - Setting next_dagrun for MI_DAG to 2024-11-05 09:00:00+00:00, run_after=2024-11-06 09:00:00+00:00
[2024-11-05T16:52:54.685+0000] {processor.py:183} INFO - Processing /opt/airflow/dags/DAG.py took 0.062 seconds
[2024-11-05T16:53:24.920+0000] {processor.py:161} INFO - Started process (PID=1768) to work on /opt/airflow/dags/DAG.py
[2024-11-05T16:53:24.920+0000] {processor.py:830} INFO - Processing file /opt/airflow/dags/DAG.py for tasks to queue
[2024-11-05T16:53:24.922+0000] {logging_mixin.py:188} INFO - [2024-11-05T16:53:24.921+0000] {dagbag.py:540} INFO - Filling up the DagBag from /opt/airflow/dags/DAG.py
[2024-11-05T16:53:24.933+0000] {processor.py:840} INFO - DAG(s) 'MI_DAG' retrieved from /opt/airflow/dags/DAG.py
[2024-11-05T16:53:24.947+0000] {logging_mixin.py:188} INFO - [2024-11-05T16:53:24.947+0000] {dag.py:3096} INFO - Sync 1 DAGs
[2024-11-05T16:53:24.963+0000] {logging_mixin.py:188} INFO - [2024-11-05T16:53:24.963+0000] {dag.py:3954} INFO - Setting next_dagrun for MI_DAG to 2024-11-05 09:00:00+00:00, run_after=2024-11-06 09:00:00+00:00
[2024-11-05T16:53:24.978+0000] {processor.py:183} INFO - Processing /opt/airflow/dags/DAG.py took 0.062 seconds
[2024-11-05T16:53:55.058+0000] {processor.py:161} INFO - Started process (PID=1827) to work on /opt/airflow/dags/DAG.py
[2024-11-05T16:53:55.058+0000] {processor.py:830} INFO - Processing file /opt/airflow/dags/DAG.py for tasks to queue
[2024-11-05T16:53:55.060+0000] {logging_mixin.py:188} INFO - [2024-11-05T16:53:55.059+0000] {dagbag.py:540} INFO - Filling up the DagBag from /opt/airflow/dags/DAG.py
[2024-11-05T16:53:55.071+0000] {processor.py:840} INFO - DAG(s) 'MI_DAG' retrieved from /opt/airflow/dags/DAG.py
[2024-11-05T16:53:55.087+0000] {logging_mixin.py:188} INFO - [2024-11-05T16:53:55.086+0000] {dag.py:3096} INFO - Sync 1 DAGs
[2024-11-05T16:53:55.106+0000] {logging_mixin.py:188} INFO - [2024-11-05T16:53:55.106+0000] {dag.py:3954} INFO - Setting next_dagrun for MI_DAG to 2024-11-05 09:00:00+00:00, run_after=2024-11-06 09:00:00+00:00
[2024-11-05T16:53:55.123+0000] {processor.py:183} INFO - Processing /opt/airflow/dags/DAG.py took 0.069 seconds
[2024-11-05T16:54:25.250+0000] {processor.py:161} INFO - Started process (PID=1886) to work on /opt/airflow/dags/DAG.py
[2024-11-05T16:54:25.251+0000] {processor.py:830} INFO - Processing file /opt/airflow/dags/DAG.py for tasks to queue
[2024-11-05T16:54:25.252+0000] {logging_mixin.py:188} INFO - [2024-11-05T16:54:25.252+0000] {dagbag.py:540} INFO - Filling up the DagBag from /opt/airflow/dags/DAG.py
[2024-11-05T16:54:25.267+0000] {processor.py:840} INFO - DAG(s) 'MI_DAG' retrieved from /opt/airflow/dags/DAG.py
[2024-11-05T16:54:25.283+0000] {logging_mixin.py:188} INFO - [2024-11-05T16:54:25.283+0000] {dag.py:3096} INFO - Sync 1 DAGs
[2024-11-05T16:54:25.303+0000] {logging_mixin.py:188} INFO - [2024-11-05T16:54:25.302+0000] {dag.py:3954} INFO - Setting next_dagrun for MI_DAG to 2024-11-05 09:00:00+00:00, run_after=2024-11-06 09:00:00+00:00
[2024-11-05T16:54:25.319+0000] {processor.py:183} INFO - Processing /opt/airflow/dags/DAG.py took 0.074 seconds
[2024-11-05T16:54:55.547+0000] {processor.py:161} INFO - Started process (PID=1945) to work on /opt/airflow/dags/DAG.py
[2024-11-05T16:54:55.547+0000] {processor.py:830} INFO - Processing file /opt/airflow/dags/DAG.py for tasks to queue
[2024-11-05T16:54:55.549+0000] {logging_mixin.py:188} INFO - [2024-11-05T16:54:55.548+0000] {dagbag.py:540} INFO - Filling up the DagBag from /opt/airflow/dags/DAG.py
[2024-11-05T16:54:55.560+0000] {processor.py:840} INFO - DAG(s) 'MI_DAG' retrieved from /opt/airflow/dags/DAG.py
[2024-11-05T16:54:55.573+0000] {logging_mixin.py:188} INFO - [2024-11-05T16:54:55.573+0000] {dag.py:3096} INFO - Sync 1 DAGs
[2024-11-05T16:54:55.589+0000] {logging_mixin.py:188} INFO - [2024-11-05T16:54:55.589+0000] {dag.py:3954} INFO - Setting next_dagrun for MI_DAG to 2024-11-05 09:00:00+00:00, run_after=2024-11-06 09:00:00+00:00
[2024-11-05T16:54:55.605+0000] {processor.py:183} INFO - Processing /opt/airflow/dags/DAG.py took 0.062 seconds
[2024-11-05T16:55:25.663+0000] {processor.py:161} INFO - Started process (PID=2004) to work on /opt/airflow/dags/DAG.py
[2024-11-05T16:55:25.664+0000] {processor.py:830} INFO - Processing file /opt/airflow/dags/DAG.py for tasks to queue
[2024-11-05T16:55:25.665+0000] {logging_mixin.py:188} INFO - [2024-11-05T16:55:25.665+0000] {dagbag.py:540} INFO - Filling up the DagBag from /opt/airflow/dags/DAG.py
[2024-11-05T16:55:25.677+0000] {processor.py:840} INFO - DAG(s) 'MI_DAG' retrieved from /opt/airflow/dags/DAG.py
[2024-11-05T16:55:25.690+0000] {logging_mixin.py:188} INFO - [2024-11-05T16:55:25.690+0000] {dag.py:3096} INFO - Sync 1 DAGs
[2024-11-05T16:55:25.706+0000] {logging_mixin.py:188} INFO - [2024-11-05T16:55:25.706+0000] {dag.py:3954} INFO - Setting next_dagrun for MI_DAG to 2024-11-05 09:00:00+00:00, run_after=2024-11-06 09:00:00+00:00
[2024-11-05T16:55:25.721+0000] {processor.py:183} INFO - Processing /opt/airflow/dags/DAG.py took 0.062 seconds
[2024-11-05T16:55:26.696+0000] {processor.py:161} INFO - Started process (PID=2006) to work on /opt/airflow/dags/DAG.py
[2024-11-05T16:55:26.697+0000] {processor.py:830} INFO - Processing file /opt/airflow/dags/DAG.py for tasks to queue
[2024-11-05T16:55:26.698+0000] {logging_mixin.py:188} INFO - [2024-11-05T16:55:26.698+0000] {dagbag.py:540} INFO - Filling up the DagBag from /opt/airflow/dags/DAG.py
[2024-11-05T16:55:26.924+0000] {processor.py:840} INFO - DAG(s) 'ETL_DAG' retrieved from /opt/airflow/dags/DAG.py
[2024-11-05T16:55:26.995+0000] {logging_mixin.py:188} INFO - [2024-11-05T16:55:26.995+0000] {override.py:1829} INFO - Created Permission View: can delete on DAG:ETL_DAG
[2024-11-05T16:55:27.003+0000] {logging_mixin.py:188} INFO - [2024-11-05T16:55:27.002+0000] {override.py:1829} INFO - Created Permission View: can read on DAG:ETL_DAG
[2024-11-05T16:55:27.008+0000] {logging_mixin.py:188} INFO - [2024-11-05T16:55:27.008+0000] {override.py:1829} INFO - Created Permission View: can edit on DAG:ETL_DAG
[2024-11-05T16:55:27.008+0000] {logging_mixin.py:188} INFO - [2024-11-05T16:55:27.008+0000] {dag.py:3096} INFO - Sync 1 DAGs
[2024-11-05T16:55:27.016+0000] {logging_mixin.py:188} INFO - [2024-11-05T16:55:27.015+0000] {dag.py:3118} INFO - Creating ORM DAG for ETL_DAG
[2024-11-05T16:55:27.024+0000] {logging_mixin.py:188} INFO - [2024-11-05T16:55:27.024+0000] {dag.py:3954} INFO - Setting next_dagrun for ETL_DAG to 2024-11-04 00:00:00+00:00, run_after=2024-11-05 00:00:00+00:00
[2024-11-05T16:55:27.038+0000] {processor.py:183} INFO - Processing /opt/airflow/dags/DAG.py took 0.345 seconds
[2024-11-05T16:55:57.204+0000] {processor.py:161} INFO - Started process (PID=2066) to work on /opt/airflow/dags/DAG.py
[2024-11-05T16:55:57.204+0000] {processor.py:830} INFO - Processing file /opt/airflow/dags/DAG.py for tasks to queue
[2024-11-05T16:55:57.206+0000] {logging_mixin.py:188} INFO - [2024-11-05T16:55:57.205+0000] {dagbag.py:540} INFO - Filling up the DagBag from /opt/airflow/dags/DAG.py
[2024-11-05T16:55:57.418+0000] {processor.py:840} INFO - DAG(s) 'ETL_DAG' retrieved from /opt/airflow/dags/DAG.py
[2024-11-05T16:55:57.431+0000] {logging_mixin.py:188} INFO - [2024-11-05T16:55:57.430+0000] {dag.py:3096} INFO - Sync 1 DAGs
[2024-11-05T16:55:57.446+0000] {logging_mixin.py:188} INFO - [2024-11-05T16:55:57.445+0000] {dag.py:3954} INFO - Setting next_dagrun for ETL_DAG to 2024-11-04 00:00:00+00:00, run_after=2024-11-05 00:00:00+00:00
[2024-11-05T16:55:57.458+0000] {processor.py:183} INFO - Processing /opt/airflow/dags/DAG.py took 0.259 seconds
[2024-11-05T16:56:22.418+0000] {processor.py:161} INFO - Started process (PID=2125) to work on /opt/airflow/dags/DAG.py
[2024-11-05T16:56:22.419+0000] {processor.py:830} INFO - Processing file /opt/airflow/dags/DAG.py for tasks to queue
[2024-11-05T16:56:22.420+0000] {logging_mixin.py:188} INFO - [2024-11-05T16:56:22.420+0000] {dagbag.py:540} INFO - Filling up the DagBag from /opt/airflow/dags/DAG.py
[2024-11-05T16:56:22.651+0000] {processor.py:840} INFO - DAG(s) 'ETL_DAG' retrieved from /opt/airflow/dags/DAG.py
[2024-11-05T16:56:22.665+0000] {logging_mixin.py:188} INFO - [2024-11-05T16:56:22.665+0000] {dag.py:3096} INFO - Sync 1 DAGs
[2024-11-05T16:56:22.679+0000] {logging_mixin.py:188} INFO - [2024-11-05T16:56:22.679+0000] {dag.py:3954} INFO - Setting next_dagrun for ETL_DAG to 2024-11-04 00:00:00+00:00, run_after=2024-11-05 00:00:00+00:00
[2024-11-05T16:56:22.693+0000] {processor.py:183} INFO - Processing /opt/airflow/dags/DAG.py took 0.278 seconds
[2024-11-05T16:56:28.774+0000] {processor.py:161} INFO - Started process (PID=2137) to work on /opt/airflow/dags/DAG.py
[2024-11-05T16:56:28.774+0000] {processor.py:830} INFO - Processing file /opt/airflow/dags/DAG.py for tasks to queue
[2024-11-05T16:56:28.776+0000] {logging_mixin.py:188} INFO - [2024-11-05T16:56:28.775+0000] {dagbag.py:540} INFO - Filling up the DagBag from /opt/airflow/dags/DAG.py
[2024-11-05T16:56:29.014+0000] {processor.py:840} INFO - DAG(s) 'ETL_DAG' retrieved from /opt/airflow/dags/DAG.py
[2024-11-05T16:56:29.028+0000] {logging_mixin.py:188} INFO - [2024-11-05T16:56:29.027+0000] {dag.py:3096} INFO - Sync 1 DAGs
[2024-11-05T16:56:29.042+0000] {logging_mixin.py:188} INFO - [2024-11-05T16:56:29.042+0000] {dag.py:3954} INFO - Setting next_dagrun for ETL_DAG to 2024-11-04 00:00:00+00:00, run_after=2024-11-05 00:00:00+00:00
[2024-11-05T16:56:29.057+0000] {processor.py:183} INFO - Processing /opt/airflow/dags/DAG.py took 0.287 seconds
[2024-11-05T16:57:07.498+0000] {processor.py:161} INFO - Started process (PID=50) to work on /opt/airflow/dags/DAG.py
[2024-11-05T16:57:07.499+0000] {processor.py:830} INFO - Processing file /opt/airflow/dags/DAG.py for tasks to queue
[2024-11-05T16:57:07.500+0000] {logging_mixin.py:188} INFO - [2024-11-05T16:57:07.500+0000] {dagbag.py:540} INFO - Filling up the DagBag from /opt/airflow/dags/DAG.py
[2024-11-05T16:57:07.842+0000] {processor.py:840} INFO - DAG(s) 'ETL_DAG' retrieved from /opt/airflow/dags/DAG.py
[2024-11-05T16:57:07.916+0000] {logging_mixin.py:188} INFO - [2024-11-05T16:57:07.916+0000] {dag.py:3096} INFO - Sync 1 DAGs
[2024-11-05T16:57:07.931+0000] {logging_mixin.py:188} INFO - [2024-11-05T16:57:07.930+0000] {dag.py:3954} INFO - Setting next_dagrun for ETL_DAG to 2024-11-04 00:00:00+00:00, run_after=2024-11-05 00:00:00+00:00
[2024-11-05T16:57:07.947+0000] {processor.py:183} INFO - Processing /opt/airflow/dags/DAG.py took 0.452 seconds
[2024-11-05T16:57:38.288+0000] {processor.py:161} INFO - Started process (PID=110) to work on /opt/airflow/dags/DAG.py
[2024-11-05T16:57:38.288+0000] {processor.py:830} INFO - Processing file /opt/airflow/dags/DAG.py for tasks to queue
[2024-11-05T16:57:38.290+0000] {logging_mixin.py:188} INFO - [2024-11-05T16:57:38.289+0000] {dagbag.py:540} INFO - Filling up the DagBag from /opt/airflow/dags/DAG.py
[2024-11-05T16:57:38.646+0000] {processor.py:840} INFO - DAG(s) 'ETL_DAG' retrieved from /opt/airflow/dags/DAG.py
[2024-11-05T16:57:38.658+0000] {logging_mixin.py:188} INFO - [2024-11-05T16:57:38.658+0000] {dag.py:3096} INFO - Sync 1 DAGs
[2024-11-05T16:57:38.682+0000] {processor.py:183} INFO - Processing /opt/airflow/dags/DAG.py took 0.398 seconds
[2024-11-05T16:58:09.039+0000] {processor.py:161} INFO - Started process (PID=170) to work on /opt/airflow/dags/DAG.py
[2024-11-05T16:58:09.040+0000] {processor.py:830} INFO - Processing file /opt/airflow/dags/DAG.py for tasks to queue
[2024-11-05T16:58:09.040+0000] {logging_mixin.py:188} INFO - [2024-11-05T16:58:09.040+0000] {dagbag.py:540} INFO - Filling up the DagBag from /opt/airflow/dags/DAG.py
[2024-11-05T16:58:09.378+0000] {processor.py:840} INFO - DAG(s) 'ETL_DAG' retrieved from /opt/airflow/dags/DAG.py
[2024-11-05T16:58:09.390+0000] {logging_mixin.py:188} INFO - [2024-11-05T16:58:09.389+0000] {dag.py:3096} INFO - Sync 1 DAGs
[2024-11-05T16:58:09.416+0000] {processor.py:183} INFO - Processing /opt/airflow/dags/DAG.py took 0.380 seconds
[2024-11-05T16:58:40.144+0000] {processor.py:161} INFO - Started process (PID=231) to work on /opt/airflow/dags/DAG.py
[2024-11-05T16:58:40.145+0000] {processor.py:830} INFO - Processing file /opt/airflow/dags/DAG.py for tasks to queue
[2024-11-05T16:58:40.145+0000] {logging_mixin.py:188} INFO - [2024-11-05T16:58:40.145+0000] {dagbag.py:540} INFO - Filling up the DagBag from /opt/airflow/dags/DAG.py
[2024-11-05T16:58:40.512+0000] {processor.py:840} INFO - DAG(s) 'ETL_DAG' retrieved from /opt/airflow/dags/DAG.py
[2024-11-05T16:58:40.528+0000] {logging_mixin.py:188} INFO - [2024-11-05T16:58:40.528+0000] {dag.py:3096} INFO - Sync 1 DAGs
[2024-11-05T16:58:40.563+0000] {processor.py:183} INFO - Processing /opt/airflow/dags/DAG.py took 0.422 seconds
[2024-11-05T16:59:10.849+0000] {processor.py:161} INFO - Started process (PID=291) to work on /opt/airflow/dags/DAG.py
[2024-11-05T16:59:10.850+0000] {processor.py:830} INFO - Processing file /opt/airflow/dags/DAG.py for tasks to queue
[2024-11-05T16:59:10.850+0000] {logging_mixin.py:188} INFO - [2024-11-05T16:59:10.850+0000] {dagbag.py:540} INFO - Filling up the DagBag from /opt/airflow/dags/DAG.py
[2024-11-05T16:59:11.208+0000] {processor.py:840} INFO - DAG(s) 'ETL_DAG' retrieved from /opt/airflow/dags/DAG.py
[2024-11-05T16:59:11.219+0000] {logging_mixin.py:188} INFO - [2024-11-05T16:59:11.219+0000] {dag.py:3096} INFO - Sync 1 DAGs
[2024-11-05T16:59:11.247+0000] {processor.py:183} INFO - Processing /opt/airflow/dags/DAG.py took 0.401 seconds
[2024-11-05T16:59:37.416+0000] {processor.py:161} INFO - Started process (PID=350) to work on /opt/airflow/dags/DAG.py
[2024-11-05T16:59:37.416+0000] {processor.py:830} INFO - Processing file /opt/airflow/dags/DAG.py for tasks to queue
[2024-11-05T16:59:37.417+0000] {logging_mixin.py:188} INFO - [2024-11-05T16:59:37.417+0000] {dagbag.py:540} INFO - Filling up the DagBag from /opt/airflow/dags/DAG.py
[2024-11-05T16:59:37.743+0000] {processor.py:840} INFO - DAG(s) 'ETL_DAG' retrieved from /opt/airflow/dags/DAG.py
[2024-11-05T16:59:37.755+0000] {logging_mixin.py:188} INFO - [2024-11-05T16:59:37.755+0000] {dag.py:3096} INFO - Sync 1 DAGs
[2024-11-05T16:59:37.782+0000] {processor.py:183} INFO - Processing /opt/airflow/dags/DAG.py took 0.370 seconds
[2024-11-05T17:00:09.553+0000] {processor.py:161} INFO - Started process (PID=50) to work on /opt/airflow/dags/DAG.py
[2024-11-05T17:00:09.554+0000] {processor.py:830} INFO - Processing file /opt/airflow/dags/DAG.py for tasks to queue
[2024-11-05T17:00:09.555+0000] {logging_mixin.py:188} INFO - [2024-11-05T17:00:09.555+0000] {dagbag.py:540} INFO - Filling up the DagBag from /opt/airflow/dags/DAG.py
[2024-11-05T17:00:09.975+0000] {processor.py:840} INFO - DAG(s) 'ETL_DAG' retrieved from /opt/airflow/dags/DAG.py
[2024-11-05T17:00:10.061+0000] {logging_mixin.py:188} INFO - [2024-11-05T17:00:10.061+0000] {dag.py:3096} INFO - Sync 1 DAGs
[2024-11-05T17:00:10.089+0000] {processor.py:183} INFO - Processing /opt/airflow/dags/DAG.py took 0.540 seconds
[2024-11-05T17:00:40.175+0000] {processor.py:161} INFO - Started process (PID=114) to work on /opt/airflow/dags/DAG.py
[2024-11-05T17:00:40.175+0000] {processor.py:830} INFO - Processing file /opt/airflow/dags/DAG.py for tasks to queue
[2024-11-05T17:00:40.177+0000] {logging_mixin.py:188} INFO - [2024-11-05T17:00:40.176+0000] {dagbag.py:540} INFO - Filling up the DagBag from /opt/airflow/dags/DAG.py
[2024-11-05T17:00:40.554+0000] {processor.py:840} INFO - DAG(s) 'ETL_DAG' retrieved from /opt/airflow/dags/DAG.py
[2024-11-05T17:00:40.567+0000] {logging_mixin.py:188} INFO - [2024-11-05T17:00:40.567+0000] {dag.py:3096} INFO - Sync 1 DAGs
[2024-11-05T17:00:40.596+0000] {processor.py:183} INFO - Processing /opt/airflow/dags/DAG.py took 0.425 seconds
[2024-11-05T17:01:11.279+0000] {processor.py:161} INFO - Started process (PID=174) to work on /opt/airflow/dags/DAG.py
[2024-11-05T17:01:11.279+0000] {processor.py:830} INFO - Processing file /opt/airflow/dags/DAG.py for tasks to queue
[2024-11-05T17:01:11.280+0000] {logging_mixin.py:188} INFO - [2024-11-05T17:01:11.280+0000] {dagbag.py:540} INFO - Filling up the DagBag from /opt/airflow/dags/DAG.py
[2024-11-05T17:01:11.623+0000] {processor.py:840} INFO - DAG(s) 'ETL_DAG' retrieved from /opt/airflow/dags/DAG.py
[2024-11-05T17:01:11.635+0000] {logging_mixin.py:188} INFO - [2024-11-05T17:01:11.635+0000] {dag.py:3096} INFO - Sync 1 DAGs
[2024-11-05T17:01:11.659+0000] {processor.py:183} INFO - Processing /opt/airflow/dags/DAG.py took 0.384 seconds
[2024-11-05T17:01:42.334+0000] {processor.py:161} INFO - Started process (PID=234) to work on /opt/airflow/dags/DAG.py
[2024-11-05T17:01:42.335+0000] {processor.py:830} INFO - Processing file /opt/airflow/dags/DAG.py for tasks to queue
[2024-11-05T17:01:42.336+0000] {logging_mixin.py:188} INFO - [2024-11-05T17:01:42.336+0000] {dagbag.py:540} INFO - Filling up the DagBag from /opt/airflow/dags/DAG.py
[2024-11-05T17:01:42.686+0000] {processor.py:840} INFO - DAG(s) 'ETL_DAG' retrieved from /opt/airflow/dags/DAG.py
[2024-11-05T17:01:42.698+0000] {logging_mixin.py:188} INFO - [2024-11-05T17:01:42.698+0000] {dag.py:3096} INFO - Sync 1 DAGs
[2024-11-05T17:01:42.724+0000] {processor.py:183} INFO - Processing /opt/airflow/dags/DAG.py took 0.394 seconds
[2024-11-05T17:02:12.996+0000] {processor.py:161} INFO - Started process (PID=299) to work on /opt/airflow/dags/DAG.py
[2024-11-05T17:02:12.997+0000] {processor.py:830} INFO - Processing file /opt/airflow/dags/DAG.py for tasks to queue
[2024-11-05T17:02:12.999+0000] {logging_mixin.py:188} INFO - [2024-11-05T17:02:12.998+0000] {dagbag.py:540} INFO - Filling up the DagBag from /opt/airflow/dags/DAG.py
[2024-11-05T17:02:13.378+0000] {processor.py:840} INFO - DAG(s) 'ETL_DAG' retrieved from /opt/airflow/dags/DAG.py
[2024-11-05T17:02:13.392+0000] {logging_mixin.py:188} INFO - [2024-11-05T17:02:13.391+0000] {dag.py:3096} INFO - Sync 1 DAGs
[2024-11-05T17:02:13.420+0000] {processor.py:183} INFO - Processing /opt/airflow/dags/DAG.py took 0.428 seconds
[2024-11-05T17:02:43.471+0000] {processor.py:161} INFO - Started process (PID=354) to work on /opt/airflow/dags/DAG.py
[2024-11-05T17:02:43.472+0000] {processor.py:830} INFO - Processing file /opt/airflow/dags/DAG.py for tasks to queue
[2024-11-05T17:02:43.473+0000] {logging_mixin.py:188} INFO - [2024-11-05T17:02:43.473+0000] {dagbag.py:540} INFO - Filling up the DagBag from /opt/airflow/dags/DAG.py
[2024-11-05T17:02:43.815+0000] {processor.py:840} INFO - DAG(s) 'ETL_DAG' retrieved from /opt/airflow/dags/DAG.py
[2024-11-05T17:02:43.827+0000] {logging_mixin.py:188} INFO - [2024-11-05T17:02:43.826+0000] {dag.py:3096} INFO - Sync 1 DAGs
[2024-11-05T17:02:43.840+0000] {logging_mixin.py:188} INFO - [2024-11-05T17:02:43.840+0000] {dag.py:3954} INFO - Setting next_dagrun for ETL_DAG to 2024-11-05 00:00:00+00:00, run_after=2024-11-06 00:00:00+00:00
[2024-11-05T17:02:43.852+0000] {processor.py:183} INFO - Processing /opt/airflow/dags/DAG.py took 0.385 seconds
[2024-11-05T17:03:14.108+0000] {processor.py:161} INFO - Started process (PID=414) to work on /opt/airflow/dags/DAG.py
[2024-11-05T17:03:14.109+0000] {processor.py:830} INFO - Processing file /opt/airflow/dags/DAG.py for tasks to queue
[2024-11-05T17:03:14.110+0000] {logging_mixin.py:188} INFO - [2024-11-05T17:03:14.109+0000] {dagbag.py:540} INFO - Filling up the DagBag from /opt/airflow/dags/DAG.py
[2024-11-05T17:03:14.472+0000] {processor.py:840} INFO - DAG(s) 'ETL_DAG' retrieved from /opt/airflow/dags/DAG.py
[2024-11-05T17:03:14.483+0000] {logging_mixin.py:188} INFO - [2024-11-05T17:03:14.483+0000] {dag.py:3096} INFO - Sync 1 DAGs
[2024-11-05T17:03:14.496+0000] {logging_mixin.py:188} INFO - [2024-11-05T17:03:14.496+0000] {dag.py:3954} INFO - Setting next_dagrun for ETL_DAG to 2024-11-05 00:00:00+00:00, run_after=2024-11-06 00:00:00+00:00
[2024-11-05T17:03:14.511+0000] {processor.py:183} INFO - Processing /opt/airflow/dags/DAG.py took 0.407 seconds
[2024-11-05T17:03:44.550+0000] {processor.py:161} INFO - Started process (PID=480) to work on /opt/airflow/dags/DAG.py
[2024-11-05T17:03:44.551+0000] {processor.py:830} INFO - Processing file /opt/airflow/dags/DAG.py for tasks to queue
[2024-11-05T17:03:44.552+0000] {logging_mixin.py:188} INFO - [2024-11-05T17:03:44.552+0000] {dagbag.py:540} INFO - Filling up the DagBag from /opt/airflow/dags/DAG.py
[2024-11-05T17:03:44.882+0000] {processor.py:840} INFO - DAG(s) 'ETL_DAG' retrieved from /opt/airflow/dags/DAG.py
[2024-11-05T17:03:44.894+0000] {logging_mixin.py:188} INFO - [2024-11-05T17:03:44.894+0000] {dag.py:3096} INFO - Sync 1 DAGs
[2024-11-05T17:03:44.909+0000] {logging_mixin.py:188} INFO - [2024-11-05T17:03:44.909+0000] {dag.py:3954} INFO - Setting next_dagrun for ETL_DAG to 2024-11-05 00:00:00+00:00, run_after=2024-11-06 00:00:00+00:00
[2024-11-05T17:03:44.925+0000] {processor.py:183} INFO - Processing /opt/airflow/dags/DAG.py took 0.378 seconds
[2024-11-05T17:04:15.172+0000] {processor.py:161} INFO - Started process (PID=540) to work on /opt/airflow/dags/DAG.py
[2024-11-05T17:04:15.173+0000] {processor.py:830} INFO - Processing file /opt/airflow/dags/DAG.py for tasks to queue
[2024-11-05T17:04:15.174+0000] {logging_mixin.py:188} INFO - [2024-11-05T17:04:15.174+0000] {dagbag.py:540} INFO - Filling up the DagBag from /opt/airflow/dags/DAG.py
[2024-11-05T17:04:15.507+0000] {processor.py:840} INFO - DAG(s) 'ETL_DAG' retrieved from /opt/airflow/dags/DAG.py
[2024-11-05T17:04:15.518+0000] {logging_mixin.py:188} INFO - [2024-11-05T17:04:15.518+0000] {dag.py:3096} INFO - Sync 1 DAGs
[2024-11-05T17:04:15.531+0000] {logging_mixin.py:188} INFO - [2024-11-05T17:04:15.531+0000] {dag.py:3954} INFO - Setting next_dagrun for ETL_DAG to 2024-11-05 00:00:00+00:00, run_after=2024-11-06 00:00:00+00:00
[2024-11-05T17:04:15.544+0000] {processor.py:183} INFO - Processing /opt/airflow/dags/DAG.py took 0.375 seconds
[2024-11-05T17:04:45.746+0000] {processor.py:161} INFO - Started process (PID=600) to work on /opt/airflow/dags/DAG.py
[2024-11-05T17:04:45.747+0000] {processor.py:830} INFO - Processing file /opt/airflow/dags/DAG.py for tasks to queue
[2024-11-05T17:04:45.748+0000] {logging_mixin.py:188} INFO - [2024-11-05T17:04:45.748+0000] {dagbag.py:540} INFO - Filling up the DagBag from /opt/airflow/dags/DAG.py
[2024-11-05T17:04:46.091+0000] {processor.py:840} INFO - DAG(s) 'ETL_DAG' retrieved from /opt/airflow/dags/DAG.py
[2024-11-05T17:04:46.104+0000] {logging_mixin.py:188} INFO - [2024-11-05T17:04:46.104+0000] {dag.py:3096} INFO - Sync 1 DAGs
[2024-11-05T17:04:46.119+0000] {logging_mixin.py:188} INFO - [2024-11-05T17:04:46.119+0000] {dag.py:3954} INFO - Setting next_dagrun for ETL_DAG to 2024-11-05 00:00:00+00:00, run_after=2024-11-06 00:00:00+00:00
[2024-11-05T17:04:46.131+0000] {processor.py:183} INFO - Processing /opt/airflow/dags/DAG.py took 0.388 seconds
