[2024-11-14T14:39:09.845+0000] {local_task_job_runner.py:120} INFO - ::group::Pre task execution logs
[2024-11-14T14:39:09.863+0000] {taskinstance.py:2073} INFO - Dependencies all met for dep_context=non-requeueable deps ti=<TaskInstance: ETL_DAG.resta manual__2024-11-14T14:39:05.275979+00:00 [queued]>
[2024-11-14T14:39:09.869+0000] {taskinstance.py:2073} INFO - Dependencies all met for dep_context=requeueable deps ti=<TaskInstance: ETL_DAG.resta manual__2024-11-14T14:39:05.275979+00:00 [queued]>
[2024-11-14T14:39:09.869+0000] {taskinstance.py:2303} INFO - Starting attempt 1 of 2
[2024-11-14T14:39:09.899+0000] {taskinstance.py:2327} INFO - Executing <Task(PythonOperator): resta> on 2024-11-14 14:39:05.275979+00:00
[2024-11-14T14:39:09.906+0000] {warnings.py:110} WARNING - /home/***/.local/lib/python3.12/site-packages/***/task/task_runner/standard_task_runner.py:61: DeprecationWarning: This process (pid=59) is multi-threaded, use of fork() may lead to deadlocks in the child.
  pid = os.fork()

[2024-11-14T14:39:09.908+0000] {standard_task_runner.py:63} INFO - Started process 67 to run task
[2024-11-14T14:39:09.907+0000] {standard_task_runner.py:90} INFO - Running: ['***', 'tasks', 'run', 'ETL_DAG', 'resta', 'manual__2024-11-14T14:39:05.275979+00:00', '--job-id', '120', '--raw', '--subdir', 'DAGS_FOLDER/DAG.py', '--cfg-path', '/tmp/tmp6tq7d4co']
[2024-11-14T14:39:09.908+0000] {standard_task_runner.py:91} INFO - Job 120: Subtask resta
[2024-11-14T14:39:09.948+0000] {task_command.py:426} INFO - Running <TaskInstance: ETL_DAG.resta manual__2024-11-14T14:39:05.275979+00:00 [running]> on host 84411076f847
[2024-11-14T14:39:10.018+0000] {taskinstance.py:2644} INFO - Exporting env vars: AIRFLOW_CTX_DAG_OWNER='***' AIRFLOW_CTX_DAG_ID='ETL_DAG' AIRFLOW_CTX_TASK_ID='resta' AIRFLOW_CTX_EXECUTION_DATE='2024-11-14T14:39:05.275979+00:00' AIRFLOW_CTX_TRY_NUMBER='1' AIRFLOW_CTX_DAG_RUN_ID='manual__2024-11-14T14:39:05.275979+00:00'
[2024-11-14T14:39:10.019+0000] {taskinstance.py:430} INFO - ::endgroup::
[2024-11-14T14:39:10.020+0000] {DAG.py:34} INFO - La resta de 8 y 4 es: 4
[2024-11-14T14:39:10.020+0000] {python.py:237} INFO - Done. Returned value was: 4
[2024-11-14T14:39:10.020+0000] {taskinstance.py:441} INFO - ::group::Post task execution logs
[2024-11-14T14:39:10.037+0000] {taskinstance.py:1205} INFO - Marking task as SUCCESS. dag_id=ETL_DAG, task_id=resta, execution_date=20241114T143905, start_date=20241114T143909, end_date=20241114T143910
[2024-11-14T14:39:10.081+0000] {local_task_job_runner.py:240} INFO - Task exited with return code 0
[2024-11-14T14:39:10.108+0000] {taskinstance.py:3482} INFO - 0 downstream tasks scheduled from follow-on schedule check
[2024-11-14T14:39:10.112+0000] {local_task_job_runner.py:222} INFO - ::endgroup::
