[2024-11-14T14:19:54.107+0000] {local_task_job_runner.py:120} INFO - ::group::Pre task execution logs
[2024-11-14T14:19:54.123+0000] {taskinstance.py:2073} INFO - Dependencies all met for dep_context=non-requeueable deps ti=<TaskInstance: ETL_DAG.first_task scheduled__2024-11-13T00:00:00+00:00 [queued]>
[2024-11-14T14:19:54.129+0000] {taskinstance.py:2073} INFO - Dependencies all met for dep_context=requeueable deps ti=<TaskInstance: ETL_DAG.first_task scheduled__2024-11-13T00:00:00+00:00 [queued]>
[2024-11-14T14:19:54.129+0000] {taskinstance.py:2303} INFO - Starting attempt 1 of 2
[2024-11-14T14:19:54.138+0000] {taskinstance.py:2327} INFO - Executing <Task(PythonOperator): first_task> on 2024-11-13 00:00:00+00:00
[2024-11-14T14:19:54.144+0000] {warnings.py:110} WARNING - /home/***/.local/lib/python3.12/site-packages/***/task/task_runner/standard_task_runner.py:61: DeprecationWarning: This process (pid=56) is multi-threaded, use of fork() may lead to deadlocks in the child.
  pid = os.fork()

[2024-11-14T14:19:54.145+0000] {standard_task_runner.py:63} INFO - Started process 58 to run task
[2024-11-14T14:19:54.145+0000] {standard_task_runner.py:90} INFO - Running: ['***', 'tasks', 'run', 'ETL_DAG', 'first_task', 'scheduled__2024-11-13T00:00:00+00:00', '--job-id', '111', '--raw', '--subdir', 'DAGS_FOLDER/DAG.py', '--cfg-path', '/tmp/tmpyfrnetvx']
[2024-11-14T14:19:54.145+0000] {standard_task_runner.py:91} INFO - Job 111: Subtask first_task
[2024-11-14T14:19:54.179+0000] {task_command.py:426} INFO - Running <TaskInstance: ETL_DAG.first_task scheduled__2024-11-13T00:00:00+00:00 [running]> on host 983025ea3a0f
[2024-11-14T14:19:54.237+0000] {taskinstance.py:2644} INFO - Exporting env vars: AIRFLOW_CTX_DAG_OWNER='***' AIRFLOW_CTX_DAG_ID='ETL_DAG' AIRFLOW_CTX_TASK_ID='first_task' AIRFLOW_CTX_EXECUTION_DATE='2024-11-13T00:00:00+00:00' AIRFLOW_CTX_TRY_NUMBER='1' AIRFLOW_CTX_DAG_RUN_ID='scheduled__2024-11-13T00:00:00+00:00'
[2024-11-14T14:19:54.238+0000] {taskinstance.py:430} INFO - ::endgroup::
[2024-11-14T14:19:54.239+0000] {logging_mixin.py:188} INFO - Hola Mundo
[2024-11-14T14:19:54.239+0000] {python.py:237} INFO - Done. Returned value was: None
[2024-11-14T14:19:54.239+0000] {taskinstance.py:441} INFO - ::group::Post task execution logs
[2024-11-14T14:19:54.245+0000] {taskinstance.py:1205} INFO - Marking task as SUCCESS. dag_id=ETL_DAG, task_id=first_task, execution_date=20241113T000000, start_date=20241114T141954, end_date=20241114T141954
[2024-11-14T14:19:54.278+0000] {local_task_job_runner.py:240} INFO - Task exited with return code 0
[2024-11-14T14:19:54.291+0000] {taskinstance.py:3482} INFO - 0 downstream tasks scheduled from follow-on schedule check
[2024-11-14T14:19:54.293+0000] {local_task_job_runner.py:222} INFO - ::endgroup::
